[ 2018-09-16T16:03:19+08:00 ] 192.168.56.2 /
INFO: [ app_init ] --START--
INFO: Run Behavior\BuildLiteBehavior [ RunTime:0.000058s ]
INFO: [ app_init ] --END-- [ RunTime:0.002647s ]
INFO: [ app_begin ] --START--
INFO: Run Behavior\ReadHtmlCacheBehavior [ RunTime:0.003031s ]
INFO: [ app_begin ] --END-- [ RunTime:0.003348s ]
ERR: SQLSTATE[HY000] [2002] Connection refused

[ 2018-09-16T16:03:19+08:00 ] 192.168.56.2 /favicon.ico
INFO: [ app_init ] --START--
INFO: Run Behavior\BuildLiteBehavior [ RunTime:0.000086s ]
INFO: [ app_init ] --END-- [ RunTime:0.000664s ]
INFO: [ app_begin ] --START--
INFO: Run Behavior\ReadHtmlCacheBehavior [ RunTime:0.001062s ]
INFO: [ app_begin ] --END-- [ RunTime:0.001583s ]
ERR: SQLSTATE[HY000] [2002] Connection refused

[ 2018-09-16T16:03:50+08:00 ] 192.168.56.2 /
INFO: [ app_init ] --START--
INFO: Run Behavior\BuildLiteBehavior [ RunTime:0.000058s ]
INFO: [ app_init ] --END-- [ RunTime:0.000898s ]
INFO: [ app_begin ] --START--
INFO: Run Behavior\ReadHtmlCacheBehavior [ RunTime:0.001366s ]
INFO: [ app_begin ] --END-- [ RunTime:0.001740s ]
SQL: SHOW COLUMNS FROM `dd_config` [ RunTime:0.0057s ]
SQL: SELECT * FROM `dd_config`  [ RunTime:0.0016s ]
NOTIC: [8] Undefined index: user_id /app/wwwroot/saleWechat/App/Home/Controller/HomeController.class.php 第 20 行.

[ 2018-09-16T16:04:01+08:00 ] 192.168.56.2 /?user_id=10001
INFO: [ app_init ] --START--
INFO: Run Behavior\BuildLiteBehavior [ RunTime:0.000062s ]
INFO: [ app_init ] --END-- [ RunTime:0.001703s ]
INFO: [ app_begin ] --START--
INFO: Run Behavior\ReadHtmlCacheBehavior [ RunTime:0.002058s ]
INFO: [ app_begin ] --END-- [ RunTime:0.002610s ]
SQL: SHOW COLUMNS FROM `dd_config` [ RunTime:0.0008s ]
SQL: SELECT * FROM `dd_config`  [ RunTime:0.0003s ]
SQL: SHOW COLUMNS FROM `dd_user` [ RunTime:0.0023s ]
SQL: SELECT * FROM `dd_user` WHERE `id` = 10001 LIMIT 1   [ RunTime:0.0010s ]
SQL: SELECT * FROM `dd_user` WHERE `id` = 10001 LIMIT 1   [ RunTime:0.0005s ]
SQL: SHOW COLUMNS FROM `dd_product` [ RunTime:0.0066s ]
SQL: SELECT * FROM `dd_product` ORDER BY id desc LIMIT 10   [ RunTime:0.0010s ]
SQL: SHOW COLUMNS FROM `dd_product_cate` [ RunTime:0.0022s ]
SQL: SELECT * FROM `dd_product_cate` WHERE ( pid=0 )  [ RunTime:0.0008s ]
INFO: [ view_parse ] --START--
INFO: [ template_filter ] --START--
INFO: Run Behavior\ContentReplaceBehavior [ RunTime:0.000146s ]
INFO: [ template_filter ] --END-- [ RunTime:0.000451s ]
INFO: Run Behavior\ParseTemplateBehavior [ RunTime:0.071116s ]
INFO: [ view_parse ] --END-- [ RunTime:0.071451s ]
INFO: [ view_filter ] --START--
INFO: Run Behavior\WriteHtmlCacheBehavior [ RunTime:0.006414s ]
INFO: [ view_filter ] --END-- [ RunTime:0.010440s ]
INFO: [ app_end ] --START--
INFO: Run Behavior\ShowPageTraceBehavior [ RunTime:0.005328s ]
INFO: [ app_end ] --END-- [ RunTime:0.005631s ]

[ 2018-09-16T16:04:01+08:00 ] 192.168.56.2 /index.php?m=&c=Index&a=data
INFO: [ app_init ] --START--
INFO: Run Behavior\BuildLiteBehavior [ RunTime:0.000085s ]
INFO: [ app_init ] --END-- [ RunTime:0.001089s ]
INFO: [ app_begin ] --START--
INFO: Run Behavior\ReadHtmlCacheBehavior [ RunTime:0.001186s ]
INFO: [ app_begin ] --END-- [ RunTime:0.001697s ]
SQL: SHOW COLUMNS FROM `dd_config` [ RunTime:0.0016s ]
SQL: SELECT * FROM `dd_config`  [ RunTime:0.0005s ]
NOTIC: [8] Undefined index: user_id /app/wwwroot/saleWechat/App/Home/Controller/HomeController.class.php 第 20 行.
SQL: SHOW COLUMNS FROM `dd_user` [ RunTime:0.0013s ]
SQL: SELECT * FROM `dd_user` WHERE `id` = 10001 LIMIT 1   [ RunTime:0.0006s ]
SQL: SHOW COLUMNS FROM `dd_data` [ RunTime:0.0024s ]
SQL: SELECT * FROM `dd_data` WHERE ( date=20180915 ) LIMIT 1   [ RunTime:0.0005s ]
SQL: SHOW COLUMNS FROM `dd_order` [ RunTime:0.0022s ]
NOTIC: [8] Undefined offset: 1 /app/wwwroot/saleWechat/#ThinkPHP/Library/Think/Db/Driver.class.php 第 572 行.
SQL: SELECT COUNT(*) AS tp_count FROM `dd_order` WHERE `create_time` BETWEEN '1536940800 and 1537027200' AND null LIMIT 1   [ RunTime:0.0012s ]
NOTIC: [8] Undefined offset: 1 /app/wwwroot/saleWechat/#ThinkPHP/Library/Think/Db/Driver.class.php 第 572 行.
SQL: SELECT SUM(total) AS tp_sum FROM `dd_order` WHERE `create_time` BETWEEN '1536940800 and 1537027200' AND null LIMIT 1   [ RunTime:0.0006s ]
NOTIC: [8] Undefined offset: 1 /app/wwwroot/saleWechat/#ThinkPHP/Library/Think/Db/Driver.class.php 第 572 行.
SQL: SELECT SUM(wxpay) AS tp_sum FROM `dd_order` WHERE `create_time` BETWEEN '1536940800 and 1537027200' AND null LIMIT 1   [ RunTime:0.0005s ]
SQL: SELECT COUNT(*) AS tp_count FROM `dd_user` WHERE ( sub_time between 1536940800 and 1537027200 ) LIMIT 1   [ RunTime:0.0005s ]
SQL: INSERT INTO `dd_data` (`orders`,`total`,`wxpay`,`subs`,`date`) VALUES ('0',NULL,NULL,'0','20180915') [ RunTime:0.0011s ]
INFO: [ app_end ] --START--
INFO: Run Behavior\ShowPageTraceBehavior [ RunTime:0.001172s ]
INFO: [ app_end ] --END-- [ RunTime:0.001689s ]

[ 2018-09-16T16:09:59+08:00 ] 192.168.56.2 /?user_id=10001
INFO: [ app_init ] --START--
INFO: Run Behavior\BuildLiteBehavior [ RunTime:0.000058s ]
INFO: [ app_init ] --END-- [ RunTime:0.001916s ]
INFO: [ app_begin ] --START--
INFO: Run Behavior\ReadHtmlCacheBehavior [ RunTime:0.002728s ]
INFO: [ app_begin ] --END-- [ RunTime:0.003047s ]
SQL: SHOW COLUMNS FROM `dd_config` [ RunTime:0.0006s ]
SQL: SELECT * FROM `dd_config`  [ RunTime:0.0003s ]
SQL: SHOW COLUMNS FROM `dd_user` [ RunTime:0.0009s ]
SQL: SELECT * FROM `dd_user` WHERE `id` = 10001 LIMIT 1   [ RunTime:0.0008s ]
SQL: SELECT * FROM `dd_user` WHERE `id` = 10001 LIMIT 1   [ RunTime:0.0004s ]
SQL: SHOW COLUMNS FROM `dd_product` [ RunTime:0.0009s ]
SQL: SELECT * FROM `dd_product` ORDER BY id desc LIMIT 10   [ RunTime:0.0006s ]
SQL: SHOW COLUMNS FROM `dd_product_cate` [ RunTime:0.0007s ]
SQL: SELECT * FROM `dd_product_cate` WHERE ( pid=0 )  [ RunTime:0.0004s ]
INFO: [ view_parse ] --START--
INFO: [ template_filter ] --START--
INFO: Run Behavior\ContentReplaceBehavior [ RunTime:0.000232s ]
INFO: [ template_filter ] --END-- [ RunTime:0.000682s ]
INFO: Run Behavior\ParseTemplateBehavior [ RunTime:0.073398s ]
INFO: [ view_parse ] --END-- [ RunTime:0.073879s ]
INFO: [ view_filter ] --START--
INFO: Run Behavior\WriteHtmlCacheBehavior [ RunTime:0.002959s ]
INFO: [ view_filter ] --END-- [ RunTime:0.003276s ]
INFO: [ app_end ] --START--
INFO: Run Behavior\ShowPageTraceBehavior [ RunTime:0.002886s ]
INFO: [ app_end ] --END-- [ RunTime:0.003276s ]

[ 2018-09-16T16:09:59+08:00 ] 192.168.56.2 /index.php?m=&c=Index&a=data
INFO: [ app_init ] --START--
INFO: Run Behavior\BuildLiteBehavior [ RunTime:0.000114s ]
INFO: [ app_init ] --END-- [ RunTime:0.000736s ]
INFO: [ app_begin ] --START--
INFO: Run Behavior\ReadHtmlCacheBehavior [ RunTime:0.001295s ]
INFO: [ app_begin ] --END-- [ RunTime:0.002210s ]
SQL: SHOW COLUMNS FROM `dd_config` [ RunTime:0.0010s ]
SQL: SELECT * FROM `dd_config`  [ RunTime:0.0010s ]
NOTIC: [8] Undefined index: user_id /app/wwwroot/saleWechat/App/Home/Controller/HomeController.class.php 第 20 行.
SQL: SHOW COLUMNS FROM `dd_user` [ RunTime:0.0015s ]
SQL: SELECT * FROM `dd_user` WHERE `id` = 10001 LIMIT 1   [ RunTime:0.0005s ]
SQL: SHOW COLUMNS FROM `dd_data` [ RunTime:0.0008s ]
SQL: SELECT * FROM `dd_data` WHERE ( date=20180915 ) LIMIT 1   [ RunTime:0.0003s ]

[ 2018-09-16T16:10:01+08:00 ] 192.168.56.2 /?user_id=10001
INFO: [ app_init ] --START--
INFO: Run Behavior\BuildLiteBehavior [ RunTime:0.000110s ]
INFO: [ app_init ] --END-- [ RunTime:0.000573s ]
INFO: [ app_begin ] --START--
INFO: Run Behavior\ReadHtmlCacheBehavior [ RunTime:0.000657s ]
INFO: [ app_begin ] --END-- [ RunTime:0.001075s ]
SQL: SHOW COLUMNS FROM `dd_config` [ RunTime:0.0005s ]
SQL: SELECT * FROM `dd_config`  [ RunTime:0.0002s ]
SQL: SHOW COLUMNS FROM `dd_user` [ RunTime:0.0012s ]
SQL: SELECT * FROM `dd_user` WHERE `id` = 10001 LIMIT 1   [ RunTime:0.0005s ]
SQL: SELECT * FROM `dd_user` WHERE `id` = 10001 LIMIT 1   [ RunTime:0.0003s ]
SQL: SHOW COLUMNS FROM `dd_product` [ RunTime:0.0009s ]
SQL: SELECT * FROM `dd_product` ORDER BY id desc LIMIT 10   [ RunTime:0.0009s ]
SQL: SHOW COLUMNS FROM `dd_product_cate` [ RunTime:0.0009s ]
SQL: SELECT * FROM `dd_product_cate` WHERE ( pid=0 )  [ RunTime:0.0005s ]
INFO: [ view_parse ] --START--
INFO: [ template_filter ] --START--
INFO: Run Behavior\ContentReplaceBehavior [ RunTime:0.000304s ]
INFO: [ template_filter ] --END-- [ RunTime:0.001083s ]
INFO: Run Behavior\ParseTemplateBehavior [ RunTime:0.065828s ]
INFO: [ view_parse ] --END-- [ RunTime:0.066172s ]
INFO: [ view_filter ] --START--
INFO: Run Behavior\WriteHtmlCacheBehavior [ RunTime:0.001564s ]
INFO: [ view_filter ] --END-- [ RunTime:0.001904s ]
INFO: [ app_end ] --START--
INFO: Run Behavior\ShowPageTraceBehavior [ RunTime:0.000890s ]
INFO: [ app_end ] --END-- [ RunTime:0.001216s ]

[ 2018-09-16T16:10:01+08:00 ] 192.168.56.2 /index.php?m=&c=Index&a=data
INFO: [ app_init ] --START--
INFO: Run Behavior\BuildLiteBehavior [ RunTime:0.000087s ]
INFO: [ app_init ] --END-- [ RunTime:0.000659s ]
INFO: [ app_begin ] --START--
INFO: Run Behavior\ReadHtmlCacheBehavior [ RunTime:0.001781s ]
INFO: [ app_begin ] --END-- [ RunTime:0.002471s ]
SQL: SHOW COLUMNS FROM `dd_config` [ RunTime:0.0007s ]
SQL: SELECT * FROM `dd_config`  [ RunTime:0.0004s ]
NOTIC: [8] Undefined index: user_id /app/wwwroot/saleWechat/App/Home/Controller/HomeController.class.php 第 20 行.
SQL: SHOW COLUMNS FROM `dd_user` [ RunTime:0.0009s ]
SQL: SELECT * FROM `dd_user` WHERE `id` = 10001 LIMIT 1   [ RunTime:0.0007s ]
SQL: SHOW COLUMNS FROM `dd_data` [ RunTime:0.0010s ]
SQL: SELECT * FROM `dd_data` WHERE ( date=20180915 ) LIMIT 1   [ RunTime:0.0005s ]

[ 2018-09-16T16:10:01+08:00 ] 192.168.56.2 /?user_id=10001
INFO: [ app_init ] --START--
INFO: Run Behavior\BuildLiteBehavior [ RunTime:0.000066s ]
INFO: [ app_init ] --END-- [ RunTime:0.000487s ]
INFO: [ app_begin ] --START--
INFO: Run Behavior\ReadHtmlCacheBehavior [ RunTime:0.001255s ]
INFO: [ app_begin ] --END-- [ RunTime:0.001866s ]
SQL: SHOW COLUMNS FROM `dd_config` [ RunTime:0.0008s ]
SQL: SELECT * FROM `dd_config`  [ RunTime:0.0004s ]
SQL: SHOW COLUMNS FROM `dd_user` [ RunTime:0.0010s ]
SQL: SELECT * FROM `dd_user` WHERE `id` = 10001 LIMIT 1   [ RunTime:0.0005s ]
SQL: SELECT * FROM `dd_user` WHERE `id` = 10001 LIMIT 1   [ RunTime:0.0005s ]
SQL: SHOW COLUMNS FROM `dd_product` [ RunTime:0.0011s ]
SQL: SELECT * FROM `dd_product` ORDER BY id desc LIMIT 10   [ RunTime:0.0007s ]
SQL: SHOW COLUMNS FROM `dd_product_cate` [ RunTime:0.0010s ]
SQL: SELECT * FROM `dd_product_cate` WHERE ( pid=0 )  [ RunTime:0.0005s ]
INFO: [ view_parse ] --START--
INFO: [ template_filter ] --START--
INFO: Run Behavior\ContentReplaceBehavior [ RunTime:0.000232s ]
INFO: [ template_filter ] --END-- [ RunTime:0.000647s ]
INFO: Run Behavior\ParseTemplateBehavior [ RunTime:0.077013s ]
INFO: [ view_parse ] --END-- [ RunTime:0.077757s ]
INFO: [ view_filter ] --START--
INFO: Run Behavior\WriteHtmlCacheBehavior [ RunTime:0.001286s ]
INFO: [ view_filter ] --END-- [ RunTime:0.001648s ]
INFO: [ app_end ] --START--
INFO: Run Behavior\ShowPageTraceBehavior [ RunTime:0.001546s ]
INFO: [ app_end ] --END-- [ RunTime:0.001933s ]

[ 2018-09-16T16:10:01+08:00 ] 192.168.56.2 /index.php?m=&c=Index&a=data
INFO: [ app_init ] --START--
INFO: Run Behavior\BuildLiteBehavior [ RunTime:0.000092s ]
INFO: [ app_init ] --END-- [ RunTime:0.000773s ]
INFO: [ app_begin ] --START--
INFO: Run Behavior\ReadHtmlCacheBehavior [ RunTime:0.000873s ]
INFO: [ app_begin ] --END-- [ RunTime:0.001445s ]
SQL: SHOW COLUMNS FROM `dd_config` [ RunTime:0.0006s ]
SQL: SELECT * FROM `dd_config`  [ RunTime:0.0005s ]
NOTIC: [8] Undefined index: user_id /app/wwwroot/saleWechat/App/Home/Controller/HomeController.class.php 第 20 行.
SQL: SHOW COLUMNS FROM `dd_user` [ RunTime:0.0007s ]
SQL: SELECT * FROM `dd_user` WHERE `id` = 10001 LIMIT 1   [ RunTime:0.0008s ]
SQL: SHOW COLUMNS FROM `dd_data` [ RunTime:0.0009s ]
SQL: SELECT * FROM `dd_data` WHERE ( date=20180915 ) LIMIT 1   [ RunTime:0.0003s ]

[ 2018-09-16T16:10:20+08:00 ] 192.168.56.2 /?user_id=10001
INFO: [ app_init ] --START--
INFO: Run Behavior\BuildLiteBehavior [ RunTime:0.000057s ]
INFO: [ app_init ] --END-- [ RunTime:0.001131s ]
INFO: [ app_begin ] --START--
INFO: Run Behavior\ReadHtmlCacheBehavior [ RunTime:0.001124s ]
INFO: [ app_begin ] --END-- [ RunTime:0.001416s ]
SQL: SHOW COLUMNS FROM `dd_config` [ RunTime:0.0007s ]
SQL: SELECT * FROM `dd_config`  [ RunTime:0.0004s ]
SQL: SHOW COLUMNS FROM `dd_user` [ RunTime:0.0009s ]
SQL: SELECT * FROM `dd_user` WHERE `id` = 10001 LIMIT 1   [ RunTime:0.0003s ]
SQL: SELECT * FROM `dd_user` WHERE `id` = 10001 LIMIT 1   [ RunTime:0.0004s ]
SQL: SHOW COLUMNS FROM `dd_product` [ RunTime:0.0005s ]
SQL: SELECT * FROM `dd_product` ORDER BY id desc LIMIT 10   [ RunTime:0.0004s ]
SQL: SHOW COLUMNS FROM `dd_product_cate` [ RunTime:0.0008s ]
SQL: SELECT * FROM `dd_product_cate` WHERE ( pid=0 )  [ RunTime:0.0004s ]

[ 2018-09-16T16:11:57+08:00 ] 192.168.56.2 /?user_id=10001
INFO: [ app_init ] --START--
INFO: Run Behavior\BuildLiteBehavior [ RunTime:0.000059s ]
INFO: [ app_init ] --END-- [ RunTime:0.001251s ]
INFO: [ app_begin ] --START--
INFO: Run Behavior\ReadHtmlCacheBehavior [ RunTime:0.002213s ]
INFO: [ app_begin ] --END-- [ RunTime:0.002509s ]
SQL: SHOW COLUMNS FROM `dd_config` [ RunTime:0.0010s ]
SQL: SELECT * FROM `dd_config`  [ RunTime:0.0003s ]
SQL: SHOW COLUMNS FROM `dd_user` [ RunTime:0.0010s ]
SQL: SELECT * FROM `dd_user` WHERE `id` = 10001 LIMIT 1   [ RunTime:0.0005s ]
SQL: SELECT * FROM `dd_user` WHERE `id` = 10001 LIMIT 1   [ RunTime:0.0005s ]
SQL: SHOW COLUMNS FROM `dd_product` [ RunTime:0.0006s ]
SQL: SELECT * FROM `dd_product` ORDER BY id desc LIMIT 10   [ RunTime:0.0006s ]
SQL: SHOW COLUMNS FROM `dd_product_cate` [ RunTime:0.0010s ]
SQL: SELECT * FROM `dd_product_cate` WHERE ( pid=0 )  [ RunTime:0.0005s ]

[ 2018-09-16T16:12:15+08:00 ] 192.168.56.2 /?user_id=10001
INFO: [ app_init ] --START--
INFO: Run Behavior\BuildLiteBehavior [ RunTime:0.000056s ]
INFO: [ app_init ] --END-- [ RunTime:0.001214s ]
INFO: [ app_begin ] --START--
INFO: Run Behavior\ReadHtmlCacheBehavior [ RunTime:0.002782s ]
INFO: [ app_begin ] --END-- [ RunTime:0.003122s ]
SQL: SHOW COLUMNS FROM `dd_config` [ RunTime:0.0005s ]
SQL: SELECT * FROM `dd_config`  [ RunTime:0.0002s ]
SQL: SHOW COLUMNS FROM `dd_user` [ RunTime:0.0006s ]
SQL: SELECT * FROM `dd_user` WHERE `id` = 10001 LIMIT 1   [ RunTime:0.0002s ]
SQL: SELECT * FROM `dd_user` WHERE `id` = 10001 LIMIT 1   [ RunTime:0.0005s ]
SQL: SHOW COLUMNS FROM `dd_product` [ RunTime:0.0010s ]
SQL: SELECT * FROM `dd_product` ORDER BY id desc LIMIT 10   [ RunTime:0.0005s ]
SQL: SHOW COLUMNS FROM `dd_product_cate` [ RunTime:0.0007s ]
SQL: SELECT * FROM `dd_product_cate` WHERE ( pid=0 )  [ RunTime:0.0003s ]
INFO: [ view_parse ] --START--
INFO: [ template_filter ] --START--
INFO: Run Behavior\ContentReplaceBehavior [ RunTime:0.000192s ]
INFO: [ template_filter ] --END-- [ RunTime:0.000647s ]
INFO: Run Behavior\ParseTemplateBehavior [ RunTime:0.071012s ]
INFO: [ view_parse ] --END-- [ RunTime:0.071427s ]
INFO: [ view_filter ] --START--
INFO: Run Behavior\WriteHtmlCacheBehavior [ RunTime:0.004037s ]
INFO: [ view_filter ] --END-- [ RunTime:0.004371s ]
INFO: [ app_end ] --START--
INFO: Run Behavior\ShowPageTraceBehavior [ RunTime:0.003523s ]
INFO: [ app_end ] --END-- [ RunTime:0.004091s ]

[ 2018-09-16T16:12:16+08:00 ] 192.168.56.2 /index.php?m=&c=Index&a=data
INFO: [ app_init ] --START--
INFO: Run Behavior\BuildLiteBehavior [ RunTime:0.000135s ]
INFO: [ app_init ] --END-- [ RunTime:0.000675s ]
INFO: [ app_begin ] --START--
INFO: Run Behavior\ReadHtmlCacheBehavior [ RunTime:0.001143s ]
INFO: [ app_begin ] --END-- [ RunTime:0.001662s ]
SQL: SHOW COLUMNS FROM `dd_config` [ RunTime:0.0012s ]
SQL: SELECT * FROM `dd_config`  [ RunTime:0.0004s ]
NOTIC: [8] Undefined index: user_id /app/wwwroot/saleWechat/App/Home/Controller/HomeController.class.php 第 20 行.
SQL: SHOW COLUMNS FROM `dd_user` [ RunTime:0.0008s ]
SQL: SELECT * FROM `dd_user` WHERE `id` = 10001 LIMIT 1   [ RunTime:0.0005s ]
SQL: SHOW COLUMNS FROM `dd_data` [ RunTime:0.0009s ]
SQL: SELECT * FROM `dd_data` WHERE ( date=20180915 ) LIMIT 1   [ RunTime:0.0004s ]

