[ 2018-09-14T20:48:47+08:00 ] 192.168.56.2 /
INFO: [ app_init ] --START--
INFO: Run Behavior\BuildLiteBehavior [ RunTime:0.000057s ]
INFO: [ app_init ] --END-- [ RunTime:0.003679s ]
INFO: [ app_begin ] --START--
INFO: Run Behavior\ReadHtmlCacheBehavior [ RunTime:0.003482s ]
INFO: [ app_begin ] --END-- [ RunTime:0.003779s ]
ERR: SQLSTATE[HY000] [2002] Connection refused

[ 2018-09-14T20:48:47+08:00 ] 192.168.56.2 /favicon.ico
INFO: [ app_init ] --START--
INFO: Run Behavior\BuildLiteBehavior [ RunTime:0.000139s ]
INFO: [ app_init ] --END-- [ RunTime:0.001697s ]
INFO: [ app_begin ] --START--
INFO: Run Behavior\ReadHtmlCacheBehavior [ RunTime:0.001088s ]
INFO: [ app_begin ] --END-- [ RunTime:0.001400s ]
ERR: SQLSTATE[HY000] [2002] Connection refused

[ 2018-09-14T21:00:51+08:00 ] 192.168.56.2 /
INFO: [ app_init ] --START--
INFO: Run Behavior\BuildLiteBehavior [ RunTime:0.000056s ]
INFO: [ app_init ] --END-- [ RunTime:0.001627s ]
INFO: [ app_begin ] --START--
INFO: Run Behavior\ReadHtmlCacheBehavior [ RunTime:0.001430s ]
INFO: [ app_begin ] --END-- [ RunTime:0.001714s ]
ERR: SQLSTATE[HY000] [2002] Connection refused

[ 2018-09-14T21:16:02+08:00 ] 192.168.56.2 /
INFO: [ app_init ] --START--
INFO: Run Behavior\BuildLiteBehavior [ RunTime:0.000061s ]
INFO: [ app_init ] --END-- [ RunTime:0.002289s ]
INFO: [ app_begin ] --START--
INFO: Run Behavior\ReadHtmlCacheBehavior [ RunTime:0.001456s ]
INFO: [ app_begin ] --END-- [ RunTime:0.001760s ]
ERR: SQLSTATE[HY000] [2002] Connection refused

[ 2018-09-14T21:16:35+08:00 ] 192.168.56.2 /
INFO: [ app_init ] --START--
INFO: Run Behavior\BuildLiteBehavior [ RunTime:0.000059s ]
INFO: [ app_init ] --END-- [ RunTime:0.001349s ]
INFO: [ app_begin ] --START--
INFO: Run Behavior\ReadHtmlCacheBehavior [ RunTime:0.001377s ]
INFO: [ app_begin ] --END-- [ RunTime:0.001657s ]
SQL: SHOW COLUMNS FROM `dd_config` [ RunTime:0.0079s ]
SQL: SELECT * FROM `dd_config`  [ RunTime:0.0011s ]
NOTIC: [8] Undefined index: user_id /app/wwwroot/saleWechat/App/Home/Controller/HomeController.class.php 第 20 行.

[ 2018-09-14T21:19:03+08:00 ] 192.168.56.2 /?user_id=1
INFO: [ app_init ] --START--
INFO: Run Behavior\BuildLiteBehavior [ RunTime:0.000054s ]
INFO: [ app_init ] --END-- [ RunTime:0.001248s ]
INFO: [ app_begin ] --START--
INFO: Run Behavior\ReadHtmlCacheBehavior [ RunTime:0.001462s ]
INFO: [ app_begin ] --END-- [ RunTime:0.001768s ]
SQL: SHOW COLUMNS FROM `dd_config` [ RunTime:0.0006s ]
SQL: SELECT * FROM `dd_config`  [ RunTime:0.0004s ]
SQL: SHOW COLUMNS FROM `dd_user` [ RunTime:0.0162s ]
SQL: SELECT * FROM `dd_user` WHERE `id` = 1 LIMIT 1   [ RunTime:0.0004s ]

[ 2018-09-14T21:20:24+08:00 ] 192.168.56.2 /?user_id=10001
INFO: [ app_init ] --START--
INFO: Run Behavior\BuildLiteBehavior [ RunTime:0.000098s ]
INFO: [ app_init ] --END-- [ RunTime:0.001884s ]
INFO: [ app_begin ] --START--
INFO: Run Behavior\ReadHtmlCacheBehavior [ RunTime:0.002586s ]
INFO: [ app_begin ] --END-- [ RunTime:0.003081s ]
SQL: SHOW COLUMNS FROM `dd_config` [ RunTime:0.0007s ]
SQL: SELECT * FROM `dd_config`  [ RunTime:0.0004s ]
SQL: SHOW COLUMNS FROM `dd_user` [ RunTime:0.0016s ]
SQL: SELECT * FROM `dd_user` WHERE `id` = 10001 LIMIT 1   [ RunTime:0.0004s ]
SQL: SELECT * FROM `dd_user` WHERE `id` = 10001 LIMIT 1   [ RunTime:0.0003s ]
SQL: SHOW COLUMNS FROM `dd_product` [ RunTime:0.0016s ]
SQL: SELECT * FROM `dd_product` ORDER BY id desc LIMIT 10   [ RunTime:0.0015s ]
SQL: SHOW COLUMNS FROM `dd_product_cate` [ RunTime:0.0018s ]
SQL: SELECT * FROM `dd_product_cate` WHERE ( pid=0 )  [ RunTime:0.0007s ]
INFO: [ view_parse ] --START--
INFO: [ template_filter ] --START--
INFO: Run Behavior\ContentReplaceBehavior [ RunTime:0.000143s ]
INFO: [ template_filter ] --END-- [ RunTime:0.000423s ]
INFO: Run Behavior\ParseTemplateBehavior [ RunTime:0.059654s ]
INFO: [ view_parse ] --END-- [ RunTime:0.060008s ]
INFO: [ view_filter ] --START--
INFO: Run Behavior\WriteHtmlCacheBehavior [ RunTime:0.002837s ]
INFO: [ view_filter ] --END-- [ RunTime:0.003116s ]
INFO: [ app_end ] --START--
INFO: Run Behavior\ShowPageTraceBehavior [ RunTime:0.003637s ]
INFO: [ app_end ] --END-- [ RunTime:0.003921s ]

[ 2018-09-14T21:20:24+08:00 ] 192.168.56.2 /index.php?m=&c=Index&a=data
INFO: [ app_init ] --START--
INFO: Run Behavior\BuildLiteBehavior [ RunTime:0.000084s ]
INFO: [ app_init ] --END-- [ RunTime:0.000659s ]
INFO: [ app_begin ] --START--
INFO: Run Behavior\ReadHtmlCacheBehavior [ RunTime:0.001010s ]
INFO: [ app_begin ] --END-- [ RunTime:0.001532s ]
SQL: SHOW COLUMNS FROM `dd_config` [ RunTime:0.0009s ]
SQL: SELECT * FROM `dd_config`  [ RunTime:0.0006s ]
NOTIC: [8] Undefined index: user_id /app/wwwroot/saleWechat/App/Home/Controller/HomeController.class.php 第 20 行.
SQL: SHOW COLUMNS FROM `dd_user` [ RunTime:0.0011s ]
SQL: SELECT * FROM `dd_user` WHERE `id` = 10001 LIMIT 1   [ RunTime:0.0005s ]
SQL: SHOW COLUMNS FROM `dd_data` [ RunTime:0.0019s ]
SQL: SELECT * FROM `dd_data` WHERE ( date=20180913 ) LIMIT 1   [ RunTime:0.0005s ]
SQL: SHOW COLUMNS FROM `dd_order` [ RunTime:0.0024s ]
NOTIC: [8] Undefined offset: 1 /app/wwwroot/saleWechat/#ThinkPHP/Library/Think/Db/Driver.class.php 第 572 行.
SQL: SELECT COUNT(*) AS tp_count FROM `dd_order` WHERE `create_time` BETWEEN '1536768000 and 1536854400' AND null LIMIT 1   [ RunTime:0.0010s ]
NOTIC: [8] Undefined offset: 1 /app/wwwroot/saleWechat/#ThinkPHP/Library/Think/Db/Driver.class.php 第 572 行.
SQL: SELECT SUM(total) AS tp_sum FROM `dd_order` WHERE `create_time` BETWEEN '1536768000 and 1536854400' AND null LIMIT 1   [ RunTime:0.0005s ]
NOTIC: [8] Undefined offset: 1 /app/wwwroot/saleWechat/#ThinkPHP/Library/Think/Db/Driver.class.php 第 572 行.
SQL: SELECT SUM(wxpay) AS tp_sum FROM `dd_order` WHERE `create_time` BETWEEN '1536768000 and 1536854400' AND null LIMIT 1   [ RunTime:0.0005s ]
SQL: SELECT COUNT(*) AS tp_count FROM `dd_user` WHERE ( sub_time between 1536768000 and 1536854400 ) LIMIT 1   [ RunTime:0.0007s ]
SQL: INSERT INTO `dd_data` (`orders`,`total`,`wxpay`,`subs`,`date`) VALUES ('0',NULL,NULL,'0','20180913') [ RunTime:0.0011s ]
INFO: [ app_end ] --START--
INFO: Run Behavior\ShowPageTraceBehavior [ RunTime:0.001042s ]
INFO: [ app_end ] --END-- [ RunTime:0.001482s ]

[ 2018-09-14T21:20:34+08:00 ] 192.168.56.2 /index.php?m=&c=Index&a=all&cate_id=2
INFO: [ app_init ] --START--
INFO: Run Behavior\BuildLiteBehavior [ RunTime:0.000061s ]
INFO: [ app_init ] --END-- [ RunTime:0.001241s ]
INFO: [ app_begin ] --START--
INFO: Run Behavior\ReadHtmlCacheBehavior [ RunTime:0.001870s ]
INFO: [ app_begin ] --END-- [ RunTime:0.002208s ]
SQL: SHOW COLUMNS FROM `dd_config` [ RunTime:0.0006s ]
SQL: SELECT * FROM `dd_config`  [ RunTime:0.0002s ]
NOTIC: [8] Undefined index: user_id /app/wwwroot/saleWechat/App/Home/Controller/HomeController.class.php 第 20 行.
SQL: SHOW COLUMNS FROM `dd_user` [ RunTime:0.0006s ]
SQL: SELECT * FROM `dd_user` WHERE `id` = 10001 LIMIT 1   [ RunTime:0.0003s ]
NOTIC: [8] Undefined index: order /app/wwwroot/saleWechat/App/Home/Controller/IndexController.class.php 第 49 行.
SQL: SHOW COLUMNS FROM `dd_product_cate` [ RunTime:0.0005s ]
SQL: SELECT * FROM `dd_product_cate`  [ RunTime:0.0002s ]
SQL: SHOW COLUMNS FROM `dd_product` [ RunTime:0.0006s ]
SQL: SELECT COUNT(*) AS tp_count FROM `dd_product` WHERE `cate_id` = 2 LIMIT 1   [ RunTime:0.0003s ]
NOTIC: [8] Undefined variable: order /app/wwwroot/saleWechat/App/Home/Controller/IndexController.class.php 第 84 行.
SQL: SELECT * FROM `dd_product` WHERE `cate_id` = 2 LIMIT 0,20   [ RunTime:0.0004s ]
INFO: [ view_parse ] --START--
INFO: [ template_filter ] --START--
INFO: Run Behavior\ContentReplaceBehavior [ RunTime:0.000164s ]
INFO: [ template_filter ] --END-- [ RunTime:0.000525s ]
NOTIC: [8] Undefined index: order /app/wwwroot/saleWechat/App/Runtime/Cache/Home/9939e87c8f23ea85d801904df70bb145.php 第 76 行.
NOTIC: [8] Undefined index: order /app/wwwroot/saleWechat/App/Runtime/Cache/Home/9939e87c8f23ea85d801904df70bb145.php 第 77 行.
NOTIC: [8] Undefined index: order /app/wwwroot/saleWechat/App/Runtime/Cache/Home/9939e87c8f23ea85d801904df70bb145.php 第 78 行.
NOTIC: [8] Undefined index: order /app/wwwroot/saleWechat/App/Runtime/Cache/Home/9939e87c8f23ea85d801904df70bb145.php 第 80 行.
NOTIC: [8] Undefined index: order /app/wwwroot/saleWechat/App/Runtime/Cache/Home/9939e87c8f23ea85d801904df70bb145.php 第 83 行.
NOTIC: [8] Undefined index: order /app/wwwroot/saleWechat/App/Runtime/Cache/Home/9939e87c8f23ea85d801904df70bb145.php 第 84 行.
NOTIC: [8] Undefined index: order /app/wwwroot/saleWechat/App/Runtime/Cache/Home/9939e87c8f23ea85d801904df70bb145.php 第 86 行.
INFO: Run Behavior\ParseTemplateBehavior [ RunTime:0.045168s ]
INFO: [ view_parse ] --END-- [ RunTime:0.045459s ]
INFO: [ view_filter ] --START--
INFO: Run Behavior\WriteHtmlCacheBehavior [ RunTime:0.002117s ]
INFO: [ view_filter ] --END-- [ RunTime:0.002405s ]
INFO: [ app_end ] --START--
INFO: Run Behavior\ShowPageTraceBehavior [ RunTime:0.002093s ]
INFO: [ app_end ] --END-- [ RunTime:0.002560s ]

[ 2018-09-14T21:20:34+08:00 ] 192.168.56.2 /index.php?m=&c=Index&a=data
INFO: [ app_init ] --START--
INFO: Run Behavior\BuildLiteBehavior [ RunTime:0.000078s ]
INFO: [ app_init ] --END-- [ RunTime:0.000585s ]
INFO: [ app_begin ] --START--
INFO: Run Behavior\ReadHtmlCacheBehavior [ RunTime:0.000948s ]
INFO: [ app_begin ] --END-- [ RunTime:0.001438s ]
SQL: SHOW COLUMNS FROM `dd_config` [ RunTime:0.0012s ]
SQL: SELECT * FROM `dd_config`  [ RunTime:0.0006s ]
NOTIC: [8] Undefined index: user_id /app/wwwroot/saleWechat/App/Home/Controller/HomeController.class.php 第 20 行.
SQL: SHOW COLUMNS FROM `dd_user` [ RunTime:0.0023s ]
SQL: SELECT * FROM `dd_user` WHERE `id` = 10001 LIMIT 1   [ RunTime:0.0006s ]
SQL: SHOW COLUMNS FROM `dd_data` [ RunTime:0.0011s ]
SQL: SELECT * FROM `dd_data` WHERE ( date=20180913 ) LIMIT 1   [ RunTime:0.0007s ]

[ 2018-09-14T21:20:39+08:00 ] 192.168.56.2 /index.php?m=&c=Index&a=product&id=2
INFO: [ app_init ] --START--
INFO: Run Behavior\BuildLiteBehavior [ RunTime:0.000055s ]
INFO: [ app_init ] --END-- [ RunTime:0.000814s ]
INFO: [ app_begin ] --START--
INFO: Run Behavior\ReadHtmlCacheBehavior [ RunTime:0.001130s ]
INFO: [ app_begin ] --END-- [ RunTime:0.001473s ]
SQL: SHOW COLUMNS FROM `dd_config` [ RunTime:0.0005s ]
SQL: SELECT * FROM `dd_config`  [ RunTime:0.0002s ]
NOTIC: [8] Undefined index: user_id /app/wwwroot/saleWechat/App/Home/Controller/HomeController.class.php 第 20 行.
SQL: SHOW COLUMNS FROM `dd_user` [ RunTime:0.0007s ]
SQL: SELECT * FROM `dd_user` WHERE `id` = 10001 LIMIT 1   [ RunTime:0.0004s ]
SQL: SHOW COLUMNS FROM `dd_product` [ RunTime:0.0007s ]
SQL: SELECT * FROM `dd_product` WHERE `id` = 2 LIMIT 1   [ RunTime:0.0003s ]
INFO: [ view_parse ] --START--
INFO: [ template_filter ] --START--
INFO: Run Behavior\ContentReplaceBehavior [ RunTime:0.000136s ]
INFO: [ template_filter ] --END-- [ RunTime:0.000420s ]
INFO: Run Behavior\ParseTemplateBehavior [ RunTime:0.035417s ]
INFO: [ view_parse ] --END-- [ RunTime:0.035706s ]
INFO: [ view_filter ] --START--
INFO: Run Behavior\WriteHtmlCacheBehavior [ RunTime:0.001423s ]
INFO: [ view_filter ] --END-- [ RunTime:0.001701s ]
INFO: [ app_end ] --START--
INFO: Run Behavior\ShowPageTraceBehavior [ RunTime:0.001370s ]
INFO: [ app_end ] --END-- [ RunTime:0.002492s ]

[ 2018-09-14T21:20:50+08:00 ] 192.168.56.2 /index.php?m=&c=Index&a=all&cate_id=2
INFO: [ app_init ] --START--
INFO: Run Behavior\BuildLiteBehavior [ RunTime:0.000055s ]
INFO: [ app_init ] --END-- [ RunTime:0.000997s ]
INFO: [ app_begin ] --START--
INFO: Run Behavior\ReadHtmlCacheBehavior [ RunTime:0.000982s ]
INFO: [ app_begin ] --END-- [ RunTime:0.001264s ]
SQL: SHOW COLUMNS FROM `dd_config` [ RunTime:0.0006s ]
SQL: SELECT * FROM `dd_config`  [ RunTime:0.0003s ]
NOTIC: [8] Undefined index: user_id /app/wwwroot/saleWechat/App/Home/Controller/HomeController.class.php 第 20 行.
SQL: SHOW COLUMNS FROM `dd_user` [ RunTime:0.0009s ]
SQL: SELECT * FROM `dd_user` WHERE `id` = 10001 LIMIT 1   [ RunTime:0.0004s ]
NOTIC: [8] Undefined index: order /app/wwwroot/saleWechat/App/Home/Controller/IndexController.class.php 第 49 行.
SQL: SHOW COLUMNS FROM `dd_product_cate` [ RunTime:0.0009s ]
SQL: SELECT * FROM `dd_product_cate`  [ RunTime:0.0004s ]
SQL: SHOW COLUMNS FROM `dd_product` [ RunTime:0.0007s ]
SQL: SELECT COUNT(*) AS tp_count FROM `dd_product` WHERE `cate_id` = 2 LIMIT 1   [ RunTime:0.0004s ]
NOTIC: [8] Undefined variable: order /app/wwwroot/saleWechat/App/Home/Controller/IndexController.class.php 第 84 行.
SQL: SELECT * FROM `dd_product` WHERE `cate_id` = 2 LIMIT 0,20   [ RunTime:0.0004s ]
INFO: [ view_parse ] --START--
INFO: [ template_filter ] --START--
INFO: Run Behavior\ContentReplaceBehavior [ RunTime:0.000134s ]
INFO: [ template_filter ] --END-- [ RunTime:0.000462s ]
NOTIC: [8] Undefined index: order /app/wwwroot/saleWechat/App/Runtime/Cache/Home/9939e87c8f23ea85d801904df70bb145.php 第 76 行.
NOTIC: [8] Undefined index: order /app/wwwroot/saleWechat/App/Runtime/Cache/Home/9939e87c8f23ea85d801904df70bb145.php 第 77 行.
NOTIC: [8] Undefined index: order /app/wwwroot/saleWechat/App/Runtime/Cache/Home/9939e87c8f23ea85d801904df70bb145.php 第 78 行.
NOTIC: [8] Undefined index: order /app/wwwroot/saleWechat/App/Runtime/Cache/Home/9939e87c8f23ea85d801904df70bb145.php 第 80 行.
NOTIC: [8] Undefined index: order /app/wwwroot/saleWechat/App/Runtime/Cache/Home/9939e87c8f23ea85d801904df70bb145.php 第 83 行.
NOTIC: [8] Undefined index: order /app/wwwroot/saleWechat/App/Runtime/Cache/Home/9939e87c8f23ea85d801904df70bb145.php 第 84 行.
NOTIC: [8] Undefined index: order /app/wwwroot/saleWechat/App/Runtime/Cache/Home/9939e87c8f23ea85d801904df70bb145.php 第 86 行.
INFO: Run Behavior\ParseTemplateBehavior [ RunTime:0.063518s ]
INFO: [ view_parse ] --END-- [ RunTime:0.063819s ]
INFO: [ view_filter ] --START--
INFO: Run Behavior\WriteHtmlCacheBehavior [ RunTime:0.002070s ]
INFO: [ view_filter ] --END-- [ RunTime:0.002347s ]
INFO: [ app_end ] --START--
INFO: Run Behavior\ShowPageTraceBehavior [ RunTime:0.001733s ]
INFO: [ app_end ] --END-- [ RunTime:0.002013s ]

[ 2018-09-14T21:20:50+08:00 ] 192.168.56.2 /index.php?m=&c=Index&a=data
INFO: [ app_init ] --START--
INFO: Run Behavior\BuildLiteBehavior [ RunTime:0.000103s ]
INFO: [ app_init ] --END-- [ RunTime:0.000984s ]
INFO: [ app_begin ] --START--
INFO: Run Behavior\ReadHtmlCacheBehavior [ RunTime:0.001235s ]
INFO: [ app_begin ] --END-- [ RunTime:0.001754s ]
SQL: SHOW COLUMNS FROM `dd_config` [ RunTime:0.0009s ]
SQL: SELECT * FROM `dd_config`  [ RunTime:0.0005s ]
NOTIC: [8] Undefined index: user_id /app/wwwroot/saleWechat/App/Home/Controller/HomeController.class.php 第 20 行.
SQL: SHOW COLUMNS FROM `dd_user` [ RunTime:0.0011s ]
SQL: SELECT * FROM `dd_user` WHERE `id` = 10001 LIMIT 1   [ RunTime:0.0004s ]
SQL: SHOW COLUMNS FROM `dd_data` [ RunTime:0.0010s ]
SQL: SELECT * FROM `dd_data` WHERE ( date=20180913 ) LIMIT 1   [ RunTime:0.0011s ]

[ 2018-09-14T21:20:52+08:00 ] 192.168.56.2 /?user_id=10001
INFO: [ app_init ] --START--
INFO: Run Behavior\BuildLiteBehavior [ RunTime:0.000051s ]
INFO: [ app_init ] --END-- [ RunTime:0.000383s ]
INFO: [ app_begin ] --START--
INFO: Run Behavior\ReadHtmlCacheBehavior [ RunTime:0.000989s ]
INFO: [ app_begin ] --END-- [ RunTime:0.001265s ]
SQL: SHOW COLUMNS FROM `dd_config` [ RunTime:0.0011s ]
SQL: SELECT * FROM `dd_config`  [ RunTime:0.0003s ]
SQL: SHOW COLUMNS FROM `dd_user` [ RunTime:0.0007s ]
SQL: SELECT * FROM `dd_user` WHERE `id` = 10001 LIMIT 1   [ RunTime:0.0003s ]
SQL: SELECT * FROM `dd_user` WHERE `id` = 10001 LIMIT 1   [ RunTime:0.0002s ]
SQL: SHOW COLUMNS FROM `dd_product` [ RunTime:0.0006s ]
SQL: SELECT * FROM `dd_product` ORDER BY id desc LIMIT 10   [ RunTime:0.0003s ]
SQL: SHOW COLUMNS FROM `dd_product_cate` [ RunTime:0.0005s ]
SQL: SELECT * FROM `dd_product_cate` WHERE ( pid=0 )  [ RunTime:0.0002s ]
INFO: [ view_parse ] --START--
INFO: [ template_filter ] --START--
INFO: Run Behavior\ContentReplaceBehavior [ RunTime:0.000143s ]
INFO: [ template_filter ] --END-- [ RunTime:0.000469s ]
INFO: Run Behavior\ParseTemplateBehavior [ RunTime:0.045112s ]
INFO: [ view_parse ] --END-- [ RunTime:0.045481s ]
INFO: [ view_filter ] --START--
INFO: Run Behavior\WriteHtmlCacheBehavior [ RunTime:0.000859s ]
INFO: [ view_filter ] --END-- [ RunTime:0.001201s ]
INFO: [ app_end ] --START--
INFO: Run Behavior\ShowPageTraceBehavior [ RunTime:0.000809s ]
INFO: [ app_end ] --END-- [ RunTime:0.001091s ]

[ 2018-09-14T21:20:53+08:00 ] 192.168.56.2 /index.php?m=&c=Index&a=data
INFO: [ app_init ] --START--
INFO: Run Behavior\BuildLiteBehavior [ RunTime:0.000097s ]
INFO: [ app_init ] --END-- [ RunTime:0.002048s ]
INFO: [ app_begin ] --START--
INFO: Run Behavior\ReadHtmlCacheBehavior [ RunTime:0.002526s ]
INFO: [ app_begin ] --END-- [ RunTime:0.003091s ]
SQL: SHOW COLUMNS FROM `dd_config` [ RunTime:0.0009s ]
SQL: SELECT * FROM `dd_config`  [ RunTime:0.0005s ]
NOTIC: [8] Undefined index: user_id /app/wwwroot/saleWechat/App/Home/Controller/HomeController.class.php 第 20 行.
SQL: SHOW COLUMNS FROM `dd_user` [ RunTime:0.0010s ]
SQL: SELECT * FROM `dd_user` WHERE `id` = 10001 LIMIT 1   [ RunTime:0.0006s ]
SQL: SHOW COLUMNS FROM `dd_data` [ RunTime:0.0009s ]
SQL: SELECT * FROM `dd_data` WHERE ( date=20180913 ) LIMIT 1   [ RunTime:0.0005s ]

[ 2018-09-14T21:21:14+08:00 ] 192.168.56.2 /index.php?m=&c=Index&a=ucenter
INFO: [ app_init ] --START--
INFO: Run Behavior\BuildLiteBehavior [ RunTime:0.000054s ]
INFO: [ app_init ] --END-- [ RunTime:0.000815s ]
INFO: [ app_begin ] --START--
INFO: Run Behavior\ReadHtmlCacheBehavior [ RunTime:0.000954s ]
INFO: [ app_begin ] --END-- [ RunTime:0.001234s ]
SQL: SHOW COLUMNS FROM `dd_config` [ RunTime:0.0006s ]
SQL: SELECT * FROM `dd_config`  [ RunTime:0.0003s ]
NOTIC: [8] Undefined index: user_id /app/wwwroot/saleWechat/App/Home/Controller/HomeController.class.php 第 20 行.
SQL: SHOW COLUMNS FROM `dd_user` [ RunTime:0.0006s ]
SQL: SELECT * FROM `dd_user` WHERE `id` = 10001 LIMIT 1   [ RunTime:0.0003s ]
NOTIC: [8] Undefined index: config /app/wwwroot/saleWechat/App/Common/Common/function.php 第 62 行.
NOTIC: [2] Invalid argument supplied for foreach() /app/wwwroot/saleWechat/App/Common/Common/function.php 第 62 行.
NOTIC: [8] Undefined offset: 0 /app/wwwroot/saleWechat/App/Home/Controller/IndexController.class.php 第 514 行.
NOTIC: [8] Undefined index: expense_total /app/wwwroot/saleWechat/App/Home/Controller/IndexController.class.php 第 517 行.
SQL: SELECT COUNT(*) AS tp_count FROM `dd_user` LIMIT 1   [ RunTime:0.0002s ]
SQL: SHOW COLUMNS FROM `dd_separate_log` [ RunTime:0.0042s ]
SQL: SELECT SUM(money) AS tp_sum FROM `dd_separate_log` WHERE ( status>0 and user_id=10001 ) LIMIT 1   [ RunTime:0.0003s ]
SQL: SHOW COLUMNS FROM `dd_notice` [ RunTime:0.0016s ]
SQL: SELECT * FROM `dd_notice` ORDER BY id desc LIMIT 1   [ RunTime:0.0002s ]
INFO: [ view_parse ] --START--
INFO: [ template_filter ] --START--
INFO: Run Behavior\ContentReplaceBehavior [ RunTime:0.000156s ]
INFO: [ template_filter ] --END-- [ RunTime:0.000443s ]
NOTIC: [8] Undefined variable: parent_name /app/wwwroot/saleWechat/App/Runtime/Cache/Home/64868670aeff078696ce29fac1d25b57.php 第 40 行.
INFO: Run Behavior\ParseTemplateBehavior [ RunTime:0.041435s ]
INFO: [ view_parse ] --END-- [ RunTime:0.041819s ]
INFO: [ view_filter ] --START--
INFO: Run Behavior\WriteHtmlCacheBehavior [ RunTime:0.001794s ]
INFO: [ view_filter ] --END-- [ RunTime:0.002081s ]
INFO: [ app_end ] --START--
INFO: Run Behavior\ShowPageTraceBehavior [ RunTime:0.001821s ]
INFO: [ app_end ] --END-- [ RunTime:0.002142s ]

[ 2018-09-14T21:21:14+08:00 ] 192.168.56.2 /index.php?m=&c=Index&a=data
INFO: [ app_init ] --START--
INFO: Run Behavior\BuildLiteBehavior [ RunTime:0.000106s ]
INFO: [ app_init ] --END-- [ RunTime:0.000865s ]
INFO: [ app_begin ] --START--
INFO: Run Behavior\ReadHtmlCacheBehavior [ RunTime:0.001059s ]
INFO: [ app_begin ] --END-- [ RunTime:0.001575s ]
SQL: SHOW COLUMNS FROM `dd_config` [ RunTime:0.0011s ]
SQL: SELECT * FROM `dd_config`  [ RunTime:0.0010s ]
NOTIC: [8] Undefined index: user_id /app/wwwroot/saleWechat/App/Home/Controller/HomeController.class.php 第 20 行.
SQL: SHOW COLUMNS FROM `dd_user` [ RunTime:0.0023s ]
SQL: SELECT * FROM `dd_user` WHERE `id` = 10001 LIMIT 1   [ RunTime:0.0020s ]
SQL: SHOW COLUMNS FROM `dd_data` [ RunTime:0.0011s ]
SQL: SELECT * FROM `dd_data` WHERE ( date=20180913 ) LIMIT 1   [ RunTime:0.0004s ]

[ 2018-09-14T21:21:23+08:00 ] 192.168.56.2 /index.php?m=&c=Index&a=separate
INFO: [ app_init ] --START--
INFO: Run Behavior\BuildLiteBehavior [ RunTime:0.000086s ]
INFO: [ app_init ] --END-- [ RunTime:0.001221s ]
INFO: [ app_begin ] --START--
INFO: Run Behavior\ReadHtmlCacheBehavior [ RunTime:0.001417s ]
INFO: [ app_begin ] --END-- [ RunTime:0.002076s ]
SQL: SHOW COLUMNS FROM `dd_config` [ RunTime:0.0005s ]
SQL: SELECT * FROM `dd_config`  [ RunTime:0.0003s ]
NOTIC: [8] Undefined index: user_id /app/wwwroot/saleWechat/App/Home/Controller/HomeController.class.php 第 20 行.
SQL: SHOW COLUMNS FROM `dd_user` [ RunTime:0.0010s ]
SQL: SELECT * FROM `dd_user` WHERE `id` = 10001 LIMIT 1   [ RunTime:0.0005s ]
SQL: SHOW COLUMNS FROM `dd_separate_log` [ RunTime:0.0014s ]
SQL: SELECT COUNT(*) AS tp_count FROM `dd_separate_log` WHERE `user_id` = 10001 LIMIT 1   [ RunTime:0.0004s ]
SQL: SELECT * FROM `dd_separate_log` WHERE `user_id` = 10001 ORDER BY id desc LIMIT 0,20   [ RunTime:0.0003s ]
INFO: [ view_parse ] --START--
INFO: [ template_filter ] --START--
INFO: Run Behavior\ContentReplaceBehavior [ RunTime:0.000243s ]
INFO: [ template_filter ] --END-- [ RunTime:0.000762s ]
INFO: Run Behavior\ParseTemplateBehavior [ RunTime:0.032207s ]
INFO: [ view_parse ] --END-- [ RunTime:0.032519s ]
INFO: [ view_filter ] --START--
INFO: Run Behavior\WriteHtmlCacheBehavior [ RunTime:0.001096s ]
INFO: [ view_filter ] --END-- [ RunTime:0.001402s ]
INFO: [ app_end ] --START--
INFO: Run Behavior\ShowPageTraceBehavior [ RunTime:0.001503s ]
INFO: [ app_end ] --END-- [ RunTime:0.001814s ]

[ 2018-09-14T21:21:23+08:00 ] 192.168.56.2 /index.php?m=&c=Index&a=data
INFO: [ app_init ] --START--
INFO: Run Behavior\BuildLiteBehavior [ RunTime:0.000076s ]
INFO: [ app_init ] --END-- [ RunTime:0.000585s ]
INFO: [ app_begin ] --START--
INFO: Run Behavior\ReadHtmlCacheBehavior [ RunTime:0.001304s ]
INFO: [ app_begin ] --END-- [ RunTime:0.001870s ]
SQL: SHOW COLUMNS FROM `dd_config` [ RunTime:0.0010s ]
SQL: SELECT * FROM `dd_config`  [ RunTime:0.0005s ]
NOTIC: [8] Undefined index: user_id /app/wwwroot/saleWechat/App/Home/Controller/HomeController.class.php 第 20 行.
SQL: SHOW COLUMNS FROM `dd_user` [ RunTime:0.0015s ]
SQL: SELECT * FROM `dd_user` WHERE `id` = 10001 LIMIT 1   [ RunTime:0.0006s ]
SQL: SHOW COLUMNS FROM `dd_data` [ RunTime:0.0009s ]
SQL: SELECT * FROM `dd_data` WHERE ( date=20180913 ) LIMIT 1   [ RunTime:0.0007s ]

[ 2018-09-14T21:21:25+08:00 ] 192.168.56.2 /index.php?m=&c=Index&a=ucenter
INFO: [ app_init ] --START--
INFO: Run Behavior\BuildLiteBehavior [ RunTime:0.000082s ]
INFO: [ app_init ] --END-- [ RunTime:0.000598s ]
INFO: [ app_begin ] --START--
INFO: Run Behavior\ReadHtmlCacheBehavior [ RunTime:0.001018s ]
INFO: [ app_begin ] --END-- [ RunTime:0.001309s ]
SQL: SHOW COLUMNS FROM `dd_config` [ RunTime:0.0008s ]
SQL: SELECT * FROM `dd_config`  [ RunTime:0.0004s ]
NOTIC: [8] Undefined index: user_id /app/wwwroot/saleWechat/App/Home/Controller/HomeController.class.php 第 20 行.
SQL: SHOW COLUMNS FROM `dd_user` [ RunTime:0.0007s ]
SQL: SELECT * FROM `dd_user` WHERE `id` = 10001 LIMIT 1   [ RunTime:0.0004s ]
NOTIC: [8] Undefined index: config /app/wwwroot/saleWechat/App/Common/Common/function.php 第 62 行.
NOTIC: [2] Invalid argument supplied for foreach() /app/wwwroot/saleWechat/App/Common/Common/function.php 第 62 行.
NOTIC: [8] Undefined offset: 0 /app/wwwroot/saleWechat/App/Home/Controller/IndexController.class.php 第 514 行.
NOTIC: [8] Undefined index: expense_total /app/wwwroot/saleWechat/App/Home/Controller/IndexController.class.php 第 517 行.
SQL: SELECT COUNT(*) AS tp_count FROM `dd_user` LIMIT 1   [ RunTime:0.0003s ]
SQL: SHOW COLUMNS FROM `dd_separate_log` [ RunTime:0.0007s ]
SQL: SELECT SUM(money) AS tp_sum FROM `dd_separate_log` WHERE ( status>0 and user_id=10001 ) LIMIT 1   [ RunTime:0.0002s ]
SQL: SHOW COLUMNS FROM `dd_notice` [ RunTime:0.0005s ]
SQL: SELECT * FROM `dd_notice` ORDER BY id desc LIMIT 1   [ RunTime:0.0002s ]
INFO: [ view_parse ] --START--
INFO: [ template_filter ] --START--
INFO: Run Behavior\ContentReplaceBehavior [ RunTime:0.000138s ]
INFO: [ template_filter ] --END-- [ RunTime:0.000457s ]
NOTIC: [8] Undefined variable: parent_name /app/wwwroot/saleWechat/App/Runtime/Cache/Home/64868670aeff078696ce29fac1d25b57.php 第 40 行.
INFO: Run Behavior\ParseTemplateBehavior [ RunTime:0.043382s ]
INFO: [ view_parse ] --END-- [ RunTime:0.043790s ]
INFO: [ view_filter ] --START--
INFO: Run Behavior\WriteHtmlCacheBehavior [ RunTime:0.000846s ]
INFO: [ view_filter ] --END-- [ RunTime:0.001290s ]
INFO: [ app_end ] --START--
INFO: Run Behavior\ShowPageTraceBehavior [ RunTime:0.000897s ]
INFO: [ app_end ] --END-- [ RunTime:0.001316s ]

[ 2018-09-14T21:21:25+08:00 ] 192.168.56.2 /index.php?m=&c=Index&a=data
INFO: [ app_init ] --START--
INFO: Run Behavior\BuildLiteBehavior [ RunTime:0.000144s ]
INFO: [ app_init ] --END-- [ RunTime:0.000640s ]
INFO: [ app_begin ] --START--
INFO: Run Behavior\ReadHtmlCacheBehavior [ RunTime:0.000994s ]
INFO: [ app_begin ] --END-- [ RunTime:0.001464s ]
SQL: SHOW COLUMNS FROM `dd_config` [ RunTime:0.0012s ]
SQL: SELECT * FROM `dd_config`  [ RunTime:0.0005s ]
NOTIC: [8] Undefined index: user_id /app/wwwroot/saleWechat/App/Home/Controller/HomeController.class.php 第 20 行.
SQL: SHOW COLUMNS FROM `dd_user` [ RunTime:0.0012s ]
SQL: SELECT * FROM `dd_user` WHERE `id` = 10001 LIMIT 1   [ RunTime:0.0009s ]
SQL: SHOW COLUMNS FROM `dd_data` [ RunTime:0.0011s ]
SQL: SELECT * FROM `dd_data` WHERE ( date=20180913 ) LIMIT 1   [ RunTime:0.0005s ]

[ 2018-09-14T21:21:28+08:00 ] 192.168.56.2 /index.php?m=&c=Index&a=my_agent
INFO: [ app_init ] --START--
INFO: Run Behavior\BuildLiteBehavior [ RunTime:0.000087s ]
INFO: [ app_init ] --END-- [ RunTime:0.001289s ]
INFO: [ app_begin ] --START--
INFO: Run Behavior\ReadHtmlCacheBehavior [ RunTime:0.000981s ]
INFO: [ app_begin ] --END-- [ RunTime:0.001261s ]
SQL: SHOW COLUMNS FROM `dd_config` [ RunTime:0.0009s ]
SQL: SELECT * FROM `dd_config`  [ RunTime:0.0007s ]
NOTIC: [8] Undefined index: user_id /app/wwwroot/saleWechat/App/Home/Controller/HomeController.class.php 第 20 行.
SQL: SHOW COLUMNS FROM `dd_user` [ RunTime:0.0010s ]
SQL: SELECT * FROM `dd_user` WHERE `id` = 10001 LIMIT 1   [ RunTime:0.0004s ]
NOTIC: [8] Undefined index: type /app/wwwroot/saleWechat/App/Home/Controller/IndexController.class.php 第 568 行.
SQL: SELECT `headimg`,`nickname`,`sub_time` FROM `dd_user` WHERE `parent1` = 10001  [ RunTime:0.0004s ]
INFO: [ view_parse ] --START--
INFO: [ template_filter ] --START--
INFO: Run Behavior\ContentReplaceBehavior [ RunTime:0.000228s ]
INFO: [ template_filter ] --END-- [ RunTime:0.000752s ]
INFO: Run Behavior\ParseTemplateBehavior [ RunTime:0.036656s ]
INFO: [ view_parse ] --END-- [ RunTime:0.036953s ]
INFO: [ view_filter ] --START--
INFO: Run Behavior\WriteHtmlCacheBehavior [ RunTime:0.001136s ]
INFO: [ view_filter ] --END-- [ RunTime:0.001425s ]
INFO: [ app_end ] --START--
INFO: Run Behavior\ShowPageTraceBehavior [ RunTime:0.001020s ]
INFO: [ app_end ] --END-- [ RunTime:0.001287s ]

[ 2018-09-14T21:21:28+08:00 ] 192.168.56.2 /index.php?m=&c=Index&a=data
INFO: [ app_init ] --START--
INFO: Run Behavior\BuildLiteBehavior [ RunTime:0.000051s ]
INFO: [ app_init ] --END-- [ RunTime:0.000376s ]
INFO: [ app_begin ] --START--
INFO: Run Behavior\ReadHtmlCacheBehavior [ RunTime:0.000743s ]
INFO: [ app_begin ] --END-- [ RunTime:0.001079s ]
SQL: SHOW COLUMNS FROM `dd_config` [ RunTime:0.0012s ]
SQL: SELECT * FROM `dd_config`  [ RunTime:0.0009s ]
NOTIC: [8] Undefined index: user_id /app/wwwroot/saleWechat/App/Home/Controller/HomeController.class.php 第 20 行.
SQL: SHOW COLUMNS FROM `dd_user` [ RunTime:0.0012s ]
SQL: SELECT * FROM `dd_user` WHERE `id` = 10001 LIMIT 1   [ RunTime:0.0005s ]
SQL: SHOW COLUMNS FROM `dd_data` [ RunTime:0.0009s ]
SQL: SELECT * FROM `dd_data` WHERE ( date=20180913 ) LIMIT 1   [ RunTime:0.0031s ]

[ 2018-09-14T21:21:30+08:00 ] 192.168.56.2 /index.php?m=&c=Index&a=ucenter
INFO: [ app_init ] --START--
INFO: Run Behavior\BuildLiteBehavior [ RunTime:0.000266s ]
INFO: [ app_init ] --END-- [ RunTime:0.001486s ]
INFO: [ app_begin ] --START--
INFO: Run Behavior\ReadHtmlCacheBehavior [ RunTime:0.000718s ]
INFO: [ app_begin ] --END-- [ RunTime:0.001141s ]
SQL: SHOW COLUMNS FROM `dd_config` [ RunTime:0.0005s ]
SQL: SELECT * FROM `dd_config`  [ RunTime:0.0004s ]
NOTIC: [8] Undefined index: user_id /app/wwwroot/saleWechat/App/Home/Controller/HomeController.class.php 第 20 行.
SQL: SHOW COLUMNS FROM `dd_user` [ RunTime:0.0008s ]
SQL: SELECT * FROM `dd_user` WHERE `id` = 10001 LIMIT 1   [ RunTime:0.0003s ]
NOTIC: [8] Undefined index: config /app/wwwroot/saleWechat/App/Common/Common/function.php 第 62 行.
NOTIC: [2] Invalid argument supplied for foreach() /app/wwwroot/saleWechat/App/Common/Common/function.php 第 62 行.
NOTIC: [8] Undefined offset: 0 /app/wwwroot/saleWechat/App/Home/Controller/IndexController.class.php 第 514 行.
NOTIC: [8] Undefined index: expense_total /app/wwwroot/saleWechat/App/Home/Controller/IndexController.class.php 第 517 行.
SQL: SELECT COUNT(*) AS tp_count FROM `dd_user` LIMIT 1   [ RunTime:0.0002s ]
SQL: SHOW COLUMNS FROM `dd_separate_log` [ RunTime:0.0006s ]
SQL: SELECT SUM(money) AS tp_sum FROM `dd_separate_log` WHERE ( status>0 and user_id=10001 ) LIMIT 1   [ RunTime:0.0002s ]
SQL: SHOW COLUMNS FROM `dd_notice` [ RunTime:0.0006s ]
SQL: SELECT * FROM `dd_notice` ORDER BY id desc LIMIT 1   [ RunTime:0.0002s ]
INFO: [ view_parse ] --START--
INFO: [ template_filter ] --START--
INFO: Run Behavior\ContentReplaceBehavior [ RunTime:0.000126s ]
INFO: [ template_filter ] --END-- [ RunTime:0.000406s ]
NOTIC: [8] Undefined variable: parent_name /app/wwwroot/saleWechat/App/Runtime/Cache/Home/64868670aeff078696ce29fac1d25b57.php 第 40 行.
INFO: Run Behavior\ParseTemplateBehavior [ RunTime:0.042430s ]
INFO: [ view_parse ] --END-- [ RunTime:0.042828s ]
INFO: [ view_filter ] --START--
INFO: Run Behavior\WriteHtmlCacheBehavior [ RunTime:0.000568s ]
INFO: [ view_filter ] --END-- [ RunTime:0.000836s ]
INFO: [ app_end ] --START--
INFO: Run Behavior\ShowPageTraceBehavior [ RunTime:0.000495s ]
INFO: [ app_end ] --END-- [ RunTime:0.000760s ]

[ 2018-09-14T21:21:30+08:00 ] 192.168.56.2 /index.php?m=&c=Index&a=data
INFO: [ app_init ] --START--
INFO: Run Behavior\BuildLiteBehavior [ RunTime:0.000055s ]
INFO: [ app_init ] --END-- [ RunTime:0.000499s ]
INFO: [ app_begin ] --START--
INFO: Run Behavior\ReadHtmlCacheBehavior [ RunTime:0.001393s ]
INFO: [ app_begin ] --END-- [ RunTime:0.001909s ]
SQL: SHOW COLUMNS FROM `dd_config` [ RunTime:0.0008s ]
SQL: SELECT * FROM `dd_config`  [ RunTime:0.0004s ]
NOTIC: [8] Undefined index: user_id /app/wwwroot/saleWechat/App/Home/Controller/HomeController.class.php 第 20 行.
SQL: SHOW COLUMNS FROM `dd_user` [ RunTime:0.0012s ]
SQL: SELECT * FROM `dd_user` WHERE `id` = 10001 LIMIT 1   [ RunTime:0.0005s ]
SQL: SHOW COLUMNS FROM `dd_data` [ RunTime:0.0009s ]
SQL: SELECT * FROM `dd_data` WHERE ( date=20180913 ) LIMIT 1   [ RunTime:0.0005s ]

[ 2018-09-14T21:21:33+08:00 ] 192.168.56.2 /index.php?m=&c=Index&a=order_list
INFO: [ app_init ] --START--
INFO: Run Behavior\BuildLiteBehavior [ RunTime:0.000053s ]
INFO: [ app_init ] --END-- [ RunTime:0.001246s ]
INFO: [ app_begin ] --START--
INFO: Run Behavior\ReadHtmlCacheBehavior [ RunTime:0.002227s ]
INFO: [ app_begin ] --END-- [ RunTime:0.002633s ]
SQL: SHOW COLUMNS FROM `dd_config` [ RunTime:0.0005s ]
SQL: SELECT * FROM `dd_config`  [ RunTime:0.0002s ]
NOTIC: [8] Undefined index: user_id /app/wwwroot/saleWechat/App/Home/Controller/HomeController.class.php 第 20 行.
SQL: SHOW COLUMNS FROM `dd_user` [ RunTime:0.0006s ]
SQL: SELECT * FROM `dd_user` WHERE `id` = 10001 LIMIT 1   [ RunTime:0.0003s ]
SQL: SHOW COLUMNS FROM `dd_order` [ RunTime:0.0006s ]
SQL: SELECT * FROM `dd_order` WHERE `user_id` = 10001 AND `create_time` > 1534252893 ORDER BY id desc  [ RunTime:0.0004s ]
INFO: [ view_parse ] --START--
INFO: [ template_filter ] --START--
INFO: Run Behavior\ContentReplaceBehavior [ RunTime:0.000133s ]
INFO: [ template_filter ] --END-- [ RunTime:0.000443s ]
NOTIC: [8] Undefined index: before /app/wwwroot/saleWechat/App/Runtime/Cache/Home/9bb05bc2ee7470850b7853a9a874630e.php 第 33 行.
NOTIC: [8] Undefined index: before /app/wwwroot/saleWechat/App/Runtime/Cache/Home/9bb05bc2ee7470850b7853a9a874630e.php 第 34 行.
INFO: Run Behavior\ParseTemplateBehavior [ RunTime:0.033801s ]
INFO: [ view_parse ] --END-- [ RunTime:0.034217s ]
INFO: [ view_filter ] --START--
INFO: Run Behavior\WriteHtmlCacheBehavior [ RunTime:0.001674s ]
INFO: [ view_filter ] --END-- [ RunTime:0.002103s ]
INFO: [ app_end ] --START--
INFO: Run Behavior\ShowPageTraceBehavior [ RunTime:0.001558s ]
INFO: [ app_end ] --END-- [ RunTime:0.002023s ]

[ 2018-09-14T21:21:34+08:00 ] 192.168.56.2 /index.php?m=&c=Index&a=data
INFO: [ app_init ] --START--
INFO: Run Behavior\BuildLiteBehavior [ RunTime:0.000121s ]
INFO: [ app_init ] --END-- [ RunTime:0.000967s ]
INFO: [ app_begin ] --START--
INFO: Run Behavior\ReadHtmlCacheBehavior [ RunTime:0.001029s ]
INFO: [ app_begin ] --END-- [ RunTime:0.001475s ]
SQL: SHOW COLUMNS FROM `dd_config` [ RunTime:0.0009s ]
SQL: SELECT * FROM `dd_config`  [ RunTime:0.0005s ]
NOTIC: [8] Undefined index: user_id /app/wwwroot/saleWechat/App/Home/Controller/HomeController.class.php 第 20 行.
SQL: SHOW COLUMNS FROM `dd_user` [ RunTime:0.0013s ]
SQL: SELECT * FROM `dd_user` WHERE `id` = 10001 LIMIT 1   [ RunTime:0.0006s ]
SQL: SHOW COLUMNS FROM `dd_data` [ RunTime:0.0013s ]
SQL: SELECT * FROM `dd_data` WHERE ( date=20180913 ) LIMIT 1   [ RunTime:0.0004s ]

[ 2018-09-14T21:21:35+08:00 ] 192.168.56.2 /index.php?m=&c=Index&a=ucenter
INFO: [ app_init ] --START--
INFO: Run Behavior\BuildLiteBehavior [ RunTime:0.000058s ]
INFO: [ app_init ] --END-- [ RunTime:0.000479s ]
INFO: [ app_begin ] --START--
INFO: Run Behavior\ReadHtmlCacheBehavior [ RunTime:0.001196s ]
INFO: [ app_begin ] --END-- [ RunTime:0.001642s ]
SQL: SHOW COLUMNS FROM `dd_config` [ RunTime:0.0008s ]
SQL: SELECT * FROM `dd_config`  [ RunTime:0.0003s ]
NOTIC: [8] Undefined index: user_id /app/wwwroot/saleWechat/App/Home/Controller/HomeController.class.php 第 20 行.
SQL: SHOW COLUMNS FROM `dd_user` [ RunTime:0.0006s ]
SQL: SELECT * FROM `dd_user` WHERE `id` = 10001 LIMIT 1   [ RunTime:0.0003s ]
NOTIC: [8] Undefined index: config /app/wwwroot/saleWechat/App/Common/Common/function.php 第 62 行.
NOTIC: [2] Invalid argument supplied for foreach() /app/wwwroot/saleWechat/App/Common/Common/function.php 第 62 行.
NOTIC: [8] Undefined offset: 0 /app/wwwroot/saleWechat/App/Home/Controller/IndexController.class.php 第 514 行.
NOTIC: [8] Undefined index: expense_total /app/wwwroot/saleWechat/App/Home/Controller/IndexController.class.php 第 517 行.
SQL: SELECT COUNT(*) AS tp_count FROM `dd_user` LIMIT 1   [ RunTime:0.0002s ]
SQL: SHOW COLUMNS FROM `dd_separate_log` [ RunTime:0.0005s ]
SQL: SELECT SUM(money) AS tp_sum FROM `dd_separate_log` WHERE ( status>0 and user_id=10001 ) LIMIT 1   [ RunTime:0.0003s ]
SQL: SHOW COLUMNS FROM `dd_notice` [ RunTime:0.0005s ]
SQL: SELECT * FROM `dd_notice` ORDER BY id desc LIMIT 1   [ RunTime:0.0002s ]
INFO: [ view_parse ] --START--
INFO: [ template_filter ] --START--
INFO: Run Behavior\ContentReplaceBehavior [ RunTime:0.000130s ]
INFO: [ template_filter ] --END-- [ RunTime:0.000418s ]
NOTIC: [8] Undefined variable: parent_name /app/wwwroot/saleWechat/App/Runtime/Cache/Home/64868670aeff078696ce29fac1d25b57.php 第 40 行.
INFO: Run Behavior\ParseTemplateBehavior [ RunTime:0.341107s ]
INFO: [ view_parse ] --END-- [ RunTime:0.341694s ]
INFO: [ view_filter ] --START--
INFO: Run Behavior\WriteHtmlCacheBehavior [ RunTime:0.002605s ]
INFO: [ view_filter ] --END-- [ RunTime:0.003371s ]
INFO: [ app_end ] --START--
INFO: Run Behavior\ShowPageTraceBehavior [ RunTime:0.002603s ]
INFO: [ app_end ] --END-- [ RunTime:0.003546s ]

[ 2018-09-14T21:21:36+08:00 ] 192.168.56.2 /index.php?m=&c=Index&a=data
INFO: [ app_init ] --START--
INFO: Run Behavior\BuildLiteBehavior [ RunTime:0.000112s ]
INFO: [ app_init ] --END-- [ RunTime:0.001404s ]
INFO: [ app_begin ] --START--
INFO: Run Behavior\ReadHtmlCacheBehavior [ RunTime:0.001810s ]
INFO: [ app_begin ] --END-- [ RunTime:0.002370s ]
SQL: SHOW COLUMNS FROM `dd_config` [ RunTime:0.0011s ]
SQL: SELECT * FROM `dd_config`  [ RunTime:0.0005s ]
NOTIC: [8] Undefined index: user_id /app/wwwroot/saleWechat/App/Home/Controller/HomeController.class.php 第 20 行.
SQL: SHOW COLUMNS FROM `dd_user` [ RunTime:0.0011s ]
SQL: SELECT * FROM `dd_user` WHERE `id` = 10001 LIMIT 1   [ RunTime:0.0005s ]
SQL: SHOW COLUMNS FROM `dd_data` [ RunTime:0.0011s ]
SQL: SELECT * FROM `dd_data` WHERE ( date=20180913 ) LIMIT 1   [ RunTime:0.0005s ]

[ 2018-09-14T21:21:38+08:00 ] 192.168.56.2 /index.php?m=&c=Index&a=index
INFO: [ app_init ] --START--
INFO: Run Behavior\BuildLiteBehavior [ RunTime:0.000083s ]
INFO: [ app_init ] --END-- [ RunTime:0.000585s ]
INFO: [ app_begin ] --START--
INFO: Run Behavior\ReadHtmlCacheBehavior [ RunTime:0.000988s ]
INFO: [ app_begin ] --END-- [ RunTime:0.001648s ]
SQL: SHOW COLUMNS FROM `dd_config` [ RunTime:0.0011s ]
SQL: SELECT * FROM `dd_config`  [ RunTime:0.0004s ]
NOTIC: [8] Undefined index: user_id /app/wwwroot/saleWechat/App/Home/Controller/HomeController.class.php 第 20 行.
SQL: SHOW COLUMNS FROM `dd_user` [ RunTime:0.0012s ]
SQL: SELECT * FROM `dd_user` WHERE `id` = 10001 LIMIT 1   [ RunTime:0.0007s ]
SQL: SHOW COLUMNS FROM `dd_product` [ RunTime:0.0011s ]
SQL: SELECT * FROM `dd_product` ORDER BY id desc LIMIT 10   [ RunTime:0.0006s ]
SQL: SHOW COLUMNS FROM `dd_product_cate` [ RunTime:0.0009s ]
SQL: SELECT * FROM `dd_product_cate` WHERE ( pid=0 )  [ RunTime:0.0005s ]
INFO: [ view_parse ] --START--
INFO: [ template_filter ] --START--
INFO: Run Behavior\ContentReplaceBehavior [ RunTime:0.000208s ]
INFO: [ template_filter ] --END-- [ RunTime:0.000682s ]
INFO: Run Behavior\ParseTemplateBehavior [ RunTime:0.064647s ]
INFO: [ view_parse ] --END-- [ RunTime:0.065356s ]
INFO: [ view_filter ] --START--
INFO: Run Behavior\WriteHtmlCacheBehavior [ RunTime:0.001782s ]
INFO: [ view_filter ] --END-- [ RunTime:0.002328s ]
INFO: [ app_end ] --START--
INFO: Run Behavior\ShowPageTraceBehavior [ RunTime:0.001709s ]
INFO: [ app_end ] --END-- [ RunTime:0.002358s ]

[ 2018-09-14T21:21:39+08:00 ] 192.168.56.2 /index.php?m=&c=Index&a=data
INFO: [ app_init ] --START--
INFO: Run Behavior\BuildLiteBehavior [ RunTime:0.000091s ]
INFO: [ app_init ] --END-- [ RunTime:0.001438s ]
INFO: [ app_begin ] --START--
INFO: Run Behavior\ReadHtmlCacheBehavior [ RunTime:0.001844s ]
INFO: [ app_begin ] --END-- [ RunTime:0.002409s ]
SQL: SHOW COLUMNS FROM `dd_config` [ RunTime:0.0012s ]
SQL: SELECT * FROM `dd_config`  [ RunTime:0.0007s ]
NOTIC: [8] Undefined index: user_id /app/wwwroot/saleWechat/App/Home/Controller/HomeController.class.php 第 20 行.
SQL: SHOW COLUMNS FROM `dd_user` [ RunTime:0.0024s ]
SQL: SELECT * FROM `dd_user` WHERE `id` = 10001 LIMIT 1   [ RunTime:0.0006s ]
SQL: SHOW COLUMNS FROM `dd_data` [ RunTime:0.0012s ]
SQL: SELECT * FROM `dd_data` WHERE ( date=20180913 ) LIMIT 1   [ RunTime:0.0005s ]

