[ 2018-08-26T00:43:05+08:00 ] 172.17.0.1 /
INFO: [ app_init ] --START--
INFO: Run Behavior\BuildLiteBehavior [ RunTime:0.000013s ]
INFO: [ app_init ] --END-- [ RunTime:0.004925s ]
INFO: [ app_begin ] --START--
INFO: Run Behavior\ReadHtmlCacheBehavior [ RunTime:0.012926s ]
INFO: [ app_begin ] --END-- [ RunTime:0.012979s ]
ERR: SQLSTATE[HY000] [2002] Connection refused

[ 2018-08-26T00:48:53+08:00 ] 172.17.0.1 /
INFO: [ app_init ] --START--
INFO: Run Behavior\BuildLiteBehavior [ RunTime:0.000018s ]
INFO: [ app_init ] --END-- [ RunTime:0.007424s ]
INFO: [ app_begin ] --START--
INFO: Run Behavior\ReadHtmlCacheBehavior [ RunTime:0.006711s ]
INFO: [ app_begin ] --END-- [ RunTime:0.006774s ]
ERR: SQLSTATE[HY000] [2002] No such file or directory

[ 2018-08-26T00:52:20+08:00 ] 172.17.0.1 /
INFO: [ app_init ] --START--
INFO: Run Behavior\BuildLiteBehavior [ RunTime:0.000033s ]
INFO: [ app_init ] --END-- [ RunTime:0.010695s ]
INFO: [ app_begin ] --START--
INFO: Run Behavior\ReadHtmlCacheBehavior [ RunTime:0.027611s ]
INFO: [ app_begin ] --END-- [ RunTime:0.027717s ]
ERR: SQLSTATE[HY000] [2002] No such file or directory

[ 2018-08-26T00:56:09+08:00 ] 172.17.0.1 /
INFO: [ app_init ] --START--
INFO: Run Behavior\BuildLiteBehavior [ RunTime:0.000032s ]
INFO: [ app_init ] --END-- [ RunTime:0.004874s ]
INFO: [ app_begin ] --START--
INFO: Run Behavior\ReadHtmlCacheBehavior [ RunTime:0.004725s ]
INFO: [ app_begin ] --END-- [ RunTime:0.004826s ]
ERR: SQLSTATE[HY000] [2002] No such file or directory

[ 2018-08-26T00:56:50+08:00 ] 172.17.0.1 /
INFO: [ app_init ] --START--
INFO: Run Behavior\BuildLiteBehavior [ RunTime:0.000030s ]
INFO: [ app_init ] --END-- [ RunTime:0.012806s ]
INFO: [ app_begin ] --START--
INFO: Run Behavior\ReadHtmlCacheBehavior [ RunTime:0.011578s ]
INFO: [ app_begin ] --END-- [ RunTime:0.011677s ]
ERR: SQLSTATE[HY000] [2002] No such file or directory
NOTIC: [2] Cannot modify header information - headers already sent by (output started at /var/www/html/saleWechat/#ThinkPHP/Library/Think/Db/Driver.class.php:95) /var/www/html/saleWechat/#ThinkPHP/Library/Think/Think.class.php 第 229 行.
NOTIC: [2] Cannot modify header information - headers already sent by (output started at /var/www/html/saleWechat/#ThinkPHP/Library/Think/Db/Driver.class.php:95) /var/www/html/saleWechat/#ThinkPHP/Library/Think/Think.class.php 第 230 行.

[ 2018-08-26T00:57:27+08:00 ] 172.17.0.1 /
INFO: [ app_init ] --START--
INFO: Run Behavior\BuildLiteBehavior [ RunTime:0.000031s ]
INFO: [ app_init ] --END-- [ RunTime:0.012365s ]
INFO: [ app_begin ] --START--
INFO: Run Behavior\ReadHtmlCacheBehavior [ RunTime:0.003085s ]
INFO: [ app_begin ] --END-- [ RunTime:0.003193s ]
SQL: SHOW COLUMNS FROM `dd_config` [ RunTime:0.0190s ]
SQL: SELECT * FROM `dd_config`  [ RunTime:0.0473s ]
NOTIC: [8] Undefined index: user_id /var/www/html/saleWechat/Application/Home/Controller/HomeController.class.php 第 20 行.
NOTIC: [2] Cannot modify header information - headers already sent by (output started at /var/www/html/saleWechat/#ThinkPHP/Library/Think/Db/Driver.class.php:95) /var/www/html/saleWechat/Application/Home/Controller/HomeController.class.php 第 34 行.

[ 2018-08-26T00:57:42+08:00 ] 172.17.0.1 /
INFO: [ app_init ] --START--
INFO: Run Behavior\BuildLiteBehavior [ RunTime:0.000031s ]
INFO: [ app_init ] --END-- [ RunTime:0.016851s ]
INFO: [ app_begin ] --START--
INFO: Run Behavior\ReadHtmlCacheBehavior [ RunTime:0.005072s ]
INFO: [ app_begin ] --END-- [ RunTime:0.005168s ]
SQL: SHOW COLUMNS FROM `dd_config` [ RunTime:0.0100s ]
SQL: SELECT * FROM `dd_config`  [ RunTime:0.0461s ]
NOTIC: [8] Undefined index: user_id /var/www/html/saleWechat/Application/Home/Controller/HomeController.class.php 第 20 行.

