[ 2018-09-04T20:36:46+08:00 ] 192.168.56.2 /35262475.php
INFO: [ app_init ] --START--
INFO: Run Behavior\BuildLiteBehavior [ RunTime:0.000100s ]
INFO: [ app_init ] --END-- [ RunTime:0.001313s ]
INFO: [ app_begin ] --START--
INFO: Run Behavior\ReadHtmlCacheBehavior [ RunTime:0.002131s ]
INFO: [ app_begin ] --END-- [ RunTime:0.002526s ]
SQL: SHOW COLUMNS FROM `dd_config` [ RunTime:0.0009s ]
SQL: SELECT * FROM `dd_config`  [ RunTime:0.0003s ]

[ 2018-09-04T20:36:46+08:00 ] 192.168.56.2 /35262475.php?m=Admin&c=Index&a=login
INFO: [ app_init ] --START--
INFO: Run Behavior\BuildLiteBehavior [ RunTime:0.000053s ]
INFO: [ app_init ] --END-- [ RunTime:0.000383s ]
INFO: [ app_begin ] --START--
INFO: Run Behavior\ReadHtmlCacheBehavior [ RunTime:0.000779s ]
INFO: [ app_begin ] --END-- [ RunTime:0.001075s ]
SQL: SHOW COLUMNS FROM `dd_config` [ RunTime:0.0008s ]
SQL: SELECT * FROM `dd_config`  [ RunTime:0.0003s ]
INFO: [ view_parse ] --START--
INFO: [ template_filter ] --START--
INFO: Run Behavior\ContentReplaceBehavior [ RunTime:0.000153s ]
INFO: [ template_filter ] --END-- [ RunTime:0.000651s ]
INFO: Run Behavior\ParseTemplateBehavior [ RunTime:0.066169s ]
INFO: [ view_parse ] --END-- [ RunTime:0.066595s ]
INFO: [ view_filter ] --START--
INFO: Run Behavior\WriteHtmlCacheBehavior [ RunTime:0.013670s ]
INFO: [ view_filter ] --END-- [ RunTime:0.014083s ]
INFO: [ app_end ] --START--
INFO: Run Behavior\ShowPageTraceBehavior [ RunTime:0.006010s ]
INFO: [ app_end ] --END-- [ RunTime:0.006519s ]

[ 2018-09-04T20:36:52+08:00 ] 192.168.56.2 /35262475.php?m=Admin&c=Index&a=login
INFO: [ app_init ] --START--
INFO: Run Behavior\BuildLiteBehavior [ RunTime:0.000055s ]
INFO: [ app_init ] --END-- [ RunTime:0.000846s ]
INFO: [ app_begin ] --START--
INFO: Run Behavior\ReadHtmlCacheBehavior [ RunTime:0.001036s ]
INFO: [ app_begin ] --END-- [ RunTime:0.001336s ]
SQL: SHOW COLUMNS FROM `dd_config` [ RunTime:0.0006s ]
SQL: SELECT * FROM `dd_config`  [ RunTime:0.0003s ]

[ 2018-09-04T20:36:52+08:00 ] 192.168.56.2 /35262475.php?m=Admin&c=Admin&a=welcome
INFO: [ app_init ] --START--
INFO: Run Behavior\BuildLiteBehavior [ RunTime:0.000055s ]
INFO: [ app_init ] --END-- [ RunTime:0.000574s ]
INFO: [ app_begin ] --START--
INFO: Run Behavior\ReadHtmlCacheBehavior [ RunTime:0.000704s ]
INFO: [ app_begin ] --END-- [ RunTime:0.001019s ]
SQL: SHOW COLUMNS FROM `dd_config` [ RunTime:0.0007s ]
SQL: SELECT * FROM `dd_config`  [ RunTime:0.0002s ]
NOTIC: [8] Undefined variable: info /app/wwwroot/saleWechat/App/Admin/Controller/AdminController.class.php 第 30 行.
INFO: [ view_parse ] --START--
INFO: [ template_filter ] --START--
INFO: Run Behavior\ContentReplaceBehavior [ RunTime:0.000138s ]
INFO: [ template_filter ] --END-- [ RunTime:0.000477s ]
INFO: Run Behavior\ParseTemplateBehavior [ RunTime:0.042723s ]
INFO: [ view_parse ] --END-- [ RunTime:0.043031s ]
INFO: [ view_filter ] --START--
INFO: Run Behavior\WriteHtmlCacheBehavior [ RunTime:0.003286s ]
INFO: [ view_filter ] --END-- [ RunTime:0.003570s ]
INFO: [ app_end ] --START--
INFO: Run Behavior\ShowPageTraceBehavior [ RunTime:0.001616s ]
INFO: [ app_end ] --END-- [ RunTime:0.001975s ]

