[ 2018-09-25T19:53:23+08:00 ] 192.168.56.2 /35262475.php
INFO: [ app_init ] --START--
INFO: Run Behavior\BuildLiteBehavior [ RunTime:0.000061s ]
INFO: [ app_init ] --END-- [ RunTime:0.001493s ]
INFO: [ app_begin ] --START--
INFO: Run Behavior\ReadHtmlCacheBehavior [ RunTime:0.001078s ]
INFO: [ app_begin ] --END-- [ RunTime:0.001403s ]
SQL: SHOW COLUMNS FROM `dd_config` [ RunTime:0.0006s ]
SQL: SELECT * FROM `dd_config`  [ RunTime:0.0005s ]

[ 2018-09-25T19:53:23+08:00 ] 192.168.56.2 /35262475.php?m=Admin&c=Index&a=login
INFO: [ app_init ] --START--
INFO: Run Behavior\BuildLiteBehavior [ RunTime:0.000233s ]
INFO: [ app_init ] --END-- [ RunTime:0.001180s ]
INFO: [ app_begin ] --START--
INFO: Run Behavior\ReadHtmlCacheBehavior [ RunTime:0.002049s ]
INFO: [ app_begin ] --END-- [ RunTime:0.002830s ]
SQL: SHOW COLUMNS FROM `dd_config` [ RunTime:0.0020s ]
SQL: SELECT * FROM `dd_config`  [ RunTime:0.0009s ]
INFO: [ view_parse ] --START--
INFO: [ template_filter ] --START--
INFO: Run Behavior\ContentReplaceBehavior [ RunTime:0.000456s ]
INFO: [ template_filter ] --END-- [ RunTime:0.001643s ]
INFO: Run Behavior\ParseTemplateBehavior [ RunTime:0.076988s ]
INFO: [ view_parse ] --END-- [ RunTime:0.078145s ]
INFO: [ view_filter ] --START--
INFO: Run Behavior\WriteHtmlCacheBehavior [ RunTime:0.006003s ]
INFO: [ view_filter ] --END-- [ RunTime:0.007484s ]
INFO: [ app_end ] --START--
INFO: Run Behavior\ShowPageTraceBehavior [ RunTime:0.004606s ]
INFO: [ app_end ] --END-- [ RunTime:0.005394s ]

[ 2018-09-25T19:53:26+08:00 ] 192.168.56.2 /35262475.php?m=Admin&c=Index&a=login
INFO: [ app_init ] --START--
INFO: Run Behavior\BuildLiteBehavior [ RunTime:0.000059s ]
INFO: [ app_init ] --END-- [ RunTime:0.000814s ]
INFO: [ app_begin ] --START--
INFO: Run Behavior\ReadHtmlCacheBehavior [ RunTime:0.001050s ]
INFO: [ app_begin ] --END-- [ RunTime:0.001339s ]
SQL: SHOW COLUMNS FROM `dd_config` [ RunTime:0.0005s ]
SQL: SELECT * FROM `dd_config`  [ RunTime:0.0003s ]

[ 2018-09-25T19:53:26+08:00 ] 192.168.56.2 /35262475.php?m=Admin&c=Admin&a=welcome
INFO: [ app_init ] --START--
INFO: Run Behavior\BuildLiteBehavior [ RunTime:0.000116s ]
INFO: [ app_init ] --END-- [ RunTime:0.000832s ]
INFO: [ app_begin ] --START--
INFO: Run Behavior\ReadHtmlCacheBehavior [ RunTime:0.002255s ]
INFO: [ app_begin ] --END-- [ RunTime:0.002882s ]
SQL: SHOW COLUMNS FROM `dd_config` [ RunTime:0.0011s ]
SQL: SELECT * FROM `dd_config`  [ RunTime:0.0005s ]
INFO: [ view_parse ] --START--
INFO: [ template_filter ] --START--
INFO: Run Behavior\ContentReplaceBehavior [ RunTime:0.000291s ]
INFO: [ template_filter ] --END-- [ RunTime:0.001015s ]
NOTIC: [8] Undefined variable: info /app/wwwroot/saleWechat/App/Runtime/Cache/Admin/3f8e21163f0e24877c187075c7de7410.php 第 172 行.
NOTIC: [8] Undefined variable: info /app/wwwroot/saleWechat/App/Runtime/Cache/Admin/3f8e21163f0e24877c187075c7de7410.php 第 176 行.
NOTIC: [8] Undefined variable: info /app/wwwroot/saleWechat/App/Runtime/Cache/Admin/3f8e21163f0e24877c187075c7de7410.php 第 180 行.
NOTIC: [8] Undefined variable: info /app/wwwroot/saleWechat/App/Runtime/Cache/Admin/3f8e21163f0e24877c187075c7de7410.php 第 184 行.
NOTIC: [8] Undefined variable: info /app/wwwroot/saleWechat/App/Runtime/Cache/Admin/3f8e21163f0e24877c187075c7de7410.php 第 188 行.
NOTIC: [8] Undefined variable: info /app/wwwroot/saleWechat/App/Runtime/Cache/Admin/3f8e21163f0e24877c187075c7de7410.php 第 192 行.
NOTIC: [8] Undefined variable: info /app/wwwroot/saleWechat/App/Runtime/Cache/Admin/3f8e21163f0e24877c187075c7de7410.php 第 196 行.
NOTIC: [8] Undefined variable: info /app/wwwroot/saleWechat/App/Runtime/Cache/Admin/3f8e21163f0e24877c187075c7de7410.php 第 200 行.
NOTIC: [8] Undefined variable: info /app/wwwroot/saleWechat/App/Runtime/Cache/Admin/3f8e21163f0e24877c187075c7de7410.php 第 204 行.
INFO: Run Behavior\ParseTemplateBehavior [ RunTime:0.112376s ]
INFO: [ view_parse ] --END-- [ RunTime:0.113083s ]
INFO: [ view_filter ] --START--
INFO: Run Behavior\WriteHtmlCacheBehavior [ RunTime:0.004433s ]
INFO: [ view_filter ] --END-- [ RunTime:0.005164s ]
INFO: [ app_end ] --START--
INFO: Run Behavior\ShowPageTraceBehavior [ RunTime:0.004330s ]
INFO: [ app_end ] --END-- [ RunTime:0.005052s ]

[ 2018-09-25T19:53:31+08:00 ] 192.168.56.2 /35262475.php?m=Admin&c=Config&a=user
INFO: [ app_init ] --START--
INFO: Run Behavior\BuildLiteBehavior [ RunTime:0.000056s ]
INFO: [ app_init ] --END-- [ RunTime:0.001398s ]
INFO: [ app_begin ] --START--
INFO: Run Behavior\ReadHtmlCacheBehavior [ RunTime:0.001584s ]
INFO: [ app_begin ] --END-- [ RunTime:0.001871s ]
SQL: SHOW COLUMNS FROM `dd_config` [ RunTime:0.0026s ]
SQL: SELECT * FROM `dd_config`  [ RunTime:0.0019s ]
INFO: [ view_parse ] --START--
INFO: [ template_filter ] --START--
INFO: Run Behavior\ContentReplaceBehavior [ RunTime:0.000925s ]
INFO: [ template_filter ] --END-- [ RunTime:0.002880s ]
INFO: Run Behavior\ParseTemplateBehavior [ RunTime:0.193568s ]
INFO: [ view_parse ] --END-- [ RunTime:0.194601s ]
INFO: [ view_filter ] --START--
INFO: Run Behavior\WriteHtmlCacheBehavior [ RunTime:0.004740s ]
INFO: [ view_filter ] --END-- [ RunTime:0.005474s ]
INFO: [ app_end ] --START--
INFO: Run Behavior\ShowPageTraceBehavior [ RunTime:0.004751s ]
INFO: [ app_end ] --END-- [ RunTime:0.005621s ]

[ 2018-09-25T19:53:40+08:00 ] 192.168.56.2 /35262475.php?m=Admin&c=Product&a=index
INFO: [ app_init ] --START--
INFO: Run Behavior\BuildLiteBehavior [ RunTime:0.000055s ]
INFO: [ app_init ] --END-- [ RunTime:0.000978s ]
INFO: [ app_begin ] --START--
INFO: Run Behavior\ReadHtmlCacheBehavior [ RunTime:0.001167s ]
INFO: [ app_begin ] --END-- [ RunTime:0.001463s ]
SQL: SHOW COLUMNS FROM `dd_config` [ RunTime:0.0012s ]
SQL: SELECT * FROM `dd_config`  [ RunTime:0.0007s ]
SQL: SHOW COLUMNS FROM `dd_product` [ RunTime:0.0008s ]
SQL: SELECT COUNT(*) AS tp_count FROM `dd_product` LIMIT 1   [ RunTime:0.0007s ]
SQL: SELECT * FROM `dd_product` ORDER BY id desc LIMIT 0,25   [ RunTime:0.0008s ]
INFO: [ view_parse ] --START--
INFO: [ template_filter ] --START--
INFO: Run Behavior\ContentReplaceBehavior [ RunTime:0.000170s ]
INFO: [ template_filter ] --END-- [ RunTime:0.000503s ]
INFO: Run Behavior\ParseTemplateBehavior [ RunTime:0.067795s ]
INFO: [ view_parse ] --END-- [ RunTime:0.068333s ]
INFO: [ view_filter ] --START--
INFO: Run Behavior\WriteHtmlCacheBehavior [ RunTime:0.003164s ]
INFO: [ view_filter ] --END-- [ RunTime:0.003640s ]
INFO: [ app_end ] --START--
INFO: Run Behavior\ShowPageTraceBehavior [ RunTime:0.002763s ]
INFO: [ app_end ] --END-- [ RunTime:0.003266s ]

[ 2018-09-25T19:53:45+08:00 ] 192.168.56.2 /35262475.php?m=Admin&c=Product&a=edit&id=3
INFO: [ app_init ] --START--
INFO: Run Behavior\BuildLiteBehavior [ RunTime:0.000085s ]
INFO: [ app_init ] --END-- [ RunTime:0.001091s ]
INFO: [ app_begin ] --START--
INFO: Run Behavior\ReadHtmlCacheBehavior [ RunTime:0.001162s ]
INFO: [ app_begin ] --END-- [ RunTime:0.001450s ]
SQL: SHOW COLUMNS FROM `dd_config` [ RunTime:0.0008s ]
SQL: SELECT * FROM `dd_config`  [ RunTime:0.0005s ]
SQL: SHOW COLUMNS FROM `dd_product` [ RunTime:0.0012s ]
SQL: SELECT * FROM `dd_product` WHERE `id` = 3 LIMIT 1   [ RunTime:0.0003s ]
NOTIC: [8] Undefined index: attr_value /app/wwwroot/saleWechat/App/Admin/Controller/ProductController.class.php 第 78 行.
SQL: SHOW COLUMNS FROM `dd_product_attr` [ RunTime:0.0010s ]
SQL: SELECT * FROM `dd_product_attr` WHERE `product_id` = 3 ORDER BY id asc  [ RunTime:0.0004s ]
SQL: SHOW COLUMNS FROM `dd_product_cate` [ RunTime:0.0009s ]
SQL: SELECT * FROM `dd_product_cate`  [ RunTime:0.0003s ]
INFO: [ view_parse ] --START--
INFO: [ template_filter ] --START--
INFO: Run Behavior\ContentReplaceBehavior [ RunTime:0.000346s ]
INFO: [ template_filter ] --END-- [ RunTime:0.000965s ]
INFO: Run Behavior\ParseTemplateBehavior [ RunTime:0.080900s ]
INFO: [ view_parse ] --END-- [ RunTime:0.081384s ]
INFO: [ view_filter ] --START--
INFO: Run Behavior\WriteHtmlCacheBehavior [ RunTime:0.002259s ]
INFO: [ view_filter ] --END-- [ RunTime:0.002614s ]
INFO: [ app_end ] --START--
INFO: Run Behavior\ShowPageTraceBehavior [ RunTime:0.002314s ]
INFO: [ app_end ] --END-- [ RunTime:0.002899s ]

[ 2018-09-25T19:53:45+08:00 ] 192.168.56.2 /35262475.php?m=Admin&c=Product&a=upload&event=setPic&url=.%2FPublic%2Fupload%2Fimages%2F1511%2F19%2F183804328865007268.jpg
INFO: [ app_init ] --START--
INFO: Run Behavior\BuildLiteBehavior [ RunTime:0.000103s ]
INFO: [ app_init ] --END-- [ RunTime:0.000828s ]
INFO: [ app_begin ] --START--
INFO: Run Behavior\ReadHtmlCacheBehavior [ RunTime:0.001916s ]
INFO: [ app_begin ] --END-- [ RunTime:0.003062s ]
SQL: SHOW COLUMNS FROM `dd_config` [ RunTime:0.0011s ]
SQL: SELECT * FROM `dd_config`  [ RunTime:0.0007s ]
INFO: [ view_parse ] --START--
INFO: [ template_filter ] --START--
INFO: Run Behavior\ContentReplaceBehavior [ RunTime:0.000288s ]
INFO: [ template_filter ] --END-- [ RunTime:0.000816s ]
INFO: Run Behavior\ParseTemplateBehavior [ RunTime:0.025205s ]
INFO: [ view_parse ] --END-- [ RunTime:0.025700s ]
INFO: [ view_filter ] --START--
INFO: Run Behavior\WriteHtmlCacheBehavior [ RunTime:0.000910s ]
INFO: [ view_filter ] --END-- [ RunTime:0.001227s ]
INFO: [ app_end ] --START--
INFO: Run Behavior\ShowPageTraceBehavior [ RunTime:0.000802s ]
INFO: [ app_end ] --END-- [ RunTime:0.001094s ]

[ 2018-09-25T19:53:55+08:00 ] 192.168.56.2 /35262475.php?m=Admin&c=User&a=index
INFO: [ app_init ] --START--
INFO: Run Behavior\BuildLiteBehavior [ RunTime:0.000058s ]
INFO: [ app_init ] --END-- [ RunTime:0.001015s ]
INFO: [ app_begin ] --START--
INFO: Run Behavior\ReadHtmlCacheBehavior [ RunTime:0.002287s ]
INFO: [ app_begin ] --END-- [ RunTime:0.002979s ]
SQL: SHOW COLUMNS FROM `dd_config` [ RunTime:0.0009s ]
SQL: SELECT * FROM `dd_config`  [ RunTime:0.0004s ]
NOTIC: [8] Undefined index: reset /app/wwwroot/saleWechat/App/Admin/Controller/UserController.class.php 第 16 行.
NOTIC: [8] Undefined index: order /app/wwwroot/saleWechat/App/Admin/Controller/UserController.class.php 第 32 行.
NOTIC: [8] Undefined variable: where /app/wwwroot/saleWechat/App/Admin/Controller/UserController.class.php 第 36 行.
NOTIC: [8] Undefined variable: order /app/wwwroot/saleWechat/App/Admin/Controller/UserController.class.php 第 36 行.
SQL: SHOW COLUMNS FROM `dd_user` [ RunTime:0.0017s ]
SQL: SELECT COUNT(*) AS tp_count FROM `dd_user` LIMIT 1   [ RunTime:0.0006s ]
SQL: SELECT * FROM `dd_user` ORDER BY id desc LIMIT 0,25   [ RunTime:0.0011s ]
INFO: [ view_parse ] --START--
INFO: [ template_filter ] --START--
INFO: Run Behavior\ContentReplaceBehavior [ RunTime:0.000238s ]
INFO: [ template_filter ] --END-- [ RunTime:0.000753s ]
NOTIC: [8] Undefined index: level /app/wwwroot/saleWechat/App/Runtime/Cache/Admin/4295d5db477f3199c8db51638416159f.php 第 158 行.
NOTIC: [8] Undefined index: id /app/wwwroot/saleWechat/App/Runtime/Cache/Admin/4295d5db477f3199c8db51638416159f.php 第 164 行.
NOTIC: [8] Undefined index: order /app/wwwroot/saleWechat/App/Runtime/Cache/Admin/4295d5db477f3199c8db51638416159f.php 第 172 行.
NOTIC: [8] Undefined index: order /app/wwwroot/saleWechat/App/Runtime/Cache/Admin/4295d5db477f3199c8db51638416159f.php 第 174 行.
NOTIC: [8] Undefined index: order /app/wwwroot/saleWechat/App/Runtime/Cache/Admin/4295d5db477f3199c8db51638416159f.php 第 181 行.
NOTIC: [8] Undefined index: order /app/wwwroot/saleWechat/App/Runtime/Cache/Admin/4295d5db477f3199c8db51638416159f.php 第 183 行.
NOTIC: [8] Undefined index: order /app/wwwroot/saleWechat/App/Runtime/Cache/Admin/4295d5db477f3199c8db51638416159f.php 第 187 行.
NOTIC: [8] Undefined index: order /app/wwwroot/saleWechat/App/Runtime/Cache/Admin/4295d5db477f3199c8db51638416159f.php 第 189 行.
NOTIC: [8] Undefined index: order /app/wwwroot/saleWechat/App/Runtime/Cache/Admin/4295d5db477f3199c8db51638416159f.php 第 193 行.
NOTIC: [8] Undefined index: order /app/wwwroot/saleWechat/App/Runtime/Cache/Admin/4295d5db477f3199c8db51638416159f.php 第 195 行.
NOTIC: [8] Undefined index: order /app/wwwroot/saleWechat/App/Runtime/Cache/Admin/4295d5db477f3199c8db51638416159f.php 第 199 行.
NOTIC: [8] Undefined index: order /app/wwwroot/saleWechat/App/Runtime/Cache/Admin/4295d5db477f3199c8db51638416159f.php 第 201 行.
INFO: Run Behavior\ParseTemplateBehavior [ RunTime:0.094160s ]
INFO: [ view_parse ] --END-- [ RunTime:0.094732s ]
INFO: [ view_filter ] --START--
INFO: Run Behavior\WriteHtmlCacheBehavior [ RunTime:0.002395s ]
INFO: [ view_filter ] --END-- [ RunTime:0.002766s ]
INFO: [ app_end ] --START--
INFO: Run Behavior\ShowPageTraceBehavior [ RunTime:0.002471s ]
INFO: [ app_end ] --END-- [ RunTime:0.002774s ]

[ 2018-09-25T19:54:09+08:00 ] 192.168.56.2 /35262475.php?m=Admin&c=User&a=detail&id=10025
INFO: [ app_init ] --START--
INFO: Run Behavior\BuildLiteBehavior [ RunTime:0.000061s ]
INFO: [ app_init ] --END-- [ RunTime:0.001235s ]
INFO: [ app_begin ] --START--
INFO: Run Behavior\ReadHtmlCacheBehavior [ RunTime:0.000946s ]
INFO: [ app_begin ] --END-- [ RunTime:0.001236s ]
SQL: SHOW COLUMNS FROM `dd_config` [ RunTime:0.0010s ]
SQL: SELECT * FROM `dd_config`  [ RunTime:0.0005s ]
SQL: SHOW COLUMNS FROM `dd_user` [ RunTime:0.0013s ]
SQL: SELECT * FROM `dd_user` WHERE `id` = 10025 LIMIT 1   [ RunTime:0.0004s ]
SQL: SHOW COLUMNS FROM `dd_separate_log` [ RunTime:0.0025s ]
SQL: SELECT SUM(money) AS tp_sum FROM `dd_separate_log` WHERE ( user_id=10025 ) LIMIT 1   [ RunTime:0.0005s ]
SQL: SELECT SUM(points) AS tp_sum FROM `dd_separate_log` WHERE ( user_id=10025 ) LIMIT 1   [ RunTime:0.0003s ]
INFO: [ view_parse ] --START--
INFO: [ template_filter ] --START--
INFO: Run Behavior\ContentReplaceBehavior [ RunTime:0.000143s ]
INFO: [ template_filter ] --END-- [ RunTime:0.000547s ]
INFO: Run Behavior\ParseTemplateBehavior [ RunTime:0.060308s ]
INFO: [ view_parse ] --END-- [ RunTime:0.060811s ]
INFO: [ view_filter ] --START--
INFO: Run Behavior\WriteHtmlCacheBehavior [ RunTime:0.002458s ]
INFO: [ view_filter ] --END-- [ RunTime:0.002886s ]
INFO: [ app_end ] --START--
INFO: Run Behavior\ShowPageTraceBehavior [ RunTime:0.002451s ]
INFO: [ app_end ] --END-- [ RunTime:0.002745s ]

[ 2018-09-25T19:54:16+08:00 ] 192.168.56.2 /35262475.php?m=Admin&c=Reward&a=index
INFO: [ app_init ] --START--
INFO: Run Behavior\BuildLiteBehavior [ RunTime:0.000061s ]
INFO: [ app_init ] --END-- [ RunTime:0.001440s ]
INFO: [ app_begin ] --START--
INFO: Run Behavior\ReadHtmlCacheBehavior [ RunTime:0.001464s ]
INFO: [ app_begin ] --END-- [ RunTime:0.001755s ]
SQL: SHOW COLUMNS FROM `dd_config` [ RunTime:0.0006s ]
SQL: SELECT * FROM `dd_config`  [ RunTime:0.0006s ]
NOTIC: [8] Undefined index: config /app/wwwroot/saleWechat/App/Common/Common/function.php 第 62 行.
NOTIC: [2] Invalid argument supplied for foreach() /app/wwwroot/saleWechat/App/Common/Common/function.php 第 62 行.
SQL: SHOW COLUMNS FROM `dd_reward` [ RunTime:0.0022s ]
SQL: SELECT COUNT(*) AS tp_count FROM `dd_reward` LIMIT 1   [ RunTime:0.0004s ]
SQL: SELECT * FROM `dd_reward` ORDER BY id desc LIMIT 0,25   [ RunTime:0.0004s ]
INFO: [ view_parse ] --START--
INFO: [ template_filter ] --START--
INFO: Run Behavior\ContentReplaceBehavior [ RunTime:0.000259s ]
INFO: [ template_filter ] --END-- [ RunTime:0.000862s ]
INFO: Run Behavior\ParseTemplateBehavior [ RunTime:0.063221s ]
INFO: [ view_parse ] --END-- [ RunTime:0.063570s ]
INFO: [ view_filter ] --START--
INFO: Run Behavior\WriteHtmlCacheBehavior [ RunTime:0.002857s ]
INFO: [ view_filter ] --END-- [ RunTime:0.003286s ]
INFO: [ app_end ] --START--
INFO: Run Behavior\ShowPageTraceBehavior [ RunTime:0.003533s ]
INFO: [ app_end ] --END-- [ RunTime:0.004018s ]

[ 2018-09-25T19:54:19+08:00 ] 192.168.56.2 /35262475.php?m=Admin&c=Withdraw&a=index
INFO: [ app_init ] --START--
INFO: Run Behavior\BuildLiteBehavior [ RunTime:0.000057s ]
INFO: [ app_init ] --END-- [ RunTime:0.001458s ]
INFO: [ app_begin ] --START--
INFO: Run Behavior\ReadHtmlCacheBehavior [ RunTime:0.002316s ]
INFO: [ app_begin ] --END-- [ RunTime:0.002790s ]
SQL: SHOW COLUMNS FROM `dd_config` [ RunTime:0.0022s ]
SQL: SELECT * FROM `dd_config`  [ RunTime:0.0009s ]
NOTIC: [8] Undefined variable: where /app/wwwroot/saleWechat/App/Admin/Controller/WithdrawController.class.php 第 25 行.
SQL: SHOW COLUMNS FROM `dd_withdraw` [ RunTime:0.0046s ]
SQL: SELECT COUNT(*) AS tp_count FROM `dd_withdraw` LIMIT 1   [ RunTime:0.0010s ]
SQL: SELECT * FROM `dd_withdraw` ORDER BY id desc LIMIT 0,25   [ RunTime:0.0029s ]
INFO: [ view_parse ] --START--
INFO: [ template_filter ] --START--
INFO: Run Behavior\ContentReplaceBehavior [ RunTime:0.000598s ]
INFO: [ template_filter ] --END-- [ RunTime:0.001335s ]
NOTIC: [8] Undefined index: status /app/wwwroot/saleWechat/App/Runtime/Cache/Admin/5f2db3d374b642cc1773dc7743c7d79b.php 第 158 行.
NOTIC: [8] Undefined index: time1 /app/wwwroot/saleWechat/App/Runtime/Cache/Admin/5f2db3d374b642cc1773dc7743c7d79b.php 第 166 行.
NOTIC: [8] Undefined index: time2 /app/wwwroot/saleWechat/App/Runtime/Cache/Admin/5f2db3d374b642cc1773dc7743c7d79b.php 第 168 行.
INFO: Run Behavior\ParseTemplateBehavior [ RunTime:0.164475s ]
INFO: [ view_parse ] --END-- [ RunTime:0.165563s ]
INFO: [ view_filter ] --START--
INFO: Run Behavior\WriteHtmlCacheBehavior [ RunTime:0.005873s ]
INFO: [ view_filter ] --END-- [ RunTime:0.006656s ]
INFO: [ app_end ] --START--
INFO: Run Behavior\ShowPageTraceBehavior [ RunTime:0.005606s ]
INFO: [ app_end ] --END-- [ RunTime:0.006339s ]

[ 2018-09-25T19:54:24+08:00 ] 192.168.56.2 /35262475.php?m=Admin&c=Selfmenu&a=index
INFO: [ app_init ] --START--
INFO: Run Behavior\BuildLiteBehavior [ RunTime:0.000057s ]
INFO: [ app_init ] --END-- [ RunTime:0.001376s ]
INFO: [ app_begin ] --START--
INFO: Run Behavior\ReadHtmlCacheBehavior [ RunTime:0.001894s ]
INFO: [ app_begin ] --END-- [ RunTime:0.002207s ]
SQL: SHOW COLUMNS FROM `dd_config` [ RunTime:0.0005s ]
SQL: SELECT * FROM `dd_config`  [ RunTime:0.0003s ]
SQL: SHOW COLUMNS FROM `dd_selfmenu` [ RunTime:0.0006s ]
SQL: SELECT COUNT(*) AS tp_count FROM `dd_selfmenu` LIMIT 1   [ RunTime:0.0006s ]
SQL: SELECT * FROM `dd_selfmenu` ORDER BY sort desc LIMIT 0,25   [ RunTime:0.0006s ]
INFO: [ view_parse ] --START--
INFO: [ template_filter ] --START--
INFO: Run Behavior\ContentReplaceBehavior [ RunTime:0.000168s ]
INFO: [ template_filter ] --END-- [ RunTime:0.000624s ]
INFO: Run Behavior\ParseTemplateBehavior [ RunTime:0.081172s ]
INFO: [ view_parse ] --END-- [ RunTime:0.081513s ]
INFO: [ view_filter ] --START--
INFO: Run Behavior\WriteHtmlCacheBehavior [ RunTime:0.003235s ]
INFO: [ view_filter ] --END-- [ RunTime:0.003531s ]
INFO: [ app_end ] --START--
INFO: Run Behavior\ShowPageTraceBehavior [ RunTime:0.003205s ]
INFO: [ app_end ] --END-- [ RunTime:0.003497s ]

[ 2018-09-25T19:54:57+08:00 ] 192.168.56.2 /35262475.php?m=Admin&c=Autoreply&a=index
INFO: [ app_init ] --START--
INFO: Run Behavior\BuildLiteBehavior [ RunTime:0.000054s ]
INFO: [ app_init ] --END-- [ RunTime:0.000958s ]
INFO: [ app_begin ] --START--
INFO: Run Behavior\ReadHtmlCacheBehavior [ RunTime:0.001070s ]
INFO: [ app_begin ] --END-- [ RunTime:0.001384s ]
SQL: SHOW COLUMNS FROM `dd_config` [ RunTime:0.0023s ]
SQL: SELECT * FROM `dd_config`  [ RunTime:0.0012s ]
SQL: SHOW COLUMNS FROM `dd_autoreply` [ RunTime:0.0286s ]
SQL: SELECT COUNT(*) AS tp_count FROM `dd_autoreply` LIMIT 1   [ RunTime:0.0010s ]
SQL: SELECT * FROM `dd_autoreply` ORDER BY id desc LIMIT 0,25   [ RunTime:0.0025s ]
INFO: [ view_parse ] --START--
INFO: [ template_filter ] --START--
INFO: Run Behavior\ContentReplaceBehavior [ RunTime:0.000741s ]
INFO: [ template_filter ] --END-- [ RunTime:0.003389s ]
INFO: Run Behavior\ParseTemplateBehavior [ RunTime:0.226216s ]
INFO: [ view_parse ] --END-- [ RunTime:0.227745s ]
INFO: [ view_filter ] --START--
INFO: Run Behavior\WriteHtmlCacheBehavior [ RunTime:0.006396s ]
INFO: [ view_filter ] --END-- [ RunTime:0.008270s ]
INFO: [ app_end ] --START--
INFO: Run Behavior\ShowPageTraceBehavior [ RunTime:0.005937s ]
INFO: [ app_end ] --END-- [ RunTime:0.007317s ]

[ 2018-09-25T19:55:05+08:00 ] 192.168.56.2 /35262475.php?m=Admin&c=Report&a=index
INFO: [ app_init ] --START--
INFO: Run Behavior\BuildLiteBehavior [ RunTime:0.000056s ]
INFO: [ app_init ] --END-- [ RunTime:0.000876s ]
INFO: [ app_begin ] --START--
INFO: Run Behavior\ReadHtmlCacheBehavior [ RunTime:0.001103s ]
INFO: [ app_begin ] --END-- [ RunTime:0.001389s ]
SQL: SHOW COLUMNS FROM `dd_config` [ RunTime:0.0024s ]
SQL: SELECT * FROM `dd_config`  [ RunTime:0.0015s ]
SQL: SHOW COLUMNS FROM `dd_data` [ RunTime:0.0028s ]
NOTIC: [8] Undefined variable: where /app/wwwroot/saleWechat/App/Admin/Controller/ReportController.class.php 第 18 行.
SQL: SELECT * FROM `dd_data` ORDER BY date desc LIMIT 7   [ RunTime:0.0016s ]
INFO: [ view_parse ] --START--
INFO: [ template_filter ] --START--
INFO: Run Behavior\ContentReplaceBehavior [ RunTime:0.000603s ]
INFO: [ template_filter ] --END-- [ RunTime:0.001844s ]
NOTIC: [8] Undefined index: stime /app/wwwroot/saleWechat/App/Runtime/Cache/Admin/da651220a06b7cd0ef731344db300ba8.php 第 168 行.
NOTIC: [8] Undefined index: etime /app/wwwroot/saleWechat/App/Runtime/Cache/Admin/da651220a06b7cd0ef731344db300ba8.php 第 170 行.
INFO: Run Behavior\ParseTemplateBehavior [ RunTime:0.172820s ]
INFO: [ view_parse ] --END-- [ RunTime:0.174008s ]
INFO: [ view_filter ] --START--
INFO: Run Behavior\WriteHtmlCacheBehavior [ RunTime:0.006369s ]
INFO: [ view_filter ] --END-- [ RunTime:0.007704s ]
INFO: [ app_end ] --START--
INFO: Run Behavior\ShowPageTraceBehavior [ RunTime:0.005439s ]
INFO: [ app_end ] --END-- [ RunTime:0.006373s ]

[ 2018-09-25T19:55:08+08:00 ] 192.168.56.2 /35262475.php?m=Admin&c=Report&a=instant
INFO: [ app_init ] --START--
INFO: Run Behavior\BuildLiteBehavior [ RunTime:0.000059s ]
INFO: [ app_init ] --END-- [ RunTime:0.001413s ]
INFO: [ app_begin ] --START--
INFO: Run Behavior\ReadHtmlCacheBehavior [ RunTime:0.001202s ]
INFO: [ app_begin ] --END-- [ RunTime:0.001496s ]
SQL: SHOW COLUMNS FROM `dd_config` [ RunTime:0.0011s ]
SQL: SELECT * FROM `dd_config`  [ RunTime:0.0007s ]
SQL: SHOW COLUMNS FROM `dd_order` [ RunTime:0.0014s ]
SQL: SELECT COUNT(*) AS tp_count FROM `dd_order` LIMIT 1   [ RunTime:0.0006s ]
SQL: SELECT COUNT(*) AS tp_count FROM `dd_order` WHERE `status` = 4 LIMIT 1   [ RunTime:0.0005s ]
SQL: SELECT COUNT(*) AS tp_count FROM `dd_order` WHERE `status` = -1 LIMIT 1   [ RunTime:0.0005s ]
SQL: SELECT COUNT(*) AS tp_count FROM `dd_order` WHERE `status` = 3 LIMIT 1   [ RunTime:0.0004s ]
SQL: SELECT COUNT(*) AS tp_count FROM `dd_order` WHERE `status` = 2 LIMIT 1   [ RunTime:0.0004s ]
SQL: SELECT SUM(total) AS tp_sum FROM `dd_order` WHERE `status` > 0 LIMIT 1   [ RunTime:0.0007s ]
NOTIC: [2] Missing argument 1 for Think\Model::where(), called in /app/wwwroot/saleWechat/App/Admin/Controller/ReportController.class.php on line 56 and defined /app/wwwroot/saleWechat/#ThinkPHP/Library/Think/Model.class.php 第 1777 行.
NOTIC: [8] Undefined variable: where /app/wwwroot/saleWechat/#ThinkPHP/Library/Think/Model.class.php 第 1785 行.
NOTIC: [8] Undefined variable: where /app/wwwroot/saleWechat/#ThinkPHP/Library/Think/Model.class.php 第 1788 行.
NOTIC: [8] Undefined variable: where /app/wwwroot/saleWechat/#ThinkPHP/Library/Think/Model.class.php 第 1796 行.
SQL: SELECT SUM(wxpay) AS tp_sum FROM `dd_order` LIMIT 1   [ RunTime:0.0006s ]
SQL: SHOW COLUMNS FROM `dd_user` [ RunTime:0.0014s ]
SQL: SELECT SUM(money) AS tp_sum FROM `dd_user` LIMIT 1   [ RunTime:0.0007s ]
NOTIC: [8] Undefined offset: 0 /app/wwwroot/saleWechat/#ThinkPHP/Library/Think/Db/Driver.class.php 第 539 行.
NOTIC: [8] Undefined offset: 0 /app/wwwroot/saleWechat/#ThinkPHP/Library/Think/Db/Driver.class.php 第 585 行.
NOTIC: [8] Undefined offset: 0 /app/wwwroot/saleWechat/#ThinkPHP/Library/Think/Db/Driver.class.php 第 585 行.
NOTIC: [8] Undefined offset: 0 /app/wwwroot/saleWechat/#ThinkPHP/Library/Think/Db/Driver.class.php 第 586 行.
NOTIC: [8] Undefined offset: 0 /app/wwwroot/saleWechat/#ThinkPHP/Library/Think/Db/Driver.class.php 第 589 行.
SQL: SELECT SUM(total) AS tp_sum FROM `dd_order` WHERE `create_time` > 1537804800 AND ( `status` = null  ) LIMIT 1   [ RunTime:0.0007s ]
SQL: SELECT SUM(wxpay) AS tp_sum FROM `dd_order` WHERE `create_time` > 1537804800 LIMIT 1   [ RunTime:0.0004s ]
SQL: SELECT SUM(points) AS tp_sum FROM `dd_user` LIMIT 1   [ RunTime:0.0006s ]
SQL: SHOW COLUMNS FROM `dd_separate_log` [ RunTime:0.0013s ]
SQL: SELECT SUM(money) AS tp_sum FROM `dd_separate_log` LIMIT 1   [ RunTime:0.0006s ]
SQL: SELECT SUM(points) AS tp_sum FROM `dd_separate_log` LIMIT 1   [ RunTime:0.0004s ]
SQL: SELECT SUM(money) AS tp_sum FROM `dd_separate_log` WHERE ( status=1 ) LIMIT 1   [ RunTime:0.0004s ]
SQL: SELECT SUM(points) AS tp_sum FROM `dd_separate_log` WHERE ( status=1 ) LIMIT 1   [ RunTime:0.0004s ]
SQL: SELECT SUM(money) AS tp_sum FROM `dd_separate_log` WHERE ( status=4 ) LIMIT 1   [ RunTime:0.0004s ]
SQL: SELECT SUM(points) AS tp_sum FROM `dd_separate_log` WHERE ( status=4 ) LIMIT 1   [ RunTime:0.0005s ]
INFO: [ view_parse ] --START--
INFO: [ template_filter ] --START--
INFO: Run Behavior\ContentReplaceBehavior [ RunTime:0.000611s ]
INFO: [ template_filter ] --END-- [ RunTime:0.001774s ]
INFO: Run Behavior\ParseTemplateBehavior [ RunTime:0.147683s ]
INFO: [ view_parse ] --END-- [ RunTime:0.148253s ]
INFO: [ view_filter ] --START--
INFO: Run Behavior\WriteHtmlCacheBehavior [ RunTime:0.005017s ]
INFO: [ view_filter ] --END-- [ RunTime:0.005831s ]
INFO: [ app_end ] --START--
INFO: Run Behavior\ShowPageTraceBehavior [ RunTime:0.005716s ]
INFO: [ app_end ] --END-- [ RunTime:0.006648s ]

[ 2018-09-25T19:55:11+08:00 ] 192.168.56.2 /35262475.php?m=Admin&c=Update&a=index
INFO: [ app_init ] --START--
INFO: Run Behavior\BuildLiteBehavior [ RunTime:0.000054s ]
INFO: [ app_init ] --END-- [ RunTime:0.000384s ]
INFO: [ app_begin ] --START--
INFO: Run Behavior\ReadHtmlCacheBehavior [ RunTime:0.000916s ]
INFO: [ app_begin ] --END-- [ RunTime:0.001462s ]
SQL: SHOW COLUMNS FROM `dd_config` [ RunTime:0.0009s ]
SQL: SELECT * FROM `dd_config`  [ RunTime:0.0003s ]
INFO: [ view_parse ] --START--
INFO: [ template_filter ] --START--
INFO: Run Behavior\ContentReplaceBehavior [ RunTime:0.000131s ]
INFO: [ template_filter ] --END-- [ RunTime:0.000424s ]
INFO: Run Behavior\ParseTemplateBehavior [ RunTime:0.045834s ]
INFO: [ view_parse ] --END-- [ RunTime:0.046316s ]
INFO: [ view_filter ] --START--
INFO: Run Behavior\WriteHtmlCacheBehavior [ RunTime:0.001096s ]
INFO: [ view_filter ] --END-- [ RunTime:0.001541s ]
INFO: [ app_end ] --START--
INFO: Run Behavior\ShowPageTraceBehavior [ RunTime:0.001165s ]
INFO: [ app_end ] --END-- [ RunTime:0.001439s ]

[ 2018-09-25T19:55:23+08:00 ] 192.168.56.2 /35262475.php?m=Admin&c=Config&a=tpl
INFO: [ app_init ] --START--
INFO: Run Behavior\BuildLiteBehavior [ RunTime:0.000056s ]
INFO: [ app_init ] --END-- [ RunTime:0.001153s ]
INFO: [ app_begin ] --START--
INFO: Run Behavior\ReadHtmlCacheBehavior [ RunTime:0.001336s ]
INFO: [ app_begin ] --END-- [ RunTime:0.001620s ]
SQL: SHOW COLUMNS FROM `dd_config` [ RunTime:0.0007s ]
SQL: SELECT * FROM `dd_config`  [ RunTime:0.0004s ]
INFO: [ view_parse ] --START--
INFO: [ template_filter ] --START--
INFO: Run Behavior\ContentReplaceBehavior [ RunTime:0.000135s ]
INFO: [ template_filter ] --END-- [ RunTime:0.000445s ]
INFO: Run Behavior\ParseTemplateBehavior [ RunTime:0.057333s ]
INFO: [ view_parse ] --END-- [ RunTime:0.057864s ]
INFO: [ view_filter ] --START--
INFO: Run Behavior\WriteHtmlCacheBehavior [ RunTime:0.001798s ]
INFO: [ view_filter ] --END-- [ RunTime:0.002085s ]
INFO: [ app_end ] --START--
INFO: Run Behavior\ShowPageTraceBehavior [ RunTime:0.002254s ]
INFO: [ app_end ] --END-- [ RunTime:0.002673s ]

[ 2018-09-25T19:55:31+08:00 ] 192.168.56.2 /35262475.php?m=Admin&c=Config&a=tpl
INFO: [ app_init ] --START--
INFO: Run Behavior\BuildLiteBehavior [ RunTime:0.000057s ]
INFO: [ app_init ] --END-- [ RunTime:0.001488s ]
INFO: [ app_begin ] --START--
INFO: Run Behavior\ReadHtmlCacheBehavior [ RunTime:0.002095s ]
INFO: [ app_begin ] --END-- [ RunTime:0.002424s ]
SQL: SHOW COLUMNS FROM `dd_config` [ RunTime:0.0007s ]
SQL: SELECT * FROM `dd_config`  [ RunTime:0.0005s ]
SQL: UPDATE `dd_config` SET `value`='a:1:{s:5:\"index\";s:7:\"default\";}' WHERE `name` = 'tpl' [ RunTime:0.0006s ]
INFO: [ view_parse ] --START--
INFO: [ template_filter ] --START--
INFO: Run Behavior\ContentReplaceBehavior [ RunTime:0.000153s ]
INFO: [ template_filter ] --END-- [ RunTime:0.000490s ]
INFO: Run Behavior\ParseTemplateBehavior [ RunTime:0.025874s ]
INFO: [ view_parse ] --END-- [ RunTime:0.026237s ]
INFO: [ view_filter ] --START--
INFO: Run Behavior\WriteHtmlCacheBehavior [ RunTime:0.001804s ]
INFO: [ view_filter ] --END-- [ RunTime:0.002181s ]

[ 2018-09-25T19:55:33+08:00 ] 192.168.56.2 /35262475.php?m=Admin&c=Config&a=tpl
INFO: [ app_init ] --START--
INFO: Run Behavior\BuildLiteBehavior [ RunTime:0.000158s ]
INFO: [ app_init ] --END-- [ RunTime:0.001580s ]
INFO: [ app_begin ] --START--
INFO: Run Behavior\ReadHtmlCacheBehavior [ RunTime:0.002289s ]
INFO: [ app_begin ] --END-- [ RunTime:0.003120s ]
SQL: SHOW COLUMNS FROM `dd_config` [ RunTime:0.0014s ]
SQL: SELECT * FROM `dd_config`  [ RunTime:0.0007s ]
INFO: [ view_parse ] --START--
INFO: [ template_filter ] --START--
INFO: Run Behavior\ContentReplaceBehavior [ RunTime:0.000385s ]
INFO: [ template_filter ] --END-- [ RunTime:0.001476s ]
INFO: Run Behavior\ParseTemplateBehavior [ RunTime:0.139073s ]
INFO: [ view_parse ] --END-- [ RunTime:0.140136s ]
INFO: [ view_filter ] --START--
INFO: Run Behavior\WriteHtmlCacheBehavior [ RunTime:0.002675s ]
INFO: [ view_filter ] --END-- [ RunTime:0.003639s ]
INFO: [ app_end ] --START--
INFO: Run Behavior\ShowPageTraceBehavior [ RunTime:0.002532s ]
INFO: [ app_end ] --END-- [ RunTime:0.003601s ]

