[ 2018-09-24T11:04:02+08:00 ] 192.168.56.2 /35262475.php
INFO: [ app_init ] --START--
INFO: Run Behavior\BuildLiteBehavior [ RunTime:0.000059s ]
INFO: [ app_init ] --END-- [ RunTime:0.001778s ]
INFO: [ app_begin ] --START--
INFO: Run Behavior\ReadHtmlCacheBehavior [ RunTime:0.001868s ]
INFO: [ app_begin ] --END-- [ RunTime:0.002183s ]
SQL: SHOW COLUMNS FROM `dd_config` [ RunTime:0.0005s ]
SQL: SELECT * FROM `dd_config`  [ RunTime:0.0003s ]

[ 2018-09-24T11:04:02+08:00 ] 192.168.56.2 /35262475.php?m=Admin&c=Index&a=login
INFO: [ app_init ] --START--
INFO: Run Behavior\BuildLiteBehavior [ RunTime:0.000057s ]
INFO: [ app_init ] --END-- [ RunTime:0.000414s ]
INFO: [ app_begin ] --START--
INFO: Run Behavior\ReadHtmlCacheBehavior [ RunTime:0.000860s ]
INFO: [ app_begin ] --END-- [ RunTime:0.001203s ]
SQL: SHOW COLUMNS FROM `dd_config` [ RunTime:0.0006s ]
SQL: SELECT * FROM `dd_config`  [ RunTime:0.0003s ]
INFO: [ view_parse ] --START--
INFO: [ template_filter ] --START--
INFO: Run Behavior\ContentReplaceBehavior [ RunTime:0.000143s ]
INFO: [ template_filter ] --END-- [ RunTime:0.000533s ]
INFO: Run Behavior\ParseTemplateBehavior [ RunTime:0.035328s ]
INFO: [ view_parse ] --END-- [ RunTime:0.035666s ]
INFO: [ view_filter ] --START--
INFO: Run Behavior\WriteHtmlCacheBehavior [ RunTime:0.003145s ]
INFO: [ view_filter ] --END-- [ RunTime:0.003474s ]
INFO: [ app_end ] --START--
INFO: Run Behavior\ShowPageTraceBehavior [ RunTime:0.003226s ]
INFO: [ app_end ] --END-- [ RunTime:0.003542s ]

[ 2018-09-24T11:04:07+08:00 ] 192.168.56.2 /35262475.php?m=Admin&c=Index&a=login
INFO: [ app_init ] --START--
INFO: Run Behavior\BuildLiteBehavior [ RunTime:0.000061s ]
INFO: [ app_init ] --END-- [ RunTime:0.002181s ]
INFO: [ app_begin ] --START--
INFO: Run Behavior\ReadHtmlCacheBehavior [ RunTime:0.002362s ]
INFO: [ app_begin ] --END-- [ RunTime:0.002678s ]
SQL: SHOW COLUMNS FROM `dd_config` [ RunTime:0.0009s ]
SQL: SELECT * FROM `dd_config`  [ RunTime:0.0004s ]

[ 2018-09-24T11:04:07+08:00 ] 192.168.56.2 /35262475.php?m=Admin&c=Admin&a=welcome
INFO: [ app_init ] --START--
INFO: Run Behavior\BuildLiteBehavior [ RunTime:0.000056s ]
INFO: [ app_init ] --END-- [ RunTime:0.000399s ]
INFO: [ app_begin ] --START--
INFO: Run Behavior\ReadHtmlCacheBehavior [ RunTime:0.000515s ]
INFO: [ app_begin ] --END-- [ RunTime:0.000844s ]
SQL: SHOW COLUMNS FROM `dd_config` [ RunTime:0.0006s ]
SQL: SELECT * FROM `dd_config`  [ RunTime:0.0003s ]
INFO: [ view_parse ] --START--
INFO: [ template_filter ] --START--
INFO: Run Behavior\ContentReplaceBehavior [ RunTime:0.000558s ]
INFO: [ template_filter ] --END-- [ RunTime:0.001639s ]

[ 2018-09-24T11:05:50+08:00 ] 192.168.56.2 /35262475.php?m=Admin&c=Admin&a=welcome
INFO: [ app_init ] --START--
INFO: Run Behavior\BuildLiteBehavior [ RunTime:0.000060s ]
INFO: [ app_init ] --END-- [ RunTime:0.002390s ]
INFO: [ app_begin ] --START--
INFO: Run Behavior\ReadHtmlCacheBehavior [ RunTime:0.002121s ]
INFO: [ app_begin ] --END-- [ RunTime:0.002437s ]
SQL: SHOW COLUMNS FROM `dd_config` [ RunTime:0.0005s ]
SQL: SELECT * FROM `dd_config`  [ RunTime:0.0002s ]
INFO: [ view_parse ] --START--
INFO: [ template_filter ] --START--
INFO: Run Behavior\ContentReplaceBehavior [ RunTime:0.000139s ]
INFO: [ template_filter ] --END-- [ RunTime:0.000443s ]
NOTIC: [8] Undefined variable: info /app/wwwroot/saleWechat/App/Runtime/Cache/Admin/3f8e21163f0e24877c187075c7de7410.php 第 172 行.
NOTIC: [8] Undefined variable: info /app/wwwroot/saleWechat/App/Runtime/Cache/Admin/3f8e21163f0e24877c187075c7de7410.php 第 176 行.
NOTIC: [8] Undefined variable: info /app/wwwroot/saleWechat/App/Runtime/Cache/Admin/3f8e21163f0e24877c187075c7de7410.php 第 180 行.
NOTIC: [8] Undefined variable: info /app/wwwroot/saleWechat/App/Runtime/Cache/Admin/3f8e21163f0e24877c187075c7de7410.php 第 184 行.
NOTIC: [8] Undefined variable: info /app/wwwroot/saleWechat/App/Runtime/Cache/Admin/3f8e21163f0e24877c187075c7de7410.php 第 188 行.
NOTIC: [8] Undefined variable: info /app/wwwroot/saleWechat/App/Runtime/Cache/Admin/3f8e21163f0e24877c187075c7de7410.php 第 192 行.
NOTIC: [8] Undefined variable: info /app/wwwroot/saleWechat/App/Runtime/Cache/Admin/3f8e21163f0e24877c187075c7de7410.php 第 196 行.
NOTIC: [8] Undefined variable: info /app/wwwroot/saleWechat/App/Runtime/Cache/Admin/3f8e21163f0e24877c187075c7de7410.php 第 200 行.
NOTIC: [8] Undefined variable: info /app/wwwroot/saleWechat/App/Runtime/Cache/Admin/3f8e21163f0e24877c187075c7de7410.php 第 204 行.
INFO: Run Behavior\ParseTemplateBehavior [ RunTime:0.050043s ]
INFO: [ view_parse ] --END-- [ RunTime:0.050355s ]
INFO: [ view_filter ] --START--
INFO: Run Behavior\WriteHtmlCacheBehavior [ RunTime:0.003989s ]
INFO: [ view_filter ] --END-- [ RunTime:0.004447s ]
INFO: [ app_end ] --START--
INFO: Run Behavior\ShowPageTraceBehavior [ RunTime:0.003629s ]
INFO: [ app_end ] --END-- [ RunTime:0.004084s ]

[ 2018-09-24T11:06:39+08:00 ] 192.168.56.2 /35262475.php?m=Admin&c=Admin&a=welcome
INFO: [ app_init ] --START--
INFO: Run Behavior\BuildLiteBehavior [ RunTime:0.000063s ]
INFO: [ app_init ] --END-- [ RunTime:0.001886s ]
INFO: [ app_begin ] --START--
INFO: Run Behavior\ReadHtmlCacheBehavior [ RunTime:0.002013s ]
INFO: [ app_begin ] --END-- [ RunTime:0.002325s ]
SQL: SHOW COLUMNS FROM `dd_config` [ RunTime:0.0007s ]
SQL: SELECT * FROM `dd_config`  [ RunTime:0.0004s ]
INFO: [ view_parse ] --START--
INFO: [ template_filter ] --START--
INFO: Run Behavior\ContentReplaceBehavior [ RunTime:0.000169s ]
INFO: [ template_filter ] --END-- [ RunTime:0.000477s ]
NOTIC: [8] Undefined variable: info /app/wwwroot/saleWechat/App/Runtime/Cache/Admin/3f8e21163f0e24877c187075c7de7410.php 第 172 行.
NOTIC: [8] Undefined variable: info /app/wwwroot/saleWechat/App/Runtime/Cache/Admin/3f8e21163f0e24877c187075c7de7410.php 第 176 行.
NOTIC: [8] Undefined variable: info /app/wwwroot/saleWechat/App/Runtime/Cache/Admin/3f8e21163f0e24877c187075c7de7410.php 第 180 行.
NOTIC: [8] Undefined variable: info /app/wwwroot/saleWechat/App/Runtime/Cache/Admin/3f8e21163f0e24877c187075c7de7410.php 第 184 行.
NOTIC: [8] Undefined variable: info /app/wwwroot/saleWechat/App/Runtime/Cache/Admin/3f8e21163f0e24877c187075c7de7410.php 第 188 行.
NOTIC: [8] Undefined variable: info /app/wwwroot/saleWechat/App/Runtime/Cache/Admin/3f8e21163f0e24877c187075c7de7410.php 第 192 行.
NOTIC: [8] Undefined variable: info /app/wwwroot/saleWechat/App/Runtime/Cache/Admin/3f8e21163f0e24877c187075c7de7410.php 第 196 行.
NOTIC: [8] Undefined variable: info /app/wwwroot/saleWechat/App/Runtime/Cache/Admin/3f8e21163f0e24877c187075c7de7410.php 第 200 行.
NOTIC: [8] Undefined variable: info /app/wwwroot/saleWechat/App/Runtime/Cache/Admin/3f8e21163f0e24877c187075c7de7410.php 第 204 行.
INFO: Run Behavior\ParseTemplateBehavior [ RunTime:0.051192s ]
INFO: [ view_parse ] --END-- [ RunTime:0.051507s ]
INFO: [ view_filter ] --START--
INFO: Run Behavior\WriteHtmlCacheBehavior [ RunTime:0.003670s ]
INFO: [ view_filter ] --END-- [ RunTime:0.003979s ]
INFO: [ app_end ] --START--
INFO: Run Behavior\ShowPageTraceBehavior [ RunTime:0.003274s ]
INFO: [ app_end ] --END-- [ RunTime:0.003580s ]

[ 2018-09-24T11:08:21+08:00 ] 192.168.56.2 /35262475.php?m=Admin&c=Admin&a=welcome
INFO: [ app_init ] --START--
INFO: Run Behavior\BuildLiteBehavior [ RunTime:0.000078s ]
INFO: [ app_init ] --END-- [ RunTime:0.001903s ]
INFO: [ app_begin ] --START--
INFO: Run Behavior\ReadHtmlCacheBehavior [ RunTime:0.001893s ]
INFO: [ app_begin ] --END-- [ RunTime:0.002205s ]
SQL: SHOW COLUMNS FROM `dd_config` [ RunTime:0.0006s ]
SQL: SELECT * FROM `dd_config`  [ RunTime:0.0002s ]
INFO: [ view_parse ] --START--
INFO: [ template_filter ] --START--
INFO: Run Behavior\ContentReplaceBehavior [ RunTime:0.000191s ]
INFO: [ template_filter ] --END-- [ RunTime:0.000731s ]
NOTIC: [8] Undefined variable: info /app/wwwroot/saleWechat/App/Runtime/Cache/Admin/3f8e21163f0e24877c187075c7de7410.php 第 172 行.
NOTIC: [8] Undefined variable: info /app/wwwroot/saleWechat/App/Runtime/Cache/Admin/3f8e21163f0e24877c187075c7de7410.php 第 176 行.
NOTIC: [8] Undefined variable: info /app/wwwroot/saleWechat/App/Runtime/Cache/Admin/3f8e21163f0e24877c187075c7de7410.php 第 180 行.
NOTIC: [8] Undefined variable: info /app/wwwroot/saleWechat/App/Runtime/Cache/Admin/3f8e21163f0e24877c187075c7de7410.php 第 184 行.
NOTIC: [8] Undefined variable: info /app/wwwroot/saleWechat/App/Runtime/Cache/Admin/3f8e21163f0e24877c187075c7de7410.php 第 188 行.
NOTIC: [8] Undefined variable: info /app/wwwroot/saleWechat/App/Runtime/Cache/Admin/3f8e21163f0e24877c187075c7de7410.php 第 192 行.
NOTIC: [8] Undefined variable: info /app/wwwroot/saleWechat/App/Runtime/Cache/Admin/3f8e21163f0e24877c187075c7de7410.php 第 196 行.
NOTIC: [8] Undefined variable: info /app/wwwroot/saleWechat/App/Runtime/Cache/Admin/3f8e21163f0e24877c187075c7de7410.php 第 200 行.
NOTIC: [8] Undefined variable: info /app/wwwroot/saleWechat/App/Runtime/Cache/Admin/3f8e21163f0e24877c187075c7de7410.php 第 204 行.
INFO: Run Behavior\ParseTemplateBehavior [ RunTime:0.052921s ]
INFO: [ view_parse ] --END-- [ RunTime:0.053230s ]
INFO: [ view_filter ] --START--
INFO: Run Behavior\WriteHtmlCacheBehavior [ RunTime:0.003195s ]
INFO: [ view_filter ] --END-- [ RunTime:0.003498s ]
INFO: [ app_end ] --START--
INFO: Run Behavior\ShowPageTraceBehavior [ RunTime:0.003609s ]
INFO: [ app_end ] --END-- [ RunTime:0.003904s ]

[ 2018-09-24T11:12:06+08:00 ] 192.168.56.2 /35262475.php?m=Admin&c=Admin&a=welcome
INFO: [ app_init ] --START--
INFO: Run Behavior\BuildLiteBehavior [ RunTime:0.000057s ]
INFO: [ app_init ] --END-- [ RunTime:0.001764s ]
INFO: [ app_begin ] --START--
INFO: Run Behavior\ReadHtmlCacheBehavior [ RunTime:0.001933s ]
INFO: [ app_begin ] --END-- [ RunTime:0.002237s ]
SQL: SHOW COLUMNS FROM `dd_config` [ RunTime:0.0006s ]
SQL: SELECT * FROM `dd_config`  [ RunTime:0.0002s ]
INFO: [ view_parse ] --START--
INFO: [ template_filter ] --START--
INFO: Run Behavior\ContentReplaceBehavior [ RunTime:0.000137s ]
INFO: [ template_filter ] --END-- [ RunTime:0.000445s ]
NOTIC: [8] Undefined variable: info /app/wwwroot/saleWechat/App/Runtime/Cache/Admin/3f8e21163f0e24877c187075c7de7410.php 第 172 行.
NOTIC: [8] Undefined variable: info /app/wwwroot/saleWechat/App/Runtime/Cache/Admin/3f8e21163f0e24877c187075c7de7410.php 第 176 行.
NOTIC: [8] Undefined variable: info /app/wwwroot/saleWechat/App/Runtime/Cache/Admin/3f8e21163f0e24877c187075c7de7410.php 第 180 行.
NOTIC: [8] Undefined variable: info /app/wwwroot/saleWechat/App/Runtime/Cache/Admin/3f8e21163f0e24877c187075c7de7410.php 第 184 行.
NOTIC: [8] Undefined variable: info /app/wwwroot/saleWechat/App/Runtime/Cache/Admin/3f8e21163f0e24877c187075c7de7410.php 第 188 行.
NOTIC: [8] Undefined variable: info /app/wwwroot/saleWechat/App/Runtime/Cache/Admin/3f8e21163f0e24877c187075c7de7410.php 第 192 行.
NOTIC: [8] Undefined variable: info /app/wwwroot/saleWechat/App/Runtime/Cache/Admin/3f8e21163f0e24877c187075c7de7410.php 第 196 行.
NOTIC: [8] Undefined variable: info /app/wwwroot/saleWechat/App/Runtime/Cache/Admin/3f8e21163f0e24877c187075c7de7410.php 第 200 行.
NOTIC: [8] Undefined variable: info /app/wwwroot/saleWechat/App/Runtime/Cache/Admin/3f8e21163f0e24877c187075c7de7410.php 第 204 行.
INFO: Run Behavior\ParseTemplateBehavior [ RunTime:0.052096s ]
INFO: [ view_parse ] --END-- [ RunTime:0.052539s ]
INFO: [ view_filter ] --START--
INFO: Run Behavior\WriteHtmlCacheBehavior [ RunTime:0.003595s ]
INFO: [ view_filter ] --END-- [ RunTime:0.003900s ]
INFO: [ app_end ] --START--
INFO: Run Behavior\ShowPageTraceBehavior [ RunTime:0.002752s ]
INFO: [ app_end ] --END-- [ RunTime:0.003057s ]

[ 2018-09-24T11:12:47+08:00 ] 192.168.56.2 /35262475.php?m=Admin&c=Product&a=index
INFO: [ app_init ] --START--
INFO: Run Behavior\BuildLiteBehavior [ RunTime:0.000057s ]
INFO: [ app_init ] --END-- [ RunTime:0.001510s ]
INFO: [ app_begin ] --START--
INFO: Run Behavior\ReadHtmlCacheBehavior [ RunTime:0.001862s ]
INFO: [ app_begin ] --END-- [ RunTime:0.002173s ]
SQL: SHOW COLUMNS FROM `dd_config` [ RunTime:0.0006s ]
SQL: SELECT * FROM `dd_config`  [ RunTime:0.0002s ]
SQL: SHOW COLUMNS FROM `dd_product` [ RunTime:0.0006s ]
SQL: SELECT COUNT(*) AS tp_count FROM `dd_product` LIMIT 1   [ RunTime:0.0003s ]
SQL: SELECT * FROM `dd_product` ORDER BY id desc LIMIT 0,25   [ RunTime:0.0006s ]
INFO: [ view_parse ] --START--
INFO: [ template_filter ] --START--
INFO: Run Behavior\ContentReplaceBehavior [ RunTime:0.000310s ]
INFO: [ template_filter ] --END-- [ RunTime:0.000863s ]
INFO: Run Behavior\ParseTemplateBehavior [ RunTime:0.059982s ]
INFO: [ view_parse ] --END-- [ RunTime:0.060298s ]
INFO: [ view_filter ] --START--
INFO: Run Behavior\WriteHtmlCacheBehavior [ RunTime:0.003151s ]
INFO: [ view_filter ] --END-- [ RunTime:0.003535s ]
INFO: [ app_end ] --START--
INFO: Run Behavior\ShowPageTraceBehavior [ RunTime:0.003603s ]
INFO: [ app_end ] --END-- [ RunTime:0.003923s ]

[ 2018-09-24T11:13:36+08:00 ] 192.168.56.2 /35262475.php?m=Admin&c=Product&a=index
INFO: [ app_init ] --START--
INFO: Run Behavior\BuildLiteBehavior [ RunTime:0.000060s ]
INFO: [ app_init ] --END-- [ RunTime:0.001482s ]
INFO: [ app_begin ] --START--
INFO: Run Behavior\ReadHtmlCacheBehavior [ RunTime:0.002056s ]
INFO: [ app_begin ] --END-- [ RunTime:0.002390s ]
SQL: SHOW COLUMNS FROM `dd_config` [ RunTime:0.0006s ]
SQL: SELECT * FROM `dd_config`  [ RunTime:0.0003s ]
SQL: SHOW COLUMNS FROM `dd_product` [ RunTime:0.0007s ]
SQL: SELECT COUNT(*) AS tp_count FROM `dd_product` LIMIT 1   [ RunTime:0.0003s ]
SQL: SELECT * FROM `dd_product` ORDER BY id desc LIMIT 0,25   [ RunTime:0.0005s ]
INFO: [ view_parse ] --START--
INFO: [ template_filter ] --START--
INFO: Run Behavior\ContentReplaceBehavior [ RunTime:0.000134s ]
INFO: [ template_filter ] --END-- [ RunTime:0.000455s ]
INFO: Run Behavior\ParseTemplateBehavior [ RunTime:0.053498s ]
INFO: [ view_parse ] --END-- [ RunTime:0.053811s ]
INFO: [ view_filter ] --START--
INFO: Run Behavior\WriteHtmlCacheBehavior [ RunTime:0.003788s ]
INFO: [ view_filter ] --END-- [ RunTime:0.004083s ]
INFO: [ app_end ] --START--
INFO: Run Behavior\ShowPageTraceBehavior [ RunTime:0.002911s ]
INFO: [ app_end ] --END-- [ RunTime:0.003244s ]

[ 2018-09-24T11:13:57+08:00 ] 192.168.56.2 /35262475.php?m=Admin&c=Product&a=index
INFO: [ app_init ] --START--
INFO: Run Behavior\BuildLiteBehavior [ RunTime:0.000058s ]
INFO: [ app_init ] --END-- [ RunTime:0.001579s ]
INFO: [ app_begin ] --START--
INFO: Run Behavior\ReadHtmlCacheBehavior [ RunTime:0.002353s ]
INFO: [ app_begin ] --END-- [ RunTime:0.002692s ]
SQL: SHOW COLUMNS FROM `dd_config` [ RunTime:0.0007s ]
SQL: SELECT * FROM `dd_config`  [ RunTime:0.0003s ]
SQL: SHOW COLUMNS FROM `dd_product` [ RunTime:0.0007s ]
SQL: SELECT COUNT(*) AS tp_count FROM `dd_product` LIMIT 1   [ RunTime:0.0003s ]
SQL: SELECT * FROM `dd_product` ORDER BY id desc LIMIT 0,25   [ RunTime:0.0004s ]
INFO: [ view_parse ] --START--
INFO: [ template_filter ] --START--
INFO: Run Behavior\ContentReplaceBehavior [ RunTime:0.000132s ]
INFO: [ template_filter ] --END-- [ RunTime:0.000469s ]
INFO: Run Behavior\ParseTemplateBehavior [ RunTime:0.056537s ]
INFO: [ view_parse ] --END-- [ RunTime:0.056920s ]
INFO: [ view_filter ] --START--
INFO: Run Behavior\WriteHtmlCacheBehavior [ RunTime:0.003467s ]
INFO: [ view_filter ] --END-- [ RunTime:0.003760s ]
INFO: [ app_end ] --START--
INFO: Run Behavior\ShowPageTraceBehavior [ RunTime:0.002650s ]
INFO: [ app_end ] --END-- [ RunTime:0.002945s ]

[ 2018-09-24T11:16:03+08:00 ] 192.168.56.2 /35262475.php?m=Admin&c=Product&a=index
INFO: [ app_init ] --START--
INFO: Run Behavior\BuildLiteBehavior [ RunTime:0.000059s ]
INFO: [ app_init ] --END-- [ RunTime:0.001839s ]
INFO: [ app_begin ] --START--
INFO: Run Behavior\ReadHtmlCacheBehavior [ RunTime:0.002043s ]
INFO: [ app_begin ] --END-- [ RunTime:0.002354s ]
SQL: SHOW COLUMNS FROM `dd_config` [ RunTime:0.0007s ]
SQL: SELECT * FROM `dd_config`  [ RunTime:0.0004s ]
SQL: SHOW COLUMNS FROM `dd_product` [ RunTime:0.0010s ]
SQL: SELECT COUNT(*) AS tp_count FROM `dd_product` LIMIT 1   [ RunTime:0.0004s ]
SQL: SELECT * FROM `dd_product` ORDER BY id desc LIMIT 0,25   [ RunTime:0.0005s ]
INFO: [ view_parse ] --START--
INFO: [ template_filter ] --START--
INFO: Run Behavior\ContentReplaceBehavior [ RunTime:0.000133s ]
INFO: [ template_filter ] --END-- [ RunTime:0.000431s ]
INFO: Run Behavior\ParseTemplateBehavior [ RunTime:0.056475s ]
INFO: [ view_parse ] --END-- [ RunTime:0.057001s ]
INFO: [ view_filter ] --START--
INFO: Run Behavior\WriteHtmlCacheBehavior [ RunTime:0.003647s ]
INFO: [ view_filter ] --END-- [ RunTime:0.004042s ]
INFO: [ app_end ] --START--
INFO: Run Behavior\ShowPageTraceBehavior [ RunTime:0.002802s ]
INFO: [ app_end ] --END-- [ RunTime:0.003154s ]

[ 2018-09-24T11:16:41+08:00 ] 192.168.56.2 /35262475.php?m=Admin&c=Product&a=index
INFO: [ app_init ] --START--
INFO: Run Behavior\BuildLiteBehavior [ RunTime:0.000089s ]
INFO: [ app_init ] --END-- [ RunTime:0.001557s ]
INFO: [ app_begin ] --START--
INFO: Run Behavior\ReadHtmlCacheBehavior [ RunTime:0.001706s ]
INFO: [ app_begin ] --END-- [ RunTime:0.002008s ]
SQL: SHOW COLUMNS FROM `dd_config` [ RunTime:0.0007s ]
SQL: SELECT * FROM `dd_config`  [ RunTime:0.0005s ]
SQL: SHOW COLUMNS FROM `dd_product` [ RunTime:0.0009s ]
SQL: SELECT COUNT(*) AS tp_count FROM `dd_product` LIMIT 1   [ RunTime:0.0004s ]
SQL: SELECT * FROM `dd_product` ORDER BY id desc LIMIT 0,25   [ RunTime:0.0005s ]
INFO: [ view_parse ] --START--
INFO: [ template_filter ] --START--
INFO: Run Behavior\ContentReplaceBehavior [ RunTime:0.000161s ]
INFO: [ template_filter ] --END-- [ RunTime:0.000607s ]
INFO: Run Behavior\ParseTemplateBehavior [ RunTime:0.052511s ]
INFO: [ view_parse ] --END-- [ RunTime:0.052818s ]
INFO: [ view_filter ] --START--
INFO: Run Behavior\WriteHtmlCacheBehavior [ RunTime:0.003831s ]
INFO: [ view_filter ] --END-- [ RunTime:0.004180s ]
INFO: [ app_end ] --START--
INFO: Run Behavior\ShowPageTraceBehavior [ RunTime:0.003055s ]
INFO: [ app_end ] --END-- [ RunTime:0.003425s ]

[ 2018-09-24T11:16:42+08:00 ] 192.168.56.2 /35262475.php?m=Admin&c=Product&a=index
INFO: [ app_init ] --START--
INFO: Run Behavior\BuildLiteBehavior [ RunTime:0.000056s ]
INFO: [ app_init ] --END-- [ RunTime:0.000399s ]
INFO: [ app_begin ] --START--
INFO: Run Behavior\ReadHtmlCacheBehavior [ RunTime:0.001021s ]
INFO: [ app_begin ] --END-- [ RunTime:0.001489s ]
SQL: SHOW COLUMNS FROM `dd_config` [ RunTime:0.0006s ]
SQL: SELECT * FROM `dd_config`  [ RunTime:0.0003s ]
SQL: SHOW COLUMNS FROM `dd_product` [ RunTime:0.0007s ]
SQL: SELECT COUNT(*) AS tp_count FROM `dd_product` LIMIT 1   [ RunTime:0.0003s ]
SQL: SELECT * FROM `dd_product` ORDER BY id desc LIMIT 0,25   [ RunTime:0.0005s ]
INFO: [ view_parse ] --START--
INFO: [ template_filter ] --START--
INFO: Run Behavior\ContentReplaceBehavior [ RunTime:0.000142s ]
INFO: [ template_filter ] --END-- [ RunTime:0.000495s ]
INFO: Run Behavior\ParseTemplateBehavior [ RunTime:0.048374s ]
INFO: [ view_parse ] --END-- [ RunTime:0.048736s ]
INFO: [ view_filter ] --START--
INFO: Run Behavior\WriteHtmlCacheBehavior [ RunTime:0.001060s ]
INFO: [ view_filter ] --END-- [ RunTime:0.001363s ]
INFO: [ app_end ] --START--
INFO: Run Behavior\ShowPageTraceBehavior [ RunTime:0.001063s ]
INFO: [ app_end ] --END-- [ RunTime:0.001400s ]

[ 2018-09-24T11:16:43+08:00 ] 192.168.56.2 /35262475.php?m=Admin&c=Product&a=index
INFO: [ app_init ] --START--
INFO: Run Behavior\BuildLiteBehavior [ RunTime:0.000060s ]
INFO: [ app_init ] --END-- [ RunTime:0.000392s ]
INFO: [ app_begin ] --START--
INFO: Run Behavior\ReadHtmlCacheBehavior [ RunTime:0.000559s ]
INFO: [ app_begin ] --END-- [ RunTime:0.000906s ]
SQL: SHOW COLUMNS FROM `dd_config` [ RunTime:0.0006s ]
SQL: SELECT * FROM `dd_config`  [ RunTime:0.0003s ]
SQL: SHOW COLUMNS FROM `dd_product` [ RunTime:0.0006s ]
SQL: SELECT COUNT(*) AS tp_count FROM `dd_product` LIMIT 1   [ RunTime:0.0002s ]
SQL: SELECT * FROM `dd_product` ORDER BY id desc LIMIT 0,25   [ RunTime:0.0004s ]
INFO: [ view_parse ] --START--
INFO: [ template_filter ] --START--
INFO: Run Behavior\ContentReplaceBehavior [ RunTime:0.000160s ]
INFO: [ template_filter ] --END-- [ RunTime:0.000626s ]
INFO: Run Behavior\ParseTemplateBehavior [ RunTime:0.049036s ]
INFO: [ view_parse ] --END-- [ RunTime:0.049519s ]
INFO: [ view_filter ] --START--
INFO: Run Behavior\WriteHtmlCacheBehavior [ RunTime:0.001223s ]
INFO: [ view_filter ] --END-- [ RunTime:0.001635s ]
INFO: [ app_end ] --START--
INFO: Run Behavior\ShowPageTraceBehavior [ RunTime:0.001256s ]
INFO: [ app_end ] --END-- [ RunTime:0.001657s ]

[ 2018-09-24T11:16:50+08:00 ] 192.168.56.2 /35262475.php?m=Admin&c=Product&a=index
INFO: [ app_init ] --START--
INFO: Run Behavior\BuildLiteBehavior [ RunTime:0.000057s ]
INFO: [ app_init ] --END-- [ RunTime:0.001471s ]
INFO: [ app_begin ] --START--
INFO: Run Behavior\ReadHtmlCacheBehavior [ RunTime:0.002398s ]
INFO: [ app_begin ] --END-- [ RunTime:0.002743s ]
SQL: SHOW COLUMNS FROM `dd_config` [ RunTime:0.0006s ]
SQL: SELECT * FROM `dd_config`  [ RunTime:0.0003s ]
SQL: SHOW COLUMNS FROM `dd_product` [ RunTime:0.0008s ]
SQL: SELECT COUNT(*) AS tp_count FROM `dd_product` LIMIT 1   [ RunTime:0.0003s ]
SQL: SELECT * FROM `dd_product` ORDER BY id desc LIMIT 0,25   [ RunTime:0.0006s ]
INFO: [ view_parse ] --START--
INFO: [ template_filter ] --START--
INFO: Run Behavior\ContentReplaceBehavior [ RunTime:0.000134s ]
INFO: [ template_filter ] --END-- [ RunTime:0.000437s ]
INFO: Run Behavior\ParseTemplateBehavior [ RunTime:0.052848s ]
INFO: [ view_parse ] --END-- [ RunTime:0.053234s ]
INFO: [ view_filter ] --START--
INFO: Run Behavior\WriteHtmlCacheBehavior [ RunTime:0.003996s ]
INFO: [ view_filter ] --END-- [ RunTime:0.004349s ]
INFO: [ app_end ] --START--
INFO: Run Behavior\ShowPageTraceBehavior [ RunTime:0.002960s ]
INFO: [ app_end ] --END-- [ RunTime:0.003265s ]

[ 2018-09-24T11:16:59+08:00 ] 192.168.56.2 /35262475.php?m=Admin&c=Product&a=index
INFO: [ app_init ] --START--
INFO: Run Behavior\BuildLiteBehavior [ RunTime:0.000058s ]
INFO: [ app_init ] --END-- [ RunTime:0.001808s ]
INFO: [ app_begin ] --START--
INFO: Run Behavior\ReadHtmlCacheBehavior [ RunTime:0.002140s ]
INFO: [ app_begin ] --END-- [ RunTime:0.002448s ]
SQL: SHOW COLUMNS FROM `dd_config` [ RunTime:0.0005s ]
SQL: SELECT * FROM `dd_config`  [ RunTime:0.0003s ]
SQL: SHOW COLUMNS FROM `dd_product` [ RunTime:0.0006s ]
SQL: SELECT COUNT(*) AS tp_count FROM `dd_product` LIMIT 1   [ RunTime:0.0002s ]
SQL: SELECT * FROM `dd_product` ORDER BY id desc LIMIT 0,25   [ RunTime:0.0004s ]
INFO: [ view_parse ] --START--
INFO: [ template_filter ] --START--
INFO: Run Behavior\ContentReplaceBehavior [ RunTime:0.000133s ]
INFO: [ template_filter ] --END-- [ RunTime:0.000429s ]
INFO: Run Behavior\ParseTemplateBehavior [ RunTime:0.052668s ]
INFO: [ view_parse ] --END-- [ RunTime:0.053088s ]
INFO: [ view_filter ] --START--
INFO: Run Behavior\WriteHtmlCacheBehavior [ RunTime:0.003613s ]
INFO: [ view_filter ] --END-- [ RunTime:0.003927s ]
INFO: [ app_end ] --START--
INFO: Run Behavior\ShowPageTraceBehavior [ RunTime:0.002842s ]
INFO: [ app_end ] --END-- [ RunTime:0.003139s ]

[ 2018-09-24T11:17:03+08:00 ] 192.168.56.2 /35262475.php?m=Admin&c=Product&a=cate
INFO: [ app_init ] --START--
INFO: Run Behavior\BuildLiteBehavior [ RunTime:0.000059s ]
INFO: [ app_init ] --END-- [ RunTime:0.001228s ]
INFO: [ app_begin ] --START--
INFO: Run Behavior\ReadHtmlCacheBehavior [ RunTime:0.001686s ]
INFO: [ app_begin ] --END-- [ RunTime:0.002022s ]
SQL: SHOW COLUMNS FROM `dd_config` [ RunTime:0.0005s ]
SQL: SELECT * FROM `dd_config`  [ RunTime:0.0002s ]
SQL: SHOW COLUMNS FROM `dd_product_cate` [ RunTime:0.0005s ]
SQL: SELECT * FROM `dd_product_cate` ORDER BY sort desc  [ RunTime:0.0002s ]
INFO: [ view_parse ] --START--
INFO: [ template_filter ] --START--
INFO: Run Behavior\ContentReplaceBehavior [ RunTime:0.000139s ]
INFO: [ template_filter ] --END-- [ RunTime:0.000458s ]
INFO: Run Behavior\ParseTemplateBehavior [ RunTime:0.061506s ]
INFO: [ view_parse ] --END-- [ RunTime:0.061821s ]
INFO: [ view_filter ] --START--
INFO: Run Behavior\WriteHtmlCacheBehavior [ RunTime:0.003636s ]
INFO: [ view_filter ] --END-- [ RunTime:0.003943s ]
INFO: [ app_end ] --START--
INFO: Run Behavior\ShowPageTraceBehavior [ RunTime:0.003256s ]
INFO: [ app_end ] --END-- [ RunTime:0.003565s ]

[ 2018-09-24T11:17:04+08:00 ] 192.168.56.2 /35262475.php?m=Admin&c=Product&a=index
INFO: [ app_init ] --START--
INFO: Run Behavior\BuildLiteBehavior [ RunTime:0.000058s ]
INFO: [ app_init ] --END-- [ RunTime:0.000396s ]
INFO: [ app_begin ] --START--
INFO: Run Behavior\ReadHtmlCacheBehavior [ RunTime:0.000565s ]
INFO: [ app_begin ] --END-- [ RunTime:0.000882s ]
SQL: SHOW COLUMNS FROM `dd_config` [ RunTime:0.0006s ]
SQL: SELECT * FROM `dd_config`  [ RunTime:0.0003s ]
SQL: SHOW COLUMNS FROM `dd_product` [ RunTime:0.0007s ]
SQL: SELECT COUNT(*) AS tp_count FROM `dd_product` LIMIT 1   [ RunTime:0.0003s ]
SQL: SELECT * FROM `dd_product` ORDER BY id desc LIMIT 0,25   [ RunTime:0.0004s ]
INFO: [ view_parse ] --START--
INFO: [ template_filter ] --START--
INFO: Run Behavior\ContentReplaceBehavior [ RunTime:0.000162s ]
INFO: [ template_filter ] --END-- [ RunTime:0.000523s ]
INFO: Run Behavior\ParseTemplateBehavior [ RunTime:0.048476s ]
INFO: [ view_parse ] --END-- [ RunTime:0.048781s ]
INFO: [ view_filter ] --START--
INFO: Run Behavior\WriteHtmlCacheBehavior [ RunTime:0.001081s ]
INFO: [ view_filter ] --END-- [ RunTime:0.001402s ]
INFO: [ app_end ] --START--
INFO: Run Behavior\ShowPageTraceBehavior [ RunTime:0.001064s ]
INFO: [ app_end ] --END-- [ RunTime:0.001393s ]

[ 2018-09-24T11:17:05+08:00 ] 192.168.56.2 /35262475.php?m=Admin&c=Notice&a=index
INFO: [ app_init ] --START--
INFO: Run Behavior\BuildLiteBehavior [ RunTime:0.000069s ]
INFO: [ app_init ] --END-- [ RunTime:0.000512s ]
INFO: [ app_begin ] --START--
INFO: Run Behavior\ReadHtmlCacheBehavior [ RunTime:0.000667s ]
INFO: [ app_begin ] --END-- [ RunTime:0.000982s ]
SQL: SHOW COLUMNS FROM `dd_config` [ RunTime:0.0006s ]
SQL: SELECT * FROM `dd_config`  [ RunTime:0.0003s ]
SQL: SHOW COLUMNS FROM `dd_notice` [ RunTime:0.0191s ]
SQL: SELECT COUNT(*) AS tp_count FROM `dd_notice` LIMIT 1   [ RunTime:0.0004s ]
SQL: SELECT * FROM `dd_notice` ORDER BY id desc LIMIT 0,25   [ RunTime:0.0004s ]
INFO: [ view_parse ] --START--
INFO: [ template_filter ] --START--
INFO: Run Behavior\ContentReplaceBehavior [ RunTime:0.000143s ]
INFO: [ template_filter ] --END-- [ RunTime:0.000465s ]
INFO: Run Behavior\ParseTemplateBehavior [ RunTime:0.046317s ]
INFO: [ view_parse ] --END-- [ RunTime:0.046688s ]
INFO: [ view_filter ] --START--
INFO: Run Behavior\WriteHtmlCacheBehavior [ RunTime:0.001136s ]
INFO: [ view_filter ] --END-- [ RunTime:0.001474s ]
INFO: [ app_end ] --START--
INFO: Run Behavior\ShowPageTraceBehavior [ RunTime:0.001135s ]
INFO: [ app_end ] --END-- [ RunTime:0.001474s ]

[ 2018-09-24T11:17:08+08:00 ] 192.168.56.2 /35262475.php?m=Admin&c=Product&a=index
INFO: [ app_init ] --START--
INFO: Run Behavior\BuildLiteBehavior [ RunTime:0.000060s ]
INFO: [ app_init ] --END-- [ RunTime:0.002047s ]
INFO: [ app_begin ] --START--
INFO: Run Behavior\ReadHtmlCacheBehavior [ RunTime:0.003422s ]
INFO: [ app_begin ] --END-- [ RunTime:0.003844s ]
SQL: SHOW COLUMNS FROM `dd_config` [ RunTime:0.0005s ]
SQL: SELECT * FROM `dd_config`  [ RunTime:0.0005s ]
SQL: SHOW COLUMNS FROM `dd_product` [ RunTime:0.0009s ]
SQL: SELECT COUNT(*) AS tp_count FROM `dd_product` LIMIT 1   [ RunTime:0.0003s ]
SQL: SELECT * FROM `dd_product` ORDER BY id desc LIMIT 0,25   [ RunTime:0.0004s ]
INFO: [ view_parse ] --START--
INFO: [ template_filter ] --START--
INFO: Run Behavior\ContentReplaceBehavior [ RunTime:0.000135s ]
INFO: [ template_filter ] --END-- [ RunTime:0.000436s ]
INFO: Run Behavior\ParseTemplateBehavior [ RunTime:0.057250s ]
INFO: [ view_parse ] --END-- [ RunTime:0.057665s ]
INFO: [ view_filter ] --START--
INFO: Run Behavior\WriteHtmlCacheBehavior [ RunTime:0.003706s ]
INFO: [ view_filter ] --END-- [ RunTime:0.004020s ]
INFO: [ app_end ] --START--
INFO: Run Behavior\ShowPageTraceBehavior [ RunTime:0.003018s ]
INFO: [ app_end ] --END-- [ RunTime:0.003330s ]

[ 2018-09-24T11:18:22+08:00 ] 192.168.56.2 /35262475.php?m=Admin&c=Product&a=index
INFO: [ app_init ] --START--
INFO: Run Behavior\BuildLiteBehavior [ RunTime:0.000065s ]
INFO: [ app_init ] --END-- [ RunTime:0.001847s ]
INFO: [ app_begin ] --START--
INFO: Run Behavior\ReadHtmlCacheBehavior [ RunTime:0.002762s ]
INFO: [ app_begin ] --END-- [ RunTime:0.003114s ]
SQL: SHOW COLUMNS FROM `dd_config` [ RunTime:0.0006s ]
SQL: SELECT * FROM `dd_config`  [ RunTime:0.0003s ]
SQL: SHOW COLUMNS FROM `dd_product` [ RunTime:0.0006s ]
SQL: SELECT COUNT(*) AS tp_count FROM `dd_product` LIMIT 1   [ RunTime:0.0004s ]
SQL: SELECT * FROM `dd_product` ORDER BY id desc LIMIT 0,25   [ RunTime:0.0005s ]
INFO: [ view_parse ] --START--
INFO: [ template_filter ] --START--
INFO: Run Behavior\ContentReplaceBehavior [ RunTime:0.000137s ]
INFO: [ template_filter ] --END-- [ RunTime:0.000458s ]
INFO: Run Behavior\ParseTemplateBehavior [ RunTime:0.053478s ]
INFO: [ view_parse ] --END-- [ RunTime:0.053847s ]
INFO: [ view_filter ] --START--
INFO: Run Behavior\WriteHtmlCacheBehavior [ RunTime:0.003438s ]
INFO: [ view_filter ] --END-- [ RunTime:0.003744s ]
INFO: [ app_end ] --START--
INFO: Run Behavior\ShowPageTraceBehavior [ RunTime:0.003495s ]
INFO: [ app_end ] --END-- [ RunTime:0.003820s ]

[ 2018-09-24T11:18:26+08:00 ] 192.168.56.2 /35262475.php?m=Admin&c=Config&a=user
INFO: [ app_init ] --START--
INFO: Run Behavior\BuildLiteBehavior [ RunTime:0.000074s ]
INFO: [ app_init ] --END-- [ RunTime:0.001487s ]
INFO: [ app_begin ] --START--
INFO: Run Behavior\ReadHtmlCacheBehavior [ RunTime:0.001995s ]
INFO: [ app_begin ] --END-- [ RunTime:0.002417s ]
SQL: SHOW COLUMNS FROM `dd_config` [ RunTime:0.0005s ]
SQL: SELECT * FROM `dd_config`  [ RunTime:0.0002s ]
INFO: [ view_parse ] --START--
INFO: [ template_filter ] --START--
INFO: Run Behavior\ContentReplaceBehavior [ RunTime:0.000132s ]
INFO: [ template_filter ] --END-- [ RunTime:0.000468s ]
INFO: Run Behavior\ParseTemplateBehavior [ RunTime:0.053801s ]
INFO: [ view_parse ] --END-- [ RunTime:0.054124s ]
INFO: [ view_filter ] --START--
INFO: Run Behavior\WriteHtmlCacheBehavior [ RunTime:0.003441s ]
INFO: [ view_filter ] --END-- [ RunTime:0.003836s ]
INFO: [ app_end ] --START--
INFO: Run Behavior\ShowPageTraceBehavior [ RunTime:0.003373s ]
INFO: [ app_end ] --END-- [ RunTime:0.003736s ]

[ 2018-09-24T11:18:54+08:00 ] 192.168.56.2 /35262475.php?m=Admin&c=Config&a=user
INFO: [ app_init ] --START--
INFO: Run Behavior\BuildLiteBehavior [ RunTime:0.000080s ]
INFO: [ app_init ] --END-- [ RunTime:0.003094s ]
INFO: [ app_begin ] --START--
INFO: Run Behavior\ReadHtmlCacheBehavior [ RunTime:0.003509s ]
INFO: [ app_begin ] --END-- [ RunTime:0.003867s ]
SQL: SHOW COLUMNS FROM `dd_config` [ RunTime:0.0006s ]
SQL: SELECT * FROM `dd_config`  [ RunTime:0.0003s ]
INFO: [ view_parse ] --START--
INFO: [ template_filter ] --START--
INFO: Run Behavior\ContentReplaceBehavior [ RunTime:0.000139s ]
INFO: [ template_filter ] --END-- [ RunTime:0.000511s ]
INFO: Run Behavior\ParseTemplateBehavior [ RunTime:0.064823s ]
INFO: [ view_parse ] --END-- [ RunTime:0.065208s ]
INFO: [ view_filter ] --START--
INFO: Run Behavior\WriteHtmlCacheBehavior [ RunTime:0.003445s ]
INFO: [ view_filter ] --END-- [ RunTime:0.003796s ]
INFO: [ app_end ] --START--
INFO: Run Behavior\ShowPageTraceBehavior [ RunTime:0.003482s ]
INFO: [ app_end ] --END-- [ RunTime:0.004163s ]

