[ 2018-08-27T23:23:28+08:00 ] 127.0.0.1 /saleadmin.php
INFO: [ app_init ] --START--
INFO: Run Behavior\BuildLiteBehavior [ RunTime:0.000058s ]
INFO: [ app_init ] --END-- [ RunTime:0.004882s ]
INFO: [ app_begin ] --START--
INFO: Run Behavior\ReadHtmlCacheBehavior [ RunTime:0.005305s ]
INFO: [ app_begin ] --END-- [ RunTime:0.005598s ]
SQL: SHOW COLUMNS FROM `dd_config` [ RunTime:0.0149s ]
SQL: SELECT * FROM `dd_config`  [ RunTime:0.0009s ]

[ 2018-08-27T23:23:28+08:00 ] 127.0.0.1 /saleadmin.php?m=Admin&c=Index&a=login
INFO: [ app_init ] --START--
INFO: Run Behavior\BuildLiteBehavior [ RunTime:0.000043s ]
INFO: [ app_init ] --END-- [ RunTime:0.000485s ]
INFO: [ app_begin ] --START--
INFO: Run Behavior\ReadHtmlCacheBehavior [ RunTime:0.000467s ]
INFO: [ app_begin ] --END-- [ RunTime:0.000643s ]
SQL: SHOW COLUMNS FROM `dd_config` [ RunTime:0.0147s ]
SQL: SELECT * FROM `dd_config`  [ RunTime:0.0007s ]
INFO: [ view_parse ] --START--
INFO: [ template_filter ] --START--
INFO: Run Behavior\ContentReplaceBehavior [ RunTime:0.000219s ]
INFO: [ template_filter ] --END-- [ RunTime:0.000439s ]
INFO: Run Behavior\ParseTemplateBehavior [ RunTime:0.085958s ]
INFO: [ view_parse ] --END-- [ RunTime:0.086193s ]
INFO: [ view_filter ] --START--
INFO: Run Behavior\WriteHtmlCacheBehavior [ RunTime:0.005754s ]
INFO: [ view_filter ] --END-- [ RunTime:0.005976s ]
INFO: [ app_end ] --START--
INFO: Run Behavior\ShowPageTraceBehavior [ RunTime:0.005619s ]
INFO: [ app_end ] --END-- [ RunTime:0.005874s ]

[ 2018-08-27T23:23:36+08:00 ] 127.0.0.1 /saleadmin.php?m=Admin&c=Index&a=login
INFO: [ app_init ] --START--
INFO: Run Behavior\BuildLiteBehavior [ RunTime:0.000043s ]
INFO: [ app_init ] --END-- [ RunTime:0.000574s ]
INFO: [ app_begin ] --START--
INFO: Run Behavior\ReadHtmlCacheBehavior [ RunTime:0.000442s ]
INFO: [ app_begin ] --END-- [ RunTime:0.000606s ]
SQL: SHOW COLUMNS FROM `dd_config` [ RunTime:0.0154s ]
SQL: SELECT * FROM `dd_config`  [ RunTime:0.0009s ]

[ 2018-08-27T23:23:36+08:00 ] 127.0.0.1 /saleadmin.php?m=Admin&c=Admin&a=welcome
INFO: [ app_init ] --START--
INFO: Run Behavior\BuildLiteBehavior [ RunTime:0.000037s ]
INFO: [ app_init ] --END-- [ RunTime:0.000427s ]
INFO: [ app_begin ] --START--
INFO: Run Behavior\ReadHtmlCacheBehavior [ RunTime:0.000428s ]
INFO: [ app_begin ] --END-- [ RunTime:0.000599s ]
SQL: SHOW COLUMNS FROM `dd_config` [ RunTime:0.0149s ]
SQL: SELECT * FROM `dd_config`  [ RunTime:0.0008s ]
NOTIC: [8] Undefined variable: info D:\www\saleWechat\Application\Admin\Controller\AdminController.class.php 第 30 行.
INFO: [ view_parse ] --START--
INFO: [ template_filter ] --START--
INFO: Run Behavior\ContentReplaceBehavior [ RunTime:0.000222s ]
INFO: [ template_filter ] --END-- [ RunTime:0.000400s ]
INFO: Run Behavior\ParseTemplateBehavior [ RunTime:0.032542s ]
INFO: [ view_parse ] --END-- [ RunTime:0.032737s ]
INFO: [ view_filter ] --START--
INFO: Run Behavior\WriteHtmlCacheBehavior [ RunTime:0.001437s ]
INFO: [ view_filter ] --END-- [ RunTime:0.001731s ]
INFO: [ app_end ] --START--
INFO: Run Behavior\ShowPageTraceBehavior [ RunTime:0.000918s ]
INFO: [ app_end ] --END-- [ RunTime:0.001098s ]

[ 2018-08-27T23:23:41+08:00 ] 127.0.0.1 /saleadmin.php?m=Admin&c=Product&a=index
INFO: [ app_init ] --START--
INFO: Run Behavior\BuildLiteBehavior [ RunTime:0.000050s ]
INFO: [ app_init ] --END-- [ RunTime:0.000536s ]
INFO: [ app_begin ] --START--
INFO: Run Behavior\ReadHtmlCacheBehavior [ RunTime:0.000462s ]
INFO: [ app_begin ] --END-- [ RunTime:0.000646s ]
SQL: SHOW COLUMNS FROM `dd_config` [ RunTime:0.0147s ]
SQL: SELECT * FROM `dd_config`  [ RunTime:0.0008s ]
SQL: SHOW COLUMNS FROM `dd_product` [ RunTime:0.0162s ]
SQL: SELECT COUNT(*) AS tp_count FROM `dd_product` LIMIT 1   [ RunTime:0.0007s ]
SQL: SELECT * FROM `dd_product` ORDER BY id desc LIMIT 0,25   [ RunTime:0.0014s ]
INFO: [ view_parse ] --START--
INFO: [ template_filter ] --START--
INFO: Run Behavior\ContentReplaceBehavior [ RunTime:0.000214s ]
INFO: [ template_filter ] --END-- [ RunTime:0.000408s ]
INFO: Run Behavior\ParseTemplateBehavior [ RunTime:0.106485s ]
INFO: [ view_parse ] --END-- [ RunTime:0.106672s ]
INFO: [ view_filter ] --START--
INFO: Run Behavior\WriteHtmlCacheBehavior [ RunTime:0.005365s ]
INFO: [ view_filter ] --END-- [ RunTime:0.005547s ]
INFO: [ app_end ] --START--
INFO: Run Behavior\ShowPageTraceBehavior [ RunTime:0.006286s ]
INFO: [ app_end ] --END-- [ RunTime:0.006517s ]

[ 2018-08-27T23:23:45+08:00 ] 127.0.0.1 /saleadmin.php?m=Admin&c=Product&a=edit&id=3
INFO: [ app_init ] --START--
INFO: Run Behavior\BuildLiteBehavior [ RunTime:0.000057s ]
INFO: [ app_init ] --END-- [ RunTime:0.000472s ]
INFO: [ app_begin ] --START--
INFO: Run Behavior\ReadHtmlCacheBehavior [ RunTime:0.000428s ]
INFO: [ app_begin ] --END-- [ RunTime:0.000594s ]
SQL: SHOW COLUMNS FROM `dd_config` [ RunTime:0.0153s ]
SQL: SELECT * FROM `dd_config`  [ RunTime:0.0007s ]
SQL: SHOW COLUMNS FROM `dd_product` [ RunTime:0.0163s ]
SQL: SELECT * FROM `dd_product` WHERE `id` = 3 LIMIT 1   [ RunTime:0.0010s ]
NOTIC: [8] Undefined index: attr_value D:\www\saleWechat\Application\Admin\Controller\ProductController.class.php 第 78 行.
SQL: SHOW COLUMNS FROM `dd_product_attr` [ RunTime:0.0157s ]
SQL: SELECT * FROM `dd_product_attr` WHERE `product_id` = 3 ORDER BY id asc  [ RunTime:0.0007s ]
SQL: SHOW COLUMNS FROM `dd_product_cate` [ RunTime:0.0151s ]
SQL: SELECT * FROM `dd_product_cate`  [ RunTime:0.0006s ]
INFO: [ view_parse ] --START--
INFO: [ template_filter ] --START--
INFO: Run Behavior\ContentReplaceBehavior [ RunTime:0.000410s ]
INFO: [ template_filter ] --END-- [ RunTime:0.000589s ]
INFO: Run Behavior\ParseTemplateBehavior [ RunTime:0.051463s ]
INFO: [ view_parse ] --END-- [ RunTime:0.051652s ]
INFO: [ view_filter ] --START--
INFO: Run Behavior\WriteHtmlCacheBehavior [ RunTime:0.000807s ]
INFO: [ view_filter ] --END-- [ RunTime:0.000945s ]
INFO: [ app_end ] --START--
INFO: Run Behavior\ShowPageTraceBehavior [ RunTime:0.000902s ]
INFO: [ app_end ] --END-- [ RunTime:0.001083s ]

[ 2018-08-27T23:23:46+08:00 ] 127.0.0.1 /saleadmin.php?m=Admin&c=Product&a=upload&event=setPic&url=.%2FPublic%2Fupload%2Fimages%2F1511%2F19%2F183804328865007268.jpg
INFO: [ app_init ] --START--
INFO: Run Behavior\BuildLiteBehavior [ RunTime:0.000048s ]
INFO: [ app_init ] --END-- [ RunTime:0.000514s ]
INFO: [ app_begin ] --START--
INFO: Run Behavior\ReadHtmlCacheBehavior [ RunTime:0.000424s ]
INFO: [ app_begin ] --END-- [ RunTime:0.000597s ]
SQL: SHOW COLUMNS FROM `dd_config` [ RunTime:0.0146s ]
SQL: SELECT * FROM `dd_config`  [ RunTime:0.0009s ]
INFO: [ view_parse ] --START--
INFO: [ template_filter ] --START--
INFO: Run Behavior\ContentReplaceBehavior [ RunTime:0.000098s ]
INFO: [ template_filter ] --END-- [ RunTime:0.000281s ]
INFO: Run Behavior\ParseTemplateBehavior [ RunTime:0.016138s ]
INFO: [ view_parse ] --END-- [ RunTime:0.016367s ]
INFO: [ view_filter ] --START--
INFO: Run Behavior\WriteHtmlCacheBehavior [ RunTime:0.000937s ]
INFO: [ view_filter ] --END-- [ RunTime:0.001115s ]
INFO: [ app_end ] --START--
INFO: Run Behavior\ShowPageTraceBehavior [ RunTime:0.000983s ]
INFO: [ app_end ] --END-- [ RunTime:0.001135s ]

