[ 2018-08-26T00:58:46+08:00 ] 172.17.0.1 /saleadmin.php
INFO: [ app_init ] --START--
INFO: Run Behavior\BuildLiteBehavior [ RunTime:0.000031s ]
INFO: [ app_init ] --END-- [ RunTime:0.046808s ]
INFO: [ app_begin ] --START--
INFO: Run Behavior\ReadHtmlCacheBehavior [ RunTime:0.022216s ]
INFO: [ app_begin ] --END-- [ RunTime:0.022311s ]
SQL: SHOW COLUMNS FROM `dd_config` [ RunTime:0.0534s ]
SQL: SELECT * FROM `dd_config`  [ RunTime:0.0720s ]

[ 2018-08-26T00:58:49+08:00 ] 172.17.0.1 /saleadmin.php?m=Admin&c=Index&a=login
INFO: [ app_init ] --START--
INFO: Run Behavior\BuildLiteBehavior [ RunTime:0.000034s ]
INFO: [ app_init ] --END-- [ RunTime:0.028886s ]
INFO: [ app_begin ] --START--
INFO: Run Behavior\ReadHtmlCacheBehavior [ RunTime:0.032387s ]
INFO: [ app_begin ] --END-- [ RunTime:0.032481s ]
SQL: SHOW COLUMNS FROM `dd_config` [ RunTime:0.0274s ]
SQL: SELECT * FROM `dd_config`  [ RunTime:0.0652s ]
INFO: [ view_parse ] --START--
INFO: [ template_filter ] --START--
INFO: Run Behavior\ContentReplaceBehavior [ RunTime:0.000079s ]
INFO: [ template_filter ] --END-- [ RunTime:0.000154s ]
INFO: Run Behavior\ParseTemplateBehavior [ RunTime:0.977375s ]
INFO: [ view_parse ] --END-- [ RunTime:0.977483s ]
INFO: [ view_filter ] --START--
INFO: Run Behavior\WriteHtmlCacheBehavior [ RunTime:0.128262s ]
INFO: [ view_filter ] --END-- [ RunTime:0.128510s ]
INFO: [ app_end ] --START--
INFO: Run Behavior\ShowPageTraceBehavior [ RunTime:0.055437s ]
INFO: [ app_end ] --END-- [ RunTime:0.055552s ]

[ 2018-08-26T00:59:00+08:00 ] 172.17.0.1 /saleadmin.php?m=Admin&c=Index&a=login
INFO: [ app_init ] --START--
INFO: Run Behavior\BuildLiteBehavior [ RunTime:0.000022s ]
INFO: [ app_init ] --END-- [ RunTime:0.006821s ]
INFO: [ app_begin ] --START--
INFO: Run Behavior\ReadHtmlCacheBehavior [ RunTime:0.006526s ]
INFO: [ app_begin ] --END-- [ RunTime:0.006620s ]
SQL: SHOW COLUMNS FROM `dd_config` [ RunTime:0.0068s ]
SQL: SELECT * FROM `dd_config`  [ RunTime:0.0471s ]

[ 2018-08-26T00:59:00+08:00 ] 172.17.0.1 /saleadmin.php?m=Admin&c=Admin&a=welcome
INFO: [ app_init ] --START--
INFO: Run Behavior\BuildLiteBehavior [ RunTime:0.000015s ]
INFO: [ app_init ] --END-- [ RunTime:0.000093s ]
INFO: [ app_begin ] --START--
INFO: Run Behavior\ReadHtmlCacheBehavior [ RunTime:0.000088s ]
INFO: [ app_begin ] --END-- [ RunTime:0.000161s ]
SQL: SHOW COLUMNS FROM `dd_config` [ RunTime:0.0115s ]
SQL: SELECT * FROM `dd_config`  [ RunTime:0.0341s ]
NOTIC: [8] Undefined variable: info /var/www/html/saleWechat/Application/Admin/Controller/AdminController.class.php 第 30 行.
INFO: [ view_parse ] --START--
INFO: [ template_filter ] --START--
INFO: Run Behavior\ContentReplaceBehavior [ RunTime:0.000125s ]
INFO: [ template_filter ] --END-- [ RunTime:0.000202s ]
INFO: Run Behavior\ParseTemplateBehavior [ RunTime:0.139931s ]
INFO: [ view_parse ] --END-- [ RunTime:0.140029s ]
INFO: [ view_filter ] --START--
INFO: Run Behavior\WriteHtmlCacheBehavior [ RunTime:0.023596s ]
INFO: [ view_filter ] --END-- [ RunTime:0.023675s ]
INFO: [ app_end ] --START--
INFO: Run Behavior\ShowPageTraceBehavior [ RunTime:0.013423s ]
INFO: [ app_end ] --END-- [ RunTime:0.013516s ]

[ 2018-08-26T00:59:09+08:00 ] 172.17.0.1 /saleadmin.php?m=Admin&c=Config&a=site
INFO: [ app_init ] --START--
INFO: Run Behavior\BuildLiteBehavior [ RunTime:0.000033s ]
INFO: [ app_init ] --END-- [ RunTime:0.026119s ]
INFO: [ app_begin ] --START--
INFO: Run Behavior\ReadHtmlCacheBehavior [ RunTime:0.008437s ]
INFO: [ app_begin ] --END-- [ RunTime:0.008527s ]
SQL: SHOW COLUMNS FROM `dd_config` [ RunTime:0.0129s ]
SQL: SELECT * FROM `dd_config`  [ RunTime:0.0531s ]
INFO: [ view_parse ] --START--
INFO: [ template_filter ] --START--
INFO: Run Behavior\ContentReplaceBehavior [ RunTime:0.000139s ]
INFO: [ template_filter ] --END-- [ RunTime:0.000217s ]
INFO: Run Behavior\ParseTemplateBehavior [ RunTime:0.262589s ]
INFO: [ view_parse ] --END-- [ RunTime:0.262688s ]
INFO: [ view_filter ] --START--
INFO: Run Behavior\WriteHtmlCacheBehavior [ RunTime:0.044555s ]
INFO: [ view_filter ] --END-- [ RunTime:0.044637s ]
INFO: [ app_end ] --START--
INFO: Run Behavior\ShowPageTraceBehavior [ RunTime:0.020303s ]
INFO: [ app_end ] --END-- [ RunTime:0.020384s ]

[ 2018-08-26T00:59:32+08:00 ] 172.17.0.1 /saleadmin.php?m=Admin&c=Product&a=index
INFO: [ app_init ] --START--
INFO: Run Behavior\BuildLiteBehavior [ RunTime:0.000035s ]
INFO: [ app_init ] --END-- [ RunTime:0.005408s ]
INFO: [ app_begin ] --START--
INFO: Run Behavior\ReadHtmlCacheBehavior [ RunTime:0.007779s ]
INFO: [ app_begin ] --END-- [ RunTime:0.007874s ]
SQL: SHOW COLUMNS FROM `dd_config` [ RunTime:0.0066s ]
SQL: SELECT * FROM `dd_config`  [ RunTime:0.0406s ]
SQL: SHOW COLUMNS FROM `dd_product` [ RunTime:0.0088s ]
SQL: SELECT COUNT(*) AS tp_count FROM `dd_product` LIMIT 1   [ RunTime:0.0042s ]
SQL: SELECT * FROM `dd_product` ORDER BY id desc LIMIT 0,25   [ RunTime:0.0213s ]
INFO: [ view_parse ] --START--
INFO: [ template_filter ] --START--
INFO: Run Behavior\ContentReplaceBehavior [ RunTime:0.000125s ]
INFO: [ template_filter ] --END-- [ RunTime:0.000211s ]
INFO: Run Behavior\ParseTemplateBehavior [ RunTime:0.124075s ]
INFO: [ view_parse ] --END-- [ RunTime:0.124174s ]
INFO: [ view_filter ] --START--
INFO: Run Behavior\WriteHtmlCacheBehavior [ RunTime:0.004645s ]
INFO: [ view_filter ] --END-- [ RunTime:0.004729s ]
INFO: [ app_end ] --START--
INFO: Run Behavior\ShowPageTraceBehavior [ RunTime:0.018152s ]
INFO: [ app_end ] --END-- [ RunTime:0.018272s ]

[ 2018-08-26T00:59:43+08:00 ] 172.17.0.1 /saleadmin.php?m=Admin&c=Product&a=edit&id=3
INFO: [ app_init ] --START--
INFO: Run Behavior\BuildLiteBehavior [ RunTime:0.000031s ]
INFO: [ app_init ] --END-- [ RunTime:0.014053s ]
INFO: [ app_begin ] --START--
INFO: Run Behavior\ReadHtmlCacheBehavior [ RunTime:0.009057s ]
INFO: [ app_begin ] --END-- [ RunTime:0.009145s ]
SQL: SHOW COLUMNS FROM `dd_config` [ RunTime:0.0145s ]
SQL: SELECT * FROM `dd_config`  [ RunTime:0.0490s ]
SQL: SHOW COLUMNS FROM `dd_product` [ RunTime:0.0099s ]
SQL: SELECT * FROM `dd_product` WHERE `id` = 3 LIMIT 1   [ RunTime:0.0270s ]
NOTIC: [8] Undefined index: attr_value /var/www/html/saleWechat/Application/Admin/Controller/ProductController.class.php 第 78 行.
SQL: SHOW COLUMNS FROM `dd_product_attr` [ RunTime:0.0137s ]
SQL: SELECT * FROM `dd_product_attr` WHERE `product_id` = 3 ORDER BY id asc  [ RunTime:0.0076s ]
SQL: SHOW COLUMNS FROM `dd_product_cate` [ RunTime:0.0110s ]
SQL: SELECT * FROM `dd_product_cate`  [ RunTime:0.0056s ]
INFO: [ view_parse ] --START--
INFO: [ template_filter ] --START--
INFO: Run Behavior\ContentReplaceBehavior [ RunTime:0.000214s ]
INFO: [ template_filter ] --END-- [ RunTime:0.000304s ]
INFO: Run Behavior\ParseTemplateBehavior [ RunTime:0.138326s ]
INFO: [ view_parse ] --END-- [ RunTime:0.138417s ]
INFO: [ view_filter ] --START--
INFO: Run Behavior\WriteHtmlCacheBehavior [ RunTime:0.009842s ]
INFO: [ view_filter ] --END-- [ RunTime:0.009922s ]
INFO: [ app_end ] --START--
INFO: Run Behavior\ShowPageTraceBehavior [ RunTime:0.016179s ]
INFO: [ app_end ] --END-- [ RunTime:0.016271s ]

[ 2018-08-26T00:59:47+08:00 ] 172.17.0.1 /saleadmin.php?m=Admin&c=Product&a=upload&event=setPic&url=.%2FPublic%2Fupload%2Fimages%2F1511%2F19%2F183804328865007268.jpg
INFO: [ app_init ] --START--
INFO: Run Behavior\BuildLiteBehavior [ RunTime:0.000028s ]
INFO: [ app_init ] --END-- [ RunTime:0.031487s ]
INFO: [ app_begin ] --START--
INFO: Run Behavior\ReadHtmlCacheBehavior [ RunTime:0.027790s ]
INFO: [ app_begin ] --END-- [ RunTime:0.027891s ]
SQL: SHOW COLUMNS FROM `dd_config` [ RunTime:0.0117s ]
SQL: SELECT * FROM `dd_config`  [ RunTime:0.0506s ]
INFO: [ view_parse ] --START--
INFO: [ template_filter ] --START--
INFO: Run Behavior\ContentReplaceBehavior [ RunTime:0.000050s ]
INFO: [ template_filter ] --END-- [ RunTime:0.000126s ]
INFO: Run Behavior\ParseTemplateBehavior [ RunTime:0.426921s ]
INFO: [ view_parse ] --END-- [ RunTime:0.427081s ]
INFO: [ view_filter ] --START--
INFO: Run Behavior\WriteHtmlCacheBehavior [ RunTime:0.121494s ]
INFO: [ view_filter ] --END-- [ RunTime:0.121587s ]
INFO: [ app_end ] --START--
INFO: Run Behavior\ShowPageTraceBehavior [ RunTime:0.145388s ]
INFO: [ app_end ] --END-- [ RunTime:0.145470s ]

[ 2018-08-26T01:00:22+08:00 ] 172.17.0.1 /saleadmin.php?m=Admin&c=Reward&a=index
INFO: [ app_init ] --START--
INFO: Run Behavior\BuildLiteBehavior [ RunTime:0.000031s ]
INFO: [ app_init ] --END-- [ RunTime:0.003218s ]
INFO: [ app_begin ] --START--
INFO: Run Behavior\ReadHtmlCacheBehavior [ RunTime:0.004703s ]
INFO: [ app_begin ] --END-- [ RunTime:0.004787s ]
SQL: SHOW COLUMNS FROM `dd_config` [ RunTime:0.0169s ]
SQL: SELECT * FROM `dd_config`  [ RunTime:0.0438s ]
NOTIC: [8] Undefined index: config /var/www/html/saleWechat/Application/Common/Common/function.php 第 62 行.
NOTIC: [2] Invalid argument supplied for foreach() /var/www/html/saleWechat/Application/Common/Common/function.php 第 62 行.
SQL: SHOW COLUMNS FROM `dd_reward` [ RunTime:0.0139s ]
SQL: SELECT COUNT(*) AS tp_count FROM `dd_reward` LIMIT 1   [ RunTime:0.0088s ]
SQL: SELECT * FROM `dd_reward` ORDER BY id desc LIMIT 0,25   [ RunTime:0.0086s ]
INFO: [ view_parse ] --START--
INFO: [ template_filter ] --START--
INFO: Run Behavior\ContentReplaceBehavior [ RunTime:0.000130s ]
INFO: [ template_filter ] --END-- [ RunTime:0.000213s ]
INFO: Run Behavior\ParseTemplateBehavior [ RunTime:0.149544s ]
INFO: [ view_parse ] --END-- [ RunTime:0.149641s ]
INFO: [ view_filter ] --START--
INFO: Run Behavior\WriteHtmlCacheBehavior [ RunTime:0.006169s ]
INFO: [ view_filter ] --END-- [ RunTime:0.006244s ]
INFO: [ app_end ] --START--
INFO: Run Behavior\ShowPageTraceBehavior [ RunTime:0.008050s ]
INFO: [ app_end ] --END-- [ RunTime:0.008131s ]

[ 2018-08-26T01:00:43+08:00 ] 172.17.0.1 /saleadmin.php?m=Admin&c=User&a=index
INFO: [ app_init ] --START--
INFO: Run Behavior\BuildLiteBehavior [ RunTime:0.000032s ]
INFO: [ app_init ] --END-- [ RunTime:0.008621s ]
INFO: [ app_begin ] --START--
INFO: Run Behavior\ReadHtmlCacheBehavior [ RunTime:0.006351s ]
INFO: [ app_begin ] --END-- [ RunTime:0.006429s ]
SQL: SHOW COLUMNS FROM `dd_config` [ RunTime:0.0097s ]
SQL: SELECT * FROM `dd_config`  [ RunTime:0.0473s ]
NOTIC: [8] Undefined index: reset /var/www/html/saleWechat/Application/Admin/Controller/UserController.class.php 第 16 行.
NOTIC: [8] Undefined index: order /var/www/html/saleWechat/Application/Admin/Controller/UserController.class.php 第 32 行.
NOTIC: [8] Undefined variable: where /var/www/html/saleWechat/Application/Admin/Controller/UserController.class.php 第 36 行.
NOTIC: [8] Undefined variable: order /var/www/html/saleWechat/Application/Admin/Controller/UserController.class.php 第 36 行.
SQL: SHOW COLUMNS FROM `dd_user` [ RunTime:0.0161s ]
SQL: SELECT COUNT(*) AS tp_count FROM `dd_user` LIMIT 1   [ RunTime:0.0093s ]
SQL: SELECT * FROM `dd_user` ORDER BY id desc LIMIT 0,25   [ RunTime:0.0145s ]
INFO: [ view_parse ] --START--
INFO: [ template_filter ] --START--
INFO: Run Behavior\ContentReplaceBehavior [ RunTime:0.004114s ]
INFO: [ template_filter ] --END-- [ RunTime:0.004209s ]
NOTIC: [8] Undefined index: level /var/www/html/saleWechat/Application/Runtime/Cache/Admin/65e605872ed5d34210f5b33beb13f5a3.php 第 158 行.
NOTIC: [8] Undefined index: id /var/www/html/saleWechat/Application/Runtime/Cache/Admin/65e605872ed5d34210f5b33beb13f5a3.php 第 164 行.
NOTIC: [8] Undefined index: order /var/www/html/saleWechat/Application/Runtime/Cache/Admin/65e605872ed5d34210f5b33beb13f5a3.php 第 172 行.
NOTIC: [8] Undefined index: order /var/www/html/saleWechat/Application/Runtime/Cache/Admin/65e605872ed5d34210f5b33beb13f5a3.php 第 174 行.
NOTIC: [8] Undefined index: order /var/www/html/saleWechat/Application/Runtime/Cache/Admin/65e605872ed5d34210f5b33beb13f5a3.php 第 181 行.
NOTIC: [8] Undefined index: order /var/www/html/saleWechat/Application/Runtime/Cache/Admin/65e605872ed5d34210f5b33beb13f5a3.php 第 183 行.
NOTIC: [8] Undefined index: order /var/www/html/saleWechat/Application/Runtime/Cache/Admin/65e605872ed5d34210f5b33beb13f5a3.php 第 187 行.
NOTIC: [8] Undefined index: order /var/www/html/saleWechat/Application/Runtime/Cache/Admin/65e605872ed5d34210f5b33beb13f5a3.php 第 189 行.
NOTIC: [8] Undefined index: order /var/www/html/saleWechat/Application/Runtime/Cache/Admin/65e605872ed5d34210f5b33beb13f5a3.php 第 193 行.
NOTIC: [8] Undefined index: order /var/www/html/saleWechat/Application/Runtime/Cache/Admin/65e605872ed5d34210f5b33beb13f5a3.php 第 195 行.
NOTIC: [8] Undefined index: order /var/www/html/saleWechat/Application/Runtime/Cache/Admin/65e605872ed5d34210f5b33beb13f5a3.php 第 199 行.
NOTIC: [8] Undefined index: order /var/www/html/saleWechat/Application/Runtime/Cache/Admin/65e605872ed5d34210f5b33beb13f5a3.php 第 201 行.
INFO: Run Behavior\ParseTemplateBehavior [ RunTime:0.073060s ]
INFO: [ view_parse ] --END-- [ RunTime:0.073142s ]
INFO: [ view_filter ] --START--
INFO: Run Behavior\WriteHtmlCacheBehavior [ RunTime:0.004923s ]
INFO: [ view_filter ] --END-- [ RunTime:0.004983s ]
INFO: [ app_end ] --START--
INFO: Run Behavior\ShowPageTraceBehavior [ RunTime:0.018879s ]
INFO: [ app_end ] --END-- [ RunTime:0.018957s ]

[ 2018-08-26T01:00:50+08:00 ] 172.17.0.1 /saleadmin.php?m=Admin&c=Selfmenu&a=index
INFO: [ app_init ] --START--
INFO: Run Behavior\BuildLiteBehavior [ RunTime:0.000029s ]
INFO: [ app_init ] --END-- [ RunTime:0.013442s ]
INFO: [ app_begin ] --START--
INFO: Run Behavior\ReadHtmlCacheBehavior [ RunTime:0.007803s ]
INFO: [ app_begin ] --END-- [ RunTime:0.007898s ]
SQL: SHOW COLUMNS FROM `dd_config` [ RunTime:0.0169s ]
SQL: SELECT * FROM `dd_config`  [ RunTime:0.0420s ]
SQL: SHOW COLUMNS FROM `dd_selfmenu` [ RunTime:0.0146s ]
SQL: SELECT COUNT(*) AS tp_count FROM `dd_selfmenu` LIMIT 1   [ RunTime:0.0101s ]
SQL: SELECT * FROM `dd_selfmenu` ORDER BY sort desc LIMIT 0,25   [ RunTime:0.0081s ]
INFO: [ view_parse ] --START--
INFO: [ template_filter ] --START--
INFO: Run Behavior\ContentReplaceBehavior [ RunTime:0.000129s ]
INFO: [ template_filter ] --END-- [ RunTime:0.000220s ]
INFO: Run Behavior\ParseTemplateBehavior [ RunTime:0.311176s ]
INFO: [ view_parse ] --END-- [ RunTime:0.311276s ]
INFO: [ view_filter ] --START--
INFO: Run Behavior\WriteHtmlCacheBehavior [ RunTime:0.008765s ]
INFO: [ view_filter ] --END-- [ RunTime:0.008850s ]
INFO: [ app_end ] --START--
INFO: Run Behavior\ShowPageTraceBehavior [ RunTime:0.009946s ]
INFO: [ app_end ] --END-- [ RunTime:0.010039s ]

[ 2018-08-26T01:01:07+08:00 ] 172.17.0.1 /saleadmin.php?m=Admin&c=Selfmenu&a=edit
INFO: [ app_init ] --START--
INFO: Run Behavior\BuildLiteBehavior [ RunTime:0.000032s ]
INFO: [ app_init ] --END-- [ RunTime:0.008113s ]
INFO: [ app_begin ] --START--
INFO: Run Behavior\ReadHtmlCacheBehavior [ RunTime:0.005865s ]
INFO: [ app_begin ] --END-- [ RunTime:0.005945s ]
SQL: SHOW COLUMNS FROM `dd_config` [ RunTime:0.0114s ]
SQL: SELECT * FROM `dd_config`  [ RunTime:0.0437s ]
SQL: SHOW COLUMNS FROM `dd_selfmenu` [ RunTime:0.0067s ]
SQL: SELECT * FROM `dd_selfmenu` WHERE ( pid=0 )  [ RunTime:0.0094s ]
NOTIC: [8] Undefined index: id /var/www/html/saleWechat/Application/Admin/Controller/AdminController.class.php 第 67 行.
INFO: [ view_parse ] --START--
INFO: [ template_filter ] --START--
INFO: Run Behavior\ContentReplaceBehavior [ RunTime:0.000165s ]
INFO: [ template_filter ] --END-- [ RunTime:0.000244s ]
NOTIC: [8] Undefined variable: info /var/www/html/saleWechat/Application/Runtime/Cache/Admin/68a67bb14535c6181b0d5a14771b9fff.php 第 158 行.
NOTIC: [8] Undefined variable: info /var/www/html/saleWechat/Application/Runtime/Cache/Admin/68a67bb14535c6181b0d5a14771b9fff.php 第 162 行.
NOTIC: [8] Undefined variable: info /var/www/html/saleWechat/Application/Runtime/Cache/Admin/68a67bb14535c6181b0d5a14771b9fff.php 第 167 行.
NOTIC: [8] Undefined index: id /var/www/html/saleWechat/Application/Runtime/Cache/Admin/68a67bb14535c6181b0d5a14771b9fff.php 第 169 行.
NOTIC: [8] Undefined index: id /var/www/html/saleWechat/Application/Runtime/Cache/Admin/68a67bb14535c6181b0d5a14771b9fff.php 第 169 行.
NOTIC: [8] Undefined index: id /var/www/html/saleWechat/Application/Runtime/Cache/Admin/68a67bb14535c6181b0d5a14771b9fff.php 第 169 行.
NOTIC: [8] Undefined variable: info /var/www/html/saleWechat/Application/Runtime/Cache/Admin/68a67bb14535c6181b0d5a14771b9fff.php 第 176 行.
NOTIC: [8] Undefined variable: info /var/www/html/saleWechat/Application/Runtime/Cache/Admin/68a67bb14535c6181b0d5a14771b9fff.php 第 220 行.
INFO: Run Behavior\ParseTemplateBehavior [ RunTime:0.129714s ]
INFO: [ view_parse ] --END-- [ RunTime:0.129804s ]
INFO: [ view_filter ] --START--
INFO: Run Behavior\WriteHtmlCacheBehavior [ RunTime:0.010995s ]
INFO: [ view_filter ] --END-- [ RunTime:0.011075s ]
INFO: [ app_end ] --START--
INFO: Run Behavior\ShowPageTraceBehavior [ RunTime:0.020040s ]
INFO: [ app_end ] --END-- [ RunTime:0.020253s ]

[ 2018-08-26T01:01:59+08:00 ] 172.17.0.1 /saleadmin.php?m=Admin&c=Selfmenu&a=edit
INFO: [ app_init ] --START--
INFO: Run Behavior\BuildLiteBehavior [ RunTime:0.000029s ]
INFO: [ app_init ] --END-- [ RunTime:0.014305s ]
INFO: [ app_begin ] --START--
INFO: Run Behavior\ReadHtmlCacheBehavior [ RunTime:0.003423s ]
INFO: [ app_begin ] --END-- [ RunTime:0.003514s ]
SQL: SHOW COLUMNS FROM `dd_config` [ RunTime:0.0107s ]
SQL: SELECT * FROM `dd_config`  [ RunTime:0.0450s ]
SQL: SHOW COLUMNS FROM `dd_selfmenu` [ RunTime:0.0095s ]
NOTIC: [8] Undefined index: id /var/www/html/saleWechat/Application/Admin/Controller/AdminController.class.php 第 67 行.
SQL: INSERT INTO `dd_selfmenu` (`name`,`sort`,`pid`,`type`,`extra`) VALUES ('测试分类','1','3','pic_photo_or_album','') [ RunTime:0.0093s ]
INFO: [ view_parse ] --START--
INFO: [ template_filter ] --START--
INFO: Run Behavior\ContentReplaceBehavior [ RunTime:0.000054s ]
INFO: [ template_filter ] --END-- [ RunTime:0.000131s ]
INFO: Run Behavior\ParseTemplateBehavior [ RunTime:0.169436s ]
INFO: [ view_parse ] --END-- [ RunTime:0.169551s ]
INFO: [ view_filter ] --START--
INFO: Run Behavior\WriteHtmlCacheBehavior [ RunTime:0.016763s ]
INFO: [ view_filter ] --END-- [ RunTime:0.016842s ]

[ 2018-08-26T01:02:02+08:00 ] 172.17.0.1 /saleadmin.php?m=Admin&c=Selfmenu&a=index
INFO: [ app_init ] --START--
INFO: Run Behavior\BuildLiteBehavior [ RunTime:0.000032s ]
INFO: [ app_init ] --END-- [ RunTime:0.009708s ]
INFO: [ app_begin ] --START--
INFO: Run Behavior\ReadHtmlCacheBehavior [ RunTime:0.024592s ]
INFO: [ app_begin ] --END-- [ RunTime:0.024693s ]
SQL: SHOW COLUMNS FROM `dd_config` [ RunTime:0.0156s ]
SQL: SELECT * FROM `dd_config`  [ RunTime:0.0525s ]
SQL: SHOW COLUMNS FROM `dd_selfmenu` [ RunTime:0.0187s ]
SQL: SELECT COUNT(*) AS tp_count FROM `dd_selfmenu` LIMIT 1   [ RunTime:0.0056s ]
SQL: SELECT * FROM `dd_selfmenu` ORDER BY sort desc LIMIT 0,25   [ RunTime:0.0147s ]
INFO: [ view_parse ] --START--
INFO: [ template_filter ] --START--
INFO: Run Behavior\ContentReplaceBehavior [ RunTime:0.000130s ]
INFO: [ template_filter ] --END-- [ RunTime:0.000213s ]
INFO: Run Behavior\ParseTemplateBehavior [ RunTime:0.494843s ]
INFO: [ view_parse ] --END-- [ RunTime:0.494941s ]
INFO: [ view_filter ] --START--
INFO: Run Behavior\WriteHtmlCacheBehavior [ RunTime:0.031516s ]
INFO: [ view_filter ] --END-- [ RunTime:0.031592s ]
INFO: [ app_end ] --START--
INFO: Run Behavior\ShowPageTraceBehavior [ RunTime:0.020441s ]
INFO: [ app_end ] --END-- [ RunTime:0.020542s ]

[ 2018-08-26T01:02:21+08:00 ] 172.17.0.1 /saleadmin.php?m=Admin&c=Selfmenu&a=edit&id=13
INFO: [ app_init ] --START--
INFO: Run Behavior\BuildLiteBehavior [ RunTime:0.000029s ]
INFO: [ app_init ] --END-- [ RunTime:0.009018s ]
INFO: [ app_begin ] --START--
INFO: Run Behavior\ReadHtmlCacheBehavior [ RunTime:0.009640s ]
INFO: [ app_begin ] --END-- [ RunTime:0.009734s ]
SQL: SHOW COLUMNS FROM `dd_config` [ RunTime:0.0069s ]
SQL: SELECT * FROM `dd_config`  [ RunTime:0.0491s ]
SQL: SHOW COLUMNS FROM `dd_selfmenu` [ RunTime:0.0081s ]
SQL: SELECT * FROM `dd_selfmenu` WHERE ( pid=0 )  [ RunTime:0.0057s ]
SQL: SELECT * FROM `dd_selfmenu` WHERE `id` = 13 LIMIT 1   [ RunTime:0.0090s ]
INFO: [ view_parse ] --START--
INFO: [ template_filter ] --START--
INFO: Run Behavior\ContentReplaceBehavior [ RunTime:0.000165s ]
INFO: [ template_filter ] --END-- [ RunTime:0.000271s ]
INFO: Run Behavior\ParseTemplateBehavior [ RunTime:0.122980s ]
INFO: [ view_parse ] --END-- [ RunTime:0.123084s ]
INFO: [ view_filter ] --START--
INFO: Run Behavior\WriteHtmlCacheBehavior [ RunTime:0.004396s ]
INFO: [ view_filter ] --END-- [ RunTime:0.004478s ]
INFO: [ app_end ] --START--
INFO: Run Behavior\ShowPageTraceBehavior [ RunTime:0.022227s ]
INFO: [ app_end ] --END-- [ RunTime:0.022317s ]

[ 2018-08-26T01:02:27+08:00 ] 172.17.0.1 /saleadmin.php?m=Admin&c=Selfmenu&a=edit&id=13
INFO: [ app_init ] --START--
INFO: Run Behavior\BuildLiteBehavior [ RunTime:0.000029s ]
INFO: [ app_init ] --END-- [ RunTime:0.016262s ]
INFO: [ app_begin ] --START--
INFO: Run Behavior\ReadHtmlCacheBehavior [ RunTime:0.017683s ]
INFO: [ app_begin ] --END-- [ RunTime:0.017782s ]
SQL: SHOW COLUMNS FROM `dd_config` [ RunTime:0.0071s ]
SQL: SELECT * FROM `dd_config`  [ RunTime:0.0482s ]
NOTIC: [8] Undefined index: id /var/www/html/saleWechat/Application/Admin/Controller/SelfmenuController.class.php 第 20 行.
SQL: SHOW COLUMNS FROM `dd_selfmenu` [ RunTime:0.0099s ]
SQL: SELECT * FROM `dd_selfmenu` WHERE `id` = 13 LIMIT 1   [ RunTime:0.0060s ]
SQL: UPDATE `dd_selfmenu` SET `name`='测试分类',`sort`='10',`pid`='3',`type`='pic_photo_or_album',`extra`='' WHERE `id` = 13 [ RunTime:0.0150s ]
INFO: [ view_parse ] --START--
INFO: [ template_filter ] --START--
INFO: Run Behavior\ContentReplaceBehavior [ RunTime:0.000058s ]
INFO: [ template_filter ] --END-- [ RunTime:0.000145s ]
INFO: Run Behavior\ParseTemplateBehavior [ RunTime:0.308884s ]
INFO: [ view_parse ] --END-- [ RunTime:0.308986s ]
INFO: [ view_filter ] --START--
INFO: Run Behavior\WriteHtmlCacheBehavior [ RunTime:0.034463s ]
INFO: [ view_filter ] --END-- [ RunTime:0.034543s ]

[ 2018-08-26T01:02:31+08:00 ] 172.17.0.1 /saleadmin.php?m=Admin&c=Selfmenu&a=index
INFO: [ app_init ] --START--
INFO: Run Behavior\BuildLiteBehavior [ RunTime:0.000030s ]
INFO: [ app_init ] --END-- [ RunTime:0.015241s ]
INFO: [ app_begin ] --START--
INFO: Run Behavior\ReadHtmlCacheBehavior [ RunTime:0.020565s ]
INFO: [ app_begin ] --END-- [ RunTime:0.020707s ]
SQL: SHOW COLUMNS FROM `dd_config` [ RunTime:0.0259s ]
SQL: SELECT * FROM `dd_config`  [ RunTime:0.0484s ]
SQL: SHOW COLUMNS FROM `dd_selfmenu` [ RunTime:0.0179s ]
SQL: SELECT COUNT(*) AS tp_count FROM `dd_selfmenu` LIMIT 1   [ RunTime:0.0175s ]
SQL: SELECT * FROM `dd_selfmenu` ORDER BY sort desc LIMIT 0,25   [ RunTime:0.0433s ]
INFO: [ view_parse ] --START--
INFO: [ template_filter ] --START--
INFO: Run Behavior\ContentReplaceBehavior [ RunTime:0.000125s ]
INFO: [ template_filter ] --END-- [ RunTime:0.000210s ]
INFO: Run Behavior\ParseTemplateBehavior [ RunTime:0.520469s ]
INFO: [ view_parse ] --END-- [ RunTime:0.520576s ]
INFO: [ view_filter ] --START--
INFO: Run Behavior\WriteHtmlCacheBehavior [ RunTime:0.029669s ]
INFO: [ view_filter ] --END-- [ RunTime:0.029752s ]
INFO: [ app_end ] --START--
INFO: Run Behavior\ShowPageTraceBehavior [ RunTime:0.048347s ]
INFO: [ app_end ] --END-- [ RunTime:0.048436s ]

[ 2018-08-26T01:02:47+08:00 ] 172.17.0.1 /saleadmin.php?m=Admin&c=Selfmenu&a=index
INFO: [ app_init ] --START--
INFO: Run Behavior\BuildLiteBehavior [ RunTime:0.000028s ]
INFO: [ app_init ] --END-- [ RunTime:0.007159s ]
INFO: [ app_begin ] --START--
INFO: Run Behavior\ReadHtmlCacheBehavior [ RunTime:0.004887s ]
INFO: [ app_begin ] --END-- [ RunTime:0.004984s ]
SQL: SHOW COLUMNS FROM `dd_config` [ RunTime:0.0092s ]
SQL: SELECT * FROM `dd_config`  [ RunTime:0.0480s ]
SQL: SHOW COLUMNS FROM `dd_selfmenu` [ RunTime:0.0073s ]
SQL: SELECT COUNT(*) AS tp_count FROM `dd_selfmenu` LIMIT 1   [ RunTime:0.0042s ]
SQL: SELECT * FROM `dd_selfmenu` ORDER BY sort desc LIMIT 0,25   [ RunTime:0.0127s ]
INFO: [ view_parse ] --START--
INFO: [ template_filter ] --START--
INFO: Run Behavior\ContentReplaceBehavior [ RunTime:0.000128s ]
INFO: [ template_filter ] --END-- [ RunTime:0.000219s ]
INFO: Run Behavior\ParseTemplateBehavior [ RunTime:0.179748s ]
INFO: [ view_parse ] --END-- [ RunTime:0.179846s ]
INFO: [ view_filter ] --START--
INFO: Run Behavior\WriteHtmlCacheBehavior [ RunTime:0.015251s ]
INFO: [ view_filter ] --END-- [ RunTime:0.015332s ]
INFO: [ app_end ] --START--
INFO: Run Behavior\ShowPageTraceBehavior [ RunTime:0.011705s ]
INFO: [ app_end ] --END-- [ RunTime:0.011810s ]

[ 2018-08-26T01:02:54+08:00 ] 172.17.0.1 /saleadmin.php?m=Admin&c=Product&a=cate
INFO: [ app_init ] --START--
INFO: Run Behavior\BuildLiteBehavior [ RunTime:0.000031s ]
INFO: [ app_init ] --END-- [ RunTime:0.006866s ]
INFO: [ app_begin ] --START--
INFO: Run Behavior\ReadHtmlCacheBehavior [ RunTime:0.014847s ]
INFO: [ app_begin ] --END-- [ RunTime:0.014935s ]
SQL: SHOW COLUMNS FROM `dd_config` [ RunTime:0.0149s ]
SQL: SELECT * FROM `dd_config`  [ RunTime:0.0549s ]
SQL: SHOW COLUMNS FROM `dd_product_cate` [ RunTime:0.0242s ]
SQL: SELECT * FROM `dd_product_cate` ORDER BY sort desc  [ RunTime:0.0143s ]
INFO: [ view_parse ] --START--
INFO: [ template_filter ] --START--
INFO: Run Behavior\ContentReplaceBehavior [ RunTime:0.000119s ]
INFO: [ template_filter ] --END-- [ RunTime:0.000201s ]
INFO: Run Behavior\ParseTemplateBehavior [ RunTime:0.582117s ]
INFO: [ view_parse ] --END-- [ RunTime:0.582216s ]
INFO: [ view_filter ] --START--
INFO: Run Behavior\WriteHtmlCacheBehavior [ RunTime:0.041042s ]
INFO: [ view_filter ] --END-- [ RunTime:0.041123s ]
INFO: [ app_end ] --START--
INFO: Run Behavior\ShowPageTraceBehavior [ RunTime:0.011438s ]
INFO: [ app_end ] --END-- [ RunTime:0.011531s ]

[ 2018-08-26T01:03:01+08:00 ] 172.17.0.1 /saleadmin.php?m=Admin&c=Product&a=cate_edit
INFO: [ app_init ] --START--
INFO: Run Behavior\BuildLiteBehavior [ RunTime:0.000032s ]
INFO: [ app_init ] --END-- [ RunTime:0.006075s ]
INFO: [ app_begin ] --START--
INFO: Run Behavior\ReadHtmlCacheBehavior [ RunTime:0.004398s ]
INFO: [ app_begin ] --END-- [ RunTime:0.004493s ]
SQL: SHOW COLUMNS FROM `dd_config` [ RunTime:0.0120s ]
SQL: SELECT * FROM `dd_config`  [ RunTime:0.0546s ]
SQL: SHOW COLUMNS FROM `dd_product_cate` [ RunTime:0.0131s ]
NOTIC: [8] Undefined index: id /var/www/html/saleWechat/Application/Admin/Controller/AdminController.class.php 第 67 行.
INFO: [ view_parse ] --START--
INFO: [ template_filter ] --START--
INFO: Run Behavior\ContentReplaceBehavior [ RunTime:0.000112s ]
INFO: [ template_filter ] --END-- [ RunTime:0.000190s ]
NOTIC: [8] Undefined variable: info /var/www/html/saleWechat/Application/Runtime/Cache/Admin/70d160fff1664789f4840d945b527d8d.php 第 168 行.
NOTIC: [8] Undefined variable: info /var/www/html/saleWechat/Application/Runtime/Cache/Admin/70d160fff1664789f4840d945b527d8d.php 第 177 行.
NOTIC: [8] Undefined variable: info /var/www/html/saleWechat/Application/Runtime/Cache/Admin/70d160fff1664789f4840d945b527d8d.php 第 178 行.
NOTIC: [8] Undefined variable: info /var/www/html/saleWechat/Application/Runtime/Cache/Admin/70d160fff1664789f4840d945b527d8d.php 第 189 行.
INFO: Run Behavior\ParseTemplateBehavior [ RunTime:0.168909s ]
INFO: [ view_parse ] --END-- [ RunTime:0.168997s ]
INFO: [ view_filter ] --START--
INFO: Run Behavior\WriteHtmlCacheBehavior [ RunTime:0.005652s ]
INFO: [ view_filter ] --END-- [ RunTime:0.005729s ]
INFO: [ app_end ] --START--
INFO: Run Behavior\ShowPageTraceBehavior [ RunTime:0.012704s ]
INFO: [ app_end ] --END-- [ RunTime:0.012883s ]

[ 2018-08-26T01:03:03+08:00 ] 172.17.0.1 /saleadmin.php?m=Admin&c=Product&a=upload&event=setPic&url=
INFO: [ app_init ] --START--
INFO: Run Behavior\BuildLiteBehavior [ RunTime:0.000025s ]
INFO: [ app_init ] --END-- [ RunTime:0.000171s ]
INFO: [ app_begin ] --START--
INFO: Run Behavior\ReadHtmlCacheBehavior [ RunTime:0.016132s ]
INFO: [ app_begin ] --END-- [ RunTime:0.016231s ]
SQL: SHOW COLUMNS FROM `dd_config` [ RunTime:0.0164s ]
SQL: SELECT * FROM `dd_config`  [ RunTime:0.0647s ]
INFO: [ view_parse ] --START--
INFO: [ template_filter ] --START--
INFO: Run Behavior\ContentReplaceBehavior [ RunTime:0.000050s ]
INFO: [ template_filter ] --END-- [ RunTime:0.000137s ]
INFO: Run Behavior\ParseTemplateBehavior [ RunTime:0.313537s ]
INFO: [ view_parse ] --END-- [ RunTime:0.313656s ]
INFO: [ view_filter ] --START--
INFO: Run Behavior\WriteHtmlCacheBehavior [ RunTime:0.012443s ]
INFO: [ view_filter ] --END-- [ RunTime:0.012524s ]
INFO: [ app_end ] --START--
INFO: Run Behavior\ShowPageTraceBehavior [ RunTime:0.017150s ]
INFO: [ app_end ] --END-- [ RunTime:0.017235s ]

