[ 2018-08-13T15:13:48+08:00 ] 192.168.56.2 /bst_admin.php
INFO: [ app_init ] --START--
INFO: Run Behavior\BuildLiteBehavior [ RunTime:0.000048s ]
INFO: [ app_init ] --END-- [ RunTime:0.001134s ]
INFO: [ app_begin ] --START--
INFO: Run Behavior\ReadHtmlCacheBehavior [ RunTime:0.001274s ]
INFO: [ app_begin ] --END-- [ RunTime:0.001528s ]
SQL: SHOW COLUMNS FROM `dd_config` [ RunTime:0.0007s ]
SQL: SELECT * FROM `dd_config`  [ RunTime:0.0003s ]

[ 2018-08-13T15:13:48+08:00 ] 192.168.56.2 /bst_admin.php?m=Admin&c=Index&a=login
INFO: [ app_init ] --START--
INFO: Run Behavior\BuildLiteBehavior [ RunTime:0.000046s ]
INFO: [ app_init ] --END-- [ RunTime:0.000337s ]
INFO: [ app_begin ] --START--
INFO: Run Behavior\ReadHtmlCacheBehavior [ RunTime:0.000569s ]
INFO: [ app_begin ] --END-- [ RunTime:0.000802s ]
SQL: SHOW COLUMNS FROM `dd_config` [ RunTime:0.0007s ]
SQL: SELECT * FROM `dd_config`  [ RunTime:0.0003s ]
INFO: [ view_parse ] --START--
INFO: [ template_filter ] --START--
INFO: Run Behavior\ContentReplaceBehavior [ RunTime:0.000135s ]
INFO: [ template_filter ] --END-- [ RunTime:0.000481s ]
INFO: Run Behavior\ParseTemplateBehavior [ RunTime:0.036217s ]
INFO: [ view_parse ] --END-- [ RunTime:0.036489s ]
INFO: [ view_filter ] --START--
INFO: Run Behavior\WriteHtmlCacheBehavior [ RunTime:0.002511s ]
INFO: [ view_filter ] --END-- [ RunTime:0.002762s ]
INFO: [ app_end ] --START--
INFO: Run Behavior\ShowPageTraceBehavior [ RunTime:0.002641s ]
INFO: [ app_end ] --END-- [ RunTime:0.002878s ]

[ 2018-08-13T15:14:01+08:00 ] 192.168.56.2 /bst_admin.php?m=Admin&c=Index&a=login
INFO: [ app_init ] --START--
INFO: Run Behavior\BuildLiteBehavior [ RunTime:0.000049s ]
INFO: [ app_init ] --END-- [ RunTime:0.000726s ]
INFO: [ app_begin ] --START--
INFO: Run Behavior\ReadHtmlCacheBehavior [ RunTime:0.000953s ]
INFO: [ app_begin ] --END-- [ RunTime:0.001228s ]
SQL: SHOW COLUMNS FROM `dd_config` [ RunTime:0.0006s ]
SQL: SELECT * FROM `dd_config`  [ RunTime:0.0003s ]

[ 2018-08-13T15:14:01+08:00 ] 192.168.56.2 /bst_admin.php?m=Admin&c=Admin&a=welcome
INFO: [ app_init ] --START--
INFO: Run Behavior\BuildLiteBehavior [ RunTime:0.000044s ]
INFO: [ app_init ] --END-- [ RunTime:0.000312s ]
INFO: [ app_begin ] --START--
INFO: Run Behavior\ReadHtmlCacheBehavior [ RunTime:0.000495s ]
INFO: [ app_begin ] --END-- [ RunTime:0.000729s ]
SQL: SHOW COLUMNS FROM `dd_config` [ RunTime:0.0006s ]
SQL: SELECT * FROM `dd_config`  [ RunTime:0.0003s ]
NOTIC: [8] Undefined variable: info /app/wwwroot/mall-sheeu/Application/Admin/Controller/AdminController.class.php 第 30 行.
INFO: [ view_parse ] --START--
INFO: [ template_filter ] --START--
INFO: Run Behavior\ContentReplaceBehavior [ RunTime:0.000117s ]
INFO: [ template_filter ] --END-- [ RunTime:0.000367s ]
INFO: Run Behavior\ParseTemplateBehavior [ RunTime:0.032088s ]
INFO: [ view_parse ] --END-- [ RunTime:0.032340s ]
INFO: [ view_filter ] --START--
INFO: Run Behavior\WriteHtmlCacheBehavior [ RunTime:0.001513s ]
INFO: [ view_filter ] --END-- [ RunTime:0.001751s ]
INFO: [ app_end ] --START--
INFO: Run Behavior\ShowPageTraceBehavior [ RunTime:0.001479s ]
INFO: [ app_end ] --END-- [ RunTime:0.001714s ]

[ 2018-08-13T15:14:13+08:00 ] 192.168.56.2 /bst_admin.php?m=Admin&c=Product&a=index
INFO: [ app_init ] --START--
INFO: Run Behavior\BuildLiteBehavior [ RunTime:0.000047s ]
INFO: [ app_init ] --END-- [ RunTime:0.000707s ]
INFO: [ app_begin ] --START--
INFO: Run Behavior\ReadHtmlCacheBehavior [ RunTime:0.000858s ]
INFO: [ app_begin ] --END-- [ RunTime:0.001094s ]
SQL: SHOW COLUMNS FROM `dd_config` [ RunTime:0.0006s ]
SQL: SELECT * FROM `dd_config`  [ RunTime:0.0002s ]
SQL: SHOW COLUMNS FROM `dd_product` [ RunTime:0.0006s ]
SQL: SELECT COUNT(*) AS tp_count FROM `dd_product` LIMIT 1   [ RunTime:0.0004s ]
SQL: SELECT * FROM `dd_product` ORDER BY id desc LIMIT 0,25   [ RunTime:0.0004s ]
INFO: [ view_parse ] --START--
INFO: [ template_filter ] --START--
INFO: Run Behavior\ContentReplaceBehavior [ RunTime:0.000131s ]
INFO: [ template_filter ] --END-- [ RunTime:0.000383s ]
INFO: Run Behavior\ParseTemplateBehavior [ RunTime:0.038140s ]
INFO: [ view_parse ] --END-- [ RunTime:0.038393s ]
INFO: [ view_filter ] --START--
INFO: Run Behavior\WriteHtmlCacheBehavior [ RunTime:0.002639s ]
INFO: [ view_filter ] --END-- [ RunTime:0.002891s ]
INFO: [ app_end ] --START--
INFO: Run Behavior\ShowPageTraceBehavior [ RunTime:0.002114s ]
INFO: [ app_end ] --END-- [ RunTime:0.002362s ]

[ 2018-08-13T15:14:20+08:00 ] 192.168.56.2 /bst_admin.php?m=Admin&c=Product&a=edit
INFO: [ app_init ] --START--
INFO: Run Behavior\BuildLiteBehavior [ RunTime:0.000047s ]
INFO: [ app_init ] --END-- [ RunTime:0.001497s ]
INFO: [ app_begin ] --START--
INFO: Run Behavior\ReadHtmlCacheBehavior [ RunTime:0.001239s ]
INFO: [ app_begin ] --END-- [ RunTime:0.001471s ]
SQL: SHOW COLUMNS FROM `dd_config` [ RunTime:0.0008s ]
SQL: SELECT * FROM `dd_config`  [ RunTime:0.0003s ]
NOTIC: [8] Undefined index: id /app/wwwroot/mall-sheeu/Application/Admin/Controller/ProductController.class.php 第 74 行.
SQL: SHOW COLUMNS FROM `dd_product_cate` [ RunTime:0.0007s ]
SQL: SELECT * FROM `dd_product_cate`  [ RunTime:0.0002s ]
INFO: [ view_parse ] --START--
INFO: [ template_filter ] --START--
INFO: Run Behavior\ContentReplaceBehavior [ RunTime:0.000150s ]
INFO: [ template_filter ] --END-- [ RunTime:0.000400s ]
NOTIC: [8] Undefined variable: info /app/wwwroot/mall-sheeu/Application/Runtime/Cache/Admin/b3c4eeadefc336ccc37682b1e72f6690.php 第 168 行.
NOTIC: [8] Undefined variable: info /app/wwwroot/mall-sheeu/Application/Runtime/Cache/Admin/b3c4eeadefc336ccc37682b1e72f6690.php 第 174 行.
NOTIC: [8] Undefined variable: info /app/wwwroot/mall-sheeu/Application/Runtime/Cache/Admin/b3c4eeadefc336ccc37682b1e72f6690.php 第 185 行.
NOTIC: [8] Undefined variable: info /app/wwwroot/mall-sheeu/Application/Runtime/Cache/Admin/b3c4eeadefc336ccc37682b1e72f6690.php 第 186 行.
NOTIC: [8] Undefined variable: info /app/wwwroot/mall-sheeu/Application/Runtime/Cache/Admin/b3c4eeadefc336ccc37682b1e72f6690.php 第 197 行.
NOTIC: [8] Undefined variable: info /app/wwwroot/mall-sheeu/Application/Runtime/Cache/Admin/b3c4eeadefc336ccc37682b1e72f6690.php 第 203 行.
NOTIC: [8] Undefined variable: info /app/wwwroot/mall-sheeu/Application/Runtime/Cache/Admin/b3c4eeadefc336ccc37682b1e72f6690.php 第 215 行.
NOTIC: [8] Undefined variable: info /app/wwwroot/mall-sheeu/Application/Runtime/Cache/Admin/b3c4eeadefc336ccc37682b1e72f6690.php 第 221 行.
NOTIC: [8] Undefined variable: info /app/wwwroot/mall-sheeu/Application/Runtime/Cache/Admin/b3c4eeadefc336ccc37682b1e72f6690.php 第 231 行.
NOTIC: [8] Undefined variable: info /app/wwwroot/mall-sheeu/Application/Runtime/Cache/Admin/b3c4eeadefc336ccc37682b1e72f6690.php 第 246 行.
NOTIC: [8] Undefined variable: info /app/wwwroot/mall-sheeu/Application/Runtime/Cache/Admin/b3c4eeadefc336ccc37682b1e72f6690.php 第 259 行.
NOTIC: [8] Undefined variable: info /app/wwwroot/mall-sheeu/Application/Runtime/Cache/Admin/b3c4eeadefc336ccc37682b1e72f6690.php 第 344 行.
INFO: Run Behavior\ParseTemplateBehavior [ RunTime:0.045642s ]
INFO: [ view_parse ] --END-- [ RunTime:0.045924s ]
INFO: [ view_filter ] --START--
INFO: Run Behavior\WriteHtmlCacheBehavior [ RunTime:0.001919s ]
INFO: [ view_filter ] --END-- [ RunTime:0.002227s ]
INFO: [ app_end ] --START--
INFO: Run Behavior\ShowPageTraceBehavior [ RunTime:0.001931s ]
INFO: [ app_end ] --END-- [ RunTime:0.002380s ]

[ 2018-08-13T15:14:20+08:00 ] 192.168.56.2 /bst_admin.php?m=Admin&c=Product&a=upload&event=setPic&url=
INFO: [ app_init ] --START--
INFO: Run Behavior\BuildLiteBehavior [ RunTime:0.000046s ]
INFO: [ app_init ] --END-- [ RunTime:0.000342s ]
INFO: [ app_begin ] --START--
INFO: Run Behavior\ReadHtmlCacheBehavior [ RunTime:0.000512s ]
INFO: [ app_begin ] --END-- [ RunTime:0.000759s ]
SQL: SHOW COLUMNS FROM `dd_config` [ RunTime:0.0007s ]
SQL: SELECT * FROM `dd_config`  [ RunTime:0.0003s ]
INFO: [ view_parse ] --START--
INFO: [ template_filter ] --START--
INFO: Run Behavior\ContentReplaceBehavior [ RunTime:0.000144s ]
INFO: [ template_filter ] --END-- [ RunTime:0.000635s ]
INFO: Run Behavior\ParseTemplateBehavior [ RunTime:0.029168s ]
INFO: [ view_parse ] --END-- [ RunTime:0.029680s ]
INFO: [ view_filter ] --START--
INFO: Run Behavior\WriteHtmlCacheBehavior [ RunTime:0.000855s ]
INFO: [ view_filter ] --END-- [ RunTime:0.001219s ]
INFO: [ app_end ] --START--
INFO: Run Behavior\ShowPageTraceBehavior [ RunTime:0.000977s ]
INFO: [ app_end ] --END-- [ RunTime:0.001408s ]

[ 2018-08-13T15:14:29+08:00 ] 192.168.56.2 /bst_admin.php?m=Admin&c=Product&a=upload&event=setPic&url=
INFO: [ app_init ] --START--
INFO: Run Behavior\BuildLiteBehavior [ RunTime:0.000048s ]
INFO: [ app_init ] --END-- [ RunTime:0.000827s ]
INFO: [ app_begin ] --START--
INFO: Run Behavior\ReadHtmlCacheBehavior [ RunTime:0.001017s ]
INFO: [ app_begin ] --END-- [ RunTime:0.001299s ]
SQL: SHOW COLUMNS FROM `dd_config` [ RunTime:0.0006s ]
SQL: SELECT * FROM `dd_config`  [ RunTime:0.0003s ]
NOTIC: [8] Undefined index: field /app/wwwroot/mall-sheeu/Application/Admin/Controller/AdminController.class.php 第 107 行.
INFO: [ view_parse ] --START--
INFO: [ template_filter ] --START--
INFO: Run Behavior\ContentReplaceBehavior [ RunTime:0.000157s ]
INFO: [ template_filter ] --END-- [ RunTime:0.000527s ]
INFO: Run Behavior\ParseTemplateBehavior [ RunTime:0.019347s ]
INFO: [ view_parse ] --END-- [ RunTime:0.019769s ]
INFO: [ view_filter ] --START--
INFO: Run Behavior\WriteHtmlCacheBehavior [ RunTime:0.001271s ]
INFO: [ view_filter ] --END-- [ RunTime:0.001670s ]
INFO: [ app_end ] --START--
INFO: Run Behavior\ShowPageTraceBehavior [ RunTime:0.001637s ]
INFO: [ app_end ] --END-- [ RunTime:0.002064s ]

[ 2018-08-13T15:14:43+08:00 ] 192.168.56.2 /bst_admin.php?m=Admin&c=Reward&a=index
INFO: [ app_init ] --START--
INFO: Run Behavior\BuildLiteBehavior [ RunTime:0.000050s ]
INFO: [ app_init ] --END-- [ RunTime:0.000849s ]
INFO: [ app_begin ] --START--
INFO: Run Behavior\ReadHtmlCacheBehavior [ RunTime:0.000865s ]
INFO: [ app_begin ] --END-- [ RunTime:0.001099s ]
SQL: SHOW COLUMNS FROM `dd_config` [ RunTime:0.0007s ]
SQL: SELECT * FROM `dd_config`  [ RunTime:0.0003s ]
NOTIC: [8] Undefined index: config /app/wwwroot/mall-sheeu/Application/Common/Common/function.php 第 62 行.
NOTIC: [2] Invalid argument supplied for foreach() /app/wwwroot/mall-sheeu/Application/Common/Common/function.php 第 62 行.
SQL: SHOW COLUMNS FROM `dd_reward` [ RunTime:0.0006s ]
SQL: SELECT COUNT(*) AS tp_count FROM `dd_reward` LIMIT 1   [ RunTime:0.0002s ]
SQL: SELECT * FROM `dd_reward` ORDER BY id desc LIMIT 0,25   [ RunTime:0.0004s ]
INFO: [ view_parse ] --START--
INFO: [ template_filter ] --START--
INFO: Run Behavior\ContentReplaceBehavior [ RunTime:0.000137s ]
INFO: [ template_filter ] --END-- [ RunTime:0.000445s ]
INFO: Run Behavior\ParseTemplateBehavior [ RunTime:0.029893s ]
INFO: [ view_parse ] --END-- [ RunTime:0.030146s ]
INFO: [ view_filter ] --START--
INFO: Run Behavior\WriteHtmlCacheBehavior [ RunTime:0.001876s ]
INFO: [ view_filter ] --END-- [ RunTime:0.002121s ]
INFO: [ app_end ] --START--
INFO: Run Behavior\ShowPageTraceBehavior [ RunTime:0.002132s ]
INFO: [ app_end ] --END-- [ RunTime:0.002413s ]

[ 2018-08-13T15:14:46+08:00 ] 192.168.56.2 /bst_admin.php?m=Admin&c=Withdraw&a=index
INFO: [ app_init ] --START--
INFO: Run Behavior\BuildLiteBehavior [ RunTime:0.000049s ]
INFO: [ app_init ] --END-- [ RunTime:0.001121s ]
INFO: [ app_begin ] --START--
INFO: Run Behavior\ReadHtmlCacheBehavior [ RunTime:0.001237s ]
INFO: [ app_begin ] --END-- [ RunTime:0.001523s ]
SQL: SHOW COLUMNS FROM `dd_config` [ RunTime:0.0006s ]
SQL: SELECT * FROM `dd_config`  [ RunTime:0.0002s ]
NOTIC: [8] Undefined variable: where /app/wwwroot/mall-sheeu/Application/Admin/Controller/WithdrawController.class.php 第 25 行.
SQL: SHOW COLUMNS FROM `dd_withdraw` [ RunTime:0.0007s ]
SQL: SELECT COUNT(*) AS tp_count FROM `dd_withdraw` LIMIT 1   [ RunTime:0.0003s ]
SQL: SELECT * FROM `dd_withdraw` ORDER BY id desc LIMIT 0,25   [ RunTime:0.0005s ]
INFO: [ view_parse ] --START--
INFO: [ template_filter ] --START--
INFO: Run Behavior\ContentReplaceBehavior [ RunTime:0.000163s ]
INFO: [ template_filter ] --END-- [ RunTime:0.000418s ]
NOTIC: [8] Undefined index: status /app/wwwroot/mall-sheeu/Application/Runtime/Cache/Admin/74b33de847bcd735284bc178d1224e92.php 第 158 行.
NOTIC: [8] Undefined index: time1 /app/wwwroot/mall-sheeu/Application/Runtime/Cache/Admin/74b33de847bcd735284bc178d1224e92.php 第 166 行.
NOTIC: [8] Undefined index: time2 /app/wwwroot/mall-sheeu/Application/Runtime/Cache/Admin/74b33de847bcd735284bc178d1224e92.php 第 168 行.
INFO: Run Behavior\ParseTemplateBehavior [ RunTime:0.038406s ]
INFO: [ view_parse ] --END-- [ RunTime:0.038679s ]
INFO: [ view_filter ] --START--
INFO: Run Behavior\WriteHtmlCacheBehavior [ RunTime:0.002707s ]
INFO: [ view_filter ] --END-- [ RunTime:0.002978s ]
INFO: [ app_end ] --START--
INFO: Run Behavior\ShowPageTraceBehavior [ RunTime:0.001936s ]
INFO: [ app_end ] --END-- [ RunTime:0.002245s ]

[ 2018-08-13T15:16:26+08:00 ] 192.168.56.2 /bst_admin.php?m=Admin&c=Order&a=index
INFO: [ app_init ] --START--
INFO: Run Behavior\BuildLiteBehavior [ RunTime:0.000047s ]
INFO: [ app_init ] --END-- [ RunTime:0.001236s ]
INFO: [ app_begin ] --START--
INFO: Run Behavior\ReadHtmlCacheBehavior [ RunTime:0.002130s ]
INFO: [ app_begin ] --END-- [ RunTime:0.002506s ]
SQL: SHOW COLUMNS FROM `dd_config` [ RunTime:0.0006s ]
SQL: SELECT * FROM `dd_config`  [ RunTime:0.0003s ]
SQL: SHOW COLUMNS FROM `dd_order` [ RunTime:0.0007s ]
SQL: SELECT COUNT(*) AS tp_count FROM `dd_order` WHERE `status` > 1 LIMIT 1   [ RunTime:0.0006s ]
SQL: SELECT SUM(total) AS tp_sum FROM `dd_order` WHERE `status` > 1 LIMIT 1   [ RunTime:0.0004s ]
SQL: SELECT COUNT(*) AS tp_count FROM `dd_order` LIMIT 1   [ RunTime:0.0003s ]
SQL: SELECT * FROM `dd_order` ORDER BY id desc LIMIT 0,25   [ RunTime:0.0004s ]
INFO: [ view_parse ] --START--
INFO: [ template_filter ] --START--
INFO: Run Behavior\ContentReplaceBehavior [ RunTime:0.000116s ]
INFO: [ template_filter ] --END-- [ RunTime:0.000364s ]
NOTIC: [8] Undefined index: status /app/wwwroot/mall-sheeu/Application/Runtime/Cache/Admin/18bc66a7b6334412ab8e61a2539ecfbd.php 第 158 行.
NOTIC: [8] Undefined index: time1 /app/wwwroot/mall-sheeu/Application/Runtime/Cache/Admin/18bc66a7b6334412ab8e61a2539ecfbd.php 第 166 行.
NOTIC: [8] Undefined index: time2 /app/wwwroot/mall-sheeu/Application/Runtime/Cache/Admin/18bc66a7b6334412ab8e61a2539ecfbd.php 第 168 行.
NOTIC: [8] Undefined index: expense /app/wwwroot/mall-sheeu/Application/Runtime/Cache/Admin/18bc66a7b6334412ab8e61a2539ecfbd.php 第 190 行.
NOTIC: [8] Undefined index: buycoin /app/wwwroot/mall-sheeu/Application/Runtime/Cache/Admin/18bc66a7b6334412ab8e61a2539ecfbd.php 第 190 行.
NOTIC: [8] Undefined index: expense /app/wwwroot/mall-sheeu/Application/Runtime/Cache/Admin/18bc66a7b6334412ab8e61a2539ecfbd.php 第 190 行.
NOTIC: [8] Undefined index: buycoin /app/wwwroot/mall-sheeu/Application/Runtime/Cache/Admin/18bc66a7b6334412ab8e61a2539ecfbd.php 第 190 行.
NOTIC: [8] Undefined index: expense /app/wwwroot/mall-sheeu/Application/Runtime/Cache/Admin/18bc66a7b6334412ab8e61a2539ecfbd.php 第 190 行.
NOTIC: [8] Undefined index: buycoin /app/wwwroot/mall-sheeu/Application/Runtime/Cache/Admin/18bc66a7b6334412ab8e61a2539ecfbd.php 第 190 行.
NOTIC: [8] Undefined index: expense /app/wwwroot/mall-sheeu/Application/Runtime/Cache/Admin/18bc66a7b6334412ab8e61a2539ecfbd.php 第 190 行.
NOTIC: [8] Undefined index: buycoin /app/wwwroot/mall-sheeu/Application/Runtime/Cache/Admin/18bc66a7b6334412ab8e61a2539ecfbd.php 第 190 行.
INFO: Run Behavior\ParseTemplateBehavior [ RunTime:0.046332s ]
INFO: [ view_parse ] --END-- [ RunTime:0.046647s ]
INFO: [ view_filter ] --START--
INFO: Run Behavior\WriteHtmlCacheBehavior [ RunTime:0.002697s ]
INFO: [ view_filter ] --END-- [ RunTime:0.002929s ]
INFO: [ app_end ] --START--
INFO: Run Behavior\ShowPageTraceBehavior [ RunTime:0.001837s ]
INFO: [ app_end ] --END-- [ RunTime:0.002070s ]

[ 2018-08-13T15:16:30+08:00 ] 192.168.56.2 /bst_admin.php?m=Admin&c=Order&a=detail&id=4
INFO: [ app_init ] --START--
INFO: Run Behavior\BuildLiteBehavior [ RunTime:0.000049s ]
INFO: [ app_init ] --END-- [ RunTime:0.001118s ]
INFO: [ app_begin ] --START--
INFO: Run Behavior\ReadHtmlCacheBehavior [ RunTime:0.001689s ]
INFO: [ app_begin ] --END-- [ RunTime:0.001973s ]
SQL: SHOW COLUMNS FROM `dd_config` [ RunTime:0.0006s ]
SQL: SELECT * FROM `dd_config`  [ RunTime:0.0002s ]
SQL: SHOW COLUMNS FROM `dd_order` [ RunTime:0.0008s ]
SQL: SELECT * FROM `dd_order` WHERE `id` = 4 LIMIT 1   [ RunTime:0.0003s ]
SQL: SHOW COLUMNS FROM `dd_order_product` [ RunTime:0.0006s ]
SQL: SELECT * FROM `dd_order_product` WHERE `order_id` = 4  [ RunTime:0.0003s ]
INFO: [ view_parse ] --START--
INFO: [ template_filter ] --START--
INFO: Run Behavior\ContentReplaceBehavior [ RunTime:0.000219s ]
INFO: [ template_filter ] --END-- [ RunTime:0.000458s ]
INFO: Run Behavior\ParseTemplateBehavior [ RunTime:0.048825s ]
INFO: [ view_parse ] --END-- [ RunTime:0.049071s ]
INFO: [ view_filter ] --START--
INFO: Run Behavior\WriteHtmlCacheBehavior [ RunTime:0.002025s ]
INFO: [ view_filter ] --END-- [ RunTime:0.002266s ]
INFO: [ app_end ] --START--
INFO: Run Behavior\ShowPageTraceBehavior [ RunTime:0.001677s ]
INFO: [ app_end ] --END-- [ RunTime:0.001922s ]

[ 2018-08-13T17:31:13+08:00 ] 192.168.56.2 /bst_admin.php
INFO: [ app_init ] --START--
INFO: Run Behavior\BuildLiteBehavior [ RunTime:0.000050s ]
INFO: [ app_init ] --END-- [ RunTime:0.001097s ]
INFO: [ app_begin ] --START--
INFO: Run Behavior\ReadHtmlCacheBehavior [ RunTime:0.001445s ]
INFO: [ app_begin ] --END-- [ RunTime:0.001721s ]
SQL: SHOW COLUMNS FROM `dd_config` [ RunTime:0.0008s ]
SQL: SELECT * FROM `dd_config`  [ RunTime:0.0003s ]

[ 2018-08-13T17:31:14+08:00 ] 192.168.56.2 /bst_admin.php?m=Admin&c=Index&a=login
INFO: [ app_init ] --START--
INFO: Run Behavior\BuildLiteBehavior [ RunTime:0.000064s ]
INFO: [ app_init ] --END-- [ RunTime:0.000342s ]
INFO: [ app_begin ] --START--
INFO: Run Behavior\ReadHtmlCacheBehavior [ RunTime:0.000607s ]
INFO: [ app_begin ] --END-- [ RunTime:0.000873s ]
SQL: SHOW COLUMNS FROM `dd_config` [ RunTime:0.0008s ]
SQL: SELECT * FROM `dd_config`  [ RunTime:0.0004s ]
INFO: [ view_parse ] --START--
INFO: [ template_filter ] --START--
INFO: Run Behavior\ContentReplaceBehavior [ RunTime:0.000112s ]
INFO: [ template_filter ] --END-- [ RunTime:0.000403s ]
INFO: Run Behavior\ParseTemplateBehavior [ RunTime:0.023873s ]
INFO: [ view_parse ] --END-- [ RunTime:0.024221s ]
INFO: [ view_filter ] --START--
INFO: Run Behavior\WriteHtmlCacheBehavior [ RunTime:0.002352s ]
INFO: [ view_filter ] --END-- [ RunTime:0.002594s ]
INFO: [ app_end ] --START--
INFO: Run Behavior\ShowPageTraceBehavior [ RunTime:0.001544s ]
INFO: [ app_end ] --END-- [ RunTime:0.001774s ]

[ 2018-08-13T17:31:20+08:00 ] 192.168.56.2 /bst_admin.php?m=Admin&c=Index&a=login
INFO: [ app_init ] --START--
INFO: Run Behavior\BuildLiteBehavior [ RunTime:0.000080s ]
INFO: [ app_init ] --END-- [ RunTime:0.001920s ]
INFO: [ app_begin ] --START--
INFO: Run Behavior\ReadHtmlCacheBehavior [ RunTime:0.001595s ]
INFO: [ app_begin ] --END-- [ RunTime:0.001922s ]
SQL: SHOW COLUMNS FROM `dd_config` [ RunTime:0.0005s ]
SQL: SELECT * FROM `dd_config`  [ RunTime:0.0003s ]

[ 2018-08-13T17:31:20+08:00 ] 192.168.56.2 /bst_admin.php?m=Admin&c=Admin&a=welcome
INFO: [ app_init ] --START--
INFO: Run Behavior\BuildLiteBehavior [ RunTime:0.000047s ]
INFO: [ app_init ] --END-- [ RunTime:0.000341s ]
INFO: [ app_begin ] --START--
INFO: Run Behavior\ReadHtmlCacheBehavior [ RunTime:0.000699s ]
INFO: [ app_begin ] --END-- [ RunTime:0.000952s ]
SQL: SHOW COLUMNS FROM `dd_config` [ RunTime:0.0007s ]
SQL: SELECT * FROM `dd_config`  [ RunTime:0.0003s ]
NOTIC: [8] Undefined variable: info /app/wwwroot/mall-sheeu/Application/Admin/Controller/AdminController.class.php 第 30 行.
INFO: [ view_parse ] --START--
INFO: [ template_filter ] --START--
INFO: Run Behavior\ContentReplaceBehavior [ RunTime:0.000113s ]
INFO: [ template_filter ] --END-- [ RunTime:0.000365s ]
INFO: Run Behavior\ParseTemplateBehavior [ RunTime:0.035231s ]
INFO: [ view_parse ] --END-- [ RunTime:0.035501s ]
INFO: [ view_filter ] --START--
INFO: Run Behavior\WriteHtmlCacheBehavior [ RunTime:0.002211s ]
INFO: [ view_filter ] --END-- [ RunTime:0.002462s ]
INFO: [ app_end ] --START--
INFO: Run Behavior\ShowPageTraceBehavior [ RunTime:0.001519s ]
INFO: [ app_end ] --END-- [ RunTime:0.001759s ]

[ 2018-08-13T17:31:26+08:00 ] 192.168.56.2 /bst_admin.php?m=Admin&c=Product&a=index
INFO: [ app_init ] --START--
INFO: Run Behavior\BuildLiteBehavior [ RunTime:0.000071s ]
INFO: [ app_init ] --END-- [ RunTime:0.001079s ]
INFO: [ app_begin ] --START--
INFO: Run Behavior\ReadHtmlCacheBehavior [ RunTime:0.000853s ]
INFO: [ app_begin ] --END-- [ RunTime:0.001154s ]
SQL: SHOW COLUMNS FROM `dd_config` [ RunTime:0.0006s ]
SQL: SELECT * FROM `dd_config`  [ RunTime:0.0003s ]
SQL: SHOW COLUMNS FROM `dd_product` [ RunTime:0.0008s ]
SQL: SELECT COUNT(*) AS tp_count FROM `dd_product` LIMIT 1   [ RunTime:0.0003s ]
SQL: SELECT * FROM `dd_product` ORDER BY id desc LIMIT 0,25   [ RunTime:0.0004s ]
INFO: [ view_parse ] --START--
INFO: [ template_filter ] --START--
INFO: Run Behavior\ContentReplaceBehavior [ RunTime:0.000135s ]
INFO: [ template_filter ] --END-- [ RunTime:0.000394s ]
INFO: Run Behavior\ParseTemplateBehavior [ RunTime:0.039177s ]
INFO: [ view_parse ] --END-- [ RunTime:0.039487s ]
INFO: [ view_filter ] --START--
INFO: Run Behavior\WriteHtmlCacheBehavior [ RunTime:0.002938s ]
INFO: [ view_filter ] --END-- [ RunTime:0.003247s ]
INFO: [ app_end ] --START--
INFO: Run Behavior\ShowPageTraceBehavior [ RunTime:0.002438s ]
INFO: [ app_end ] --END-- [ RunTime:0.002701s ]

[ 2018-08-13T17:31:28+08:00 ] 192.168.56.2 /bst_admin.php?m=Admin&c=Product&a=cate
INFO: [ app_init ] --START--
INFO: Run Behavior\BuildLiteBehavior [ RunTime:0.000046s ]
INFO: [ app_init ] --END-- [ RunTime:0.000362s ]
INFO: [ app_begin ] --START--
INFO: Run Behavior\ReadHtmlCacheBehavior [ RunTime:0.000488s ]
INFO: [ app_begin ] --END-- [ RunTime:0.000721s ]
SQL: SHOW COLUMNS FROM `dd_config` [ RunTime:0.0007s ]
SQL: SELECT * FROM `dd_config`  [ RunTime:0.0003s ]
SQL: SHOW COLUMNS FROM `dd_product_cate` [ RunTime:0.0005s ]
SQL: SELECT * FROM `dd_product_cate` ORDER BY sort desc  [ RunTime:0.0002s ]
INFO: [ view_parse ] --START--
INFO: [ template_filter ] --START--
INFO: Run Behavior\ContentReplaceBehavior [ RunTime:0.000139s ]
INFO: [ template_filter ] --END-- [ RunTime:0.000448s ]
INFO: Run Behavior\ParseTemplateBehavior [ RunTime:0.040055s ]
INFO: [ view_parse ] --END-- [ RunTime:0.040366s ]
INFO: [ view_filter ] --START--
INFO: Run Behavior\WriteHtmlCacheBehavior [ RunTime:0.001106s ]
INFO: [ view_filter ] --END-- [ RunTime:0.001361s ]
INFO: [ app_end ] --START--
INFO: Run Behavior\ShowPageTraceBehavior [ RunTime:0.001153s ]
INFO: [ app_end ] --END-- [ RunTime:0.001401s ]

[ 2018-08-13T17:31:35+08:00 ] 192.168.56.2 /bst_admin.php?m=Admin&c=Product&a=cate_edit
INFO: [ app_init ] --START--
INFO: Run Behavior\BuildLiteBehavior [ RunTime:0.000052s ]
INFO: [ app_init ] --END-- [ RunTime:0.001205s ]
INFO: [ app_begin ] --START--
INFO: Run Behavior\ReadHtmlCacheBehavior [ RunTime:0.001342s ]
INFO: [ app_begin ] --END-- [ RunTime:0.001596s ]
SQL: SHOW COLUMNS FROM `dd_config` [ RunTime:0.0006s ]
SQL: SELECT * FROM `dd_config`  [ RunTime:0.0003s ]
SQL: SHOW COLUMNS FROM `dd_product_cate` [ RunTime:0.0007s ]
NOTIC: [8] Undefined index: id /app/wwwroot/mall-sheeu/Application/Admin/Controller/AdminController.class.php 第 67 行.
INFO: [ view_parse ] --START--
INFO: [ template_filter ] --START--
INFO: Run Behavior\ContentReplaceBehavior [ RunTime:0.000116s ]
INFO: [ template_filter ] --END-- [ RunTime:0.000366s ]
NOTIC: [8] Undefined variable: info /app/wwwroot/mall-sheeu/Application/Runtime/Cache/Admin/70d160fff1664789f4840d945b527d8d.php 第 168 行.
NOTIC: [8] Undefined variable: info /app/wwwroot/mall-sheeu/Application/Runtime/Cache/Admin/70d160fff1664789f4840d945b527d8d.php 第 177 行.
NOTIC: [8] Undefined variable: info /app/wwwroot/mall-sheeu/Application/Runtime/Cache/Admin/70d160fff1664789f4840d945b527d8d.php 第 178 行.
NOTIC: [8] Undefined variable: info /app/wwwroot/mall-sheeu/Application/Runtime/Cache/Admin/70d160fff1664789f4840d945b527d8d.php 第 189 行.
INFO: Run Behavior\ParseTemplateBehavior [ RunTime:0.034941s ]
INFO: [ view_parse ] --END-- [ RunTime:0.035187s ]
INFO: [ view_filter ] --START--
INFO: Run Behavior\WriteHtmlCacheBehavior [ RunTime:0.002122s ]
INFO: [ view_filter ] --END-- [ RunTime:0.002378s ]
INFO: [ app_end ] --START--
INFO: Run Behavior\ShowPageTraceBehavior [ RunTime:0.001678s ]
INFO: [ app_end ] --END-- [ RunTime:0.001929s ]

[ 2018-08-13T17:31:35+08:00 ] 192.168.56.2 /bst_admin.php?m=Admin&c=Product&a=upload&event=setPic&url=
INFO: [ app_init ] --START--
INFO: Run Behavior\BuildLiteBehavior [ RunTime:0.000166s ]
INFO: [ app_init ] --END-- [ RunTime:0.000776s ]
INFO: [ app_begin ] --START--
INFO: Run Behavior\ReadHtmlCacheBehavior [ RunTime:0.001051s ]
INFO: [ app_begin ] --END-- [ RunTime:0.001418s ]
SQL: SHOW COLUMNS FROM `dd_config` [ RunTime:0.0009s ]
SQL: SELECT * FROM `dd_config`  [ RunTime:0.0005s ]
INFO: [ view_parse ] --START--
INFO: [ template_filter ] --START--
INFO: Run Behavior\ContentReplaceBehavior [ RunTime:0.000196s ]
INFO: [ template_filter ] --END-- [ RunTime:0.000609s ]
INFO: Run Behavior\ParseTemplateBehavior [ RunTime:0.029919s ]
INFO: [ view_parse ] --END-- [ RunTime:0.030422s ]
INFO: [ view_filter ] --START--
INFO: Run Behavior\WriteHtmlCacheBehavior [ RunTime:0.000637s ]
INFO: [ view_filter ] --END-- [ RunTime:0.001021s ]
INFO: [ app_end ] --START--
INFO: Run Behavior\ShowPageTraceBehavior [ RunTime:0.000836s ]
INFO: [ app_end ] --END-- [ RunTime:0.001273s ]

[ 2018-08-13T17:31:50+08:00 ] 192.168.56.2 /bst_admin.php?m=Admin&c=Product&a=cate_edit
INFO: [ app_init ] --START--
INFO: Run Behavior\BuildLiteBehavior [ RunTime:0.000051s ]
INFO: [ app_init ] --END-- [ RunTime:0.000891s ]
INFO: [ app_begin ] --START--
INFO: Run Behavior\ReadHtmlCacheBehavior [ RunTime:0.000852s ]
INFO: [ app_begin ] --END-- [ RunTime:0.001102s ]
SQL: SHOW COLUMNS FROM `dd_config` [ RunTime:0.0007s ]
SQL: SELECT * FROM `dd_config`  [ RunTime:0.0003s ]
SQL: SHOW COLUMNS FROM `dd_product_cate` [ RunTime:0.0006s ]
NOTIC: [8] Undefined index: id /app/wwwroot/mall-sheeu/Application/Admin/Controller/AdminController.class.php 第 67 行.
SQL: INSERT INTO `dd_product_cate` (`name`,`pic`,`sort`) VALUES ('测试分类','','0') [ RunTime:0.0003s ]
INFO: [ view_parse ] --START--
INFO: [ template_filter ] --START--
INFO: Run Behavior\ContentReplaceBehavior [ RunTime:0.000105s ]
INFO: [ template_filter ] --END-- [ RunTime:0.000351s ]
INFO: Run Behavior\ParseTemplateBehavior [ RunTime:0.015198s ]
INFO: [ view_parse ] --END-- [ RunTime:0.015493s ]
INFO: [ view_filter ] --START--
INFO: Run Behavior\WriteHtmlCacheBehavior [ RunTime:0.000965s ]
INFO: [ view_filter ] --END-- [ RunTime:0.001204s ]

[ 2018-08-13T17:31:51+08:00 ] 192.168.56.2 /bst_admin.php?m=Admin&c=Product&a=cate
INFO: [ app_init ] --START--
INFO: Run Behavior\BuildLiteBehavior [ RunTime:0.000071s ]
INFO: [ app_init ] --END-- [ RunTime:0.000537s ]
INFO: [ app_begin ] --START--
INFO: Run Behavior\ReadHtmlCacheBehavior [ RunTime:0.000943s ]
INFO: [ app_begin ] --END-- [ RunTime:0.001369s ]
SQL: SHOW COLUMNS FROM `dd_config` [ RunTime:0.0007s ]
SQL: SELECT * FROM `dd_config`  [ RunTime:0.0003s ]
SQL: SHOW COLUMNS FROM `dd_product_cate` [ RunTime:0.0007s ]
SQL: SELECT * FROM `dd_product_cate` ORDER BY sort desc  [ RunTime:0.0003s ]
INFO: [ view_parse ] --START--
INFO: [ template_filter ] --START--
INFO: Run Behavior\ContentReplaceBehavior [ RunTime:0.000117s ]
INFO: [ template_filter ] --END-- [ RunTime:0.000375s ]
INFO: Run Behavior\ParseTemplateBehavior [ RunTime:0.037023s ]
INFO: [ view_parse ] --END-- [ RunTime:0.037348s ]
INFO: [ view_filter ] --START--
INFO: Run Behavior\WriteHtmlCacheBehavior [ RunTime:0.001043s ]
INFO: [ view_filter ] --END-- [ RunTime:0.001344s ]
INFO: [ app_end ] --START--
INFO: Run Behavior\ShowPageTraceBehavior [ RunTime:0.001998s ]
INFO: [ app_end ] --END-- [ RunTime:0.002260s ]

[ 2018-08-13T17:32:00+08:00 ] 192.168.56.2 /bst_admin.php?m=Admin&c=Product&a=cate_edit&id=5
INFO: [ app_init ] --START--
INFO: Run Behavior\BuildLiteBehavior [ RunTime:0.000105s ]
INFO: [ app_init ] --END-- [ RunTime:0.000933s ]
INFO: [ app_begin ] --START--
INFO: Run Behavior\ReadHtmlCacheBehavior [ RunTime:0.001068s ]
INFO: [ app_begin ] --END-- [ RunTime:0.001310s ]
SQL: SHOW COLUMNS FROM `dd_config` [ RunTime:0.0006s ]
SQL: SELECT * FROM `dd_config`  [ RunTime:0.0002s ]
SQL: SHOW COLUMNS FROM `dd_product_cate` [ RunTime:0.0005s ]
SQL: SELECT * FROM `dd_product_cate` WHERE `id` = 5 LIMIT 1   [ RunTime:0.0002s ]
INFO: [ view_parse ] --START--
INFO: [ template_filter ] --START--
INFO: Run Behavior\ContentReplaceBehavior [ RunTime:0.000111s ]
INFO: [ template_filter ] --END-- [ RunTime:0.000352s ]
INFO: Run Behavior\ParseTemplateBehavior [ RunTime:0.033431s ]
INFO: [ view_parse ] --END-- [ RunTime:0.033684s ]
INFO: [ view_filter ] --START--
INFO: Run Behavior\WriteHtmlCacheBehavior [ RunTime:0.002870s ]
INFO: [ view_filter ] --END-- [ RunTime:0.003111s ]
INFO: [ app_end ] --START--
INFO: Run Behavior\ShowPageTraceBehavior [ RunTime:0.002465s ]
INFO: [ app_end ] --END-- [ RunTime:0.002719s ]

[ 2018-08-13T17:32:00+08:00 ] 192.168.56.2 /bst_admin.php?m=Admin&c=Product&a=upload&event=setPic&url=
INFO: [ app_init ] --START--
INFO: Run Behavior\BuildLiteBehavior [ RunTime:0.000079s ]
INFO: [ app_init ] --END-- [ RunTime:0.000712s ]
INFO: [ app_begin ] --START--
INFO: Run Behavior\ReadHtmlCacheBehavior [ RunTime:0.000896s ]
INFO: [ app_begin ] --END-- [ RunTime:0.001190s ]
SQL: SHOW COLUMNS FROM `dd_config` [ RunTime:0.0011s ]
SQL: SELECT * FROM `dd_config`  [ RunTime:0.0004s ]
INFO: [ view_parse ] --START--
INFO: [ template_filter ] --START--
INFO: Run Behavior\ContentReplaceBehavior [ RunTime:0.000507s ]
INFO: [ template_filter ] --END-- [ RunTime:0.001888s ]
INFO: Run Behavior\ParseTemplateBehavior [ RunTime:0.023213s ]
INFO: [ view_parse ] --END-- [ RunTime:0.023588s ]
INFO: [ view_filter ] --START--
INFO: Run Behavior\WriteHtmlCacheBehavior [ RunTime:0.000586s ]
INFO: [ view_filter ] --END-- [ RunTime:0.000835s ]
INFO: [ app_end ] --START--
INFO: Run Behavior\ShowPageTraceBehavior [ RunTime:0.000597s ]
INFO: [ app_end ] --END-- [ RunTime:0.000831s ]

[ 2018-08-13T17:32:06+08:00 ] 192.168.56.2 /bst_admin.php?m=Admin&c=Product&a=cate_edit&id=5
INFO: [ app_init ] --START--
INFO: Run Behavior\BuildLiteBehavior [ RunTime:0.000048s ]
INFO: [ app_init ] --END-- [ RunTime:0.000737s ]
INFO: [ app_begin ] --START--
INFO: Run Behavior\ReadHtmlCacheBehavior [ RunTime:0.001162s ]
INFO: [ app_begin ] --END-- [ RunTime:0.001459s ]
SQL: SHOW COLUMNS FROM `dd_config` [ RunTime:0.0005s ]
SQL: SELECT * FROM `dd_config`  [ RunTime:0.0002s ]
SQL: SHOW COLUMNS FROM `dd_product_cate` [ RunTime:0.0005s ]
SQL: SELECT * FROM `dd_product_cate` WHERE `id` = 5 LIMIT 1   [ RunTime:0.0003s ]
SQL: UPDATE `dd_product_cate` SET `name`='测试分类',`pic`='',`sort`='0' WHERE `id` = 5 [ RunTime:0.0003s ]
INFO: [ view_parse ] --START--
INFO: [ template_filter ] --START--
INFO: Run Behavior\ContentReplaceBehavior [ RunTime:0.000127s ]
INFO: [ template_filter ] --END-- [ RunTime:0.000369s ]
INFO: Run Behavior\ParseTemplateBehavior [ RunTime:0.018089s ]
INFO: [ view_parse ] --END-- [ RunTime:0.018414s ]
INFO: [ view_filter ] --START--
INFO: Run Behavior\WriteHtmlCacheBehavior [ RunTime:0.001159s ]
INFO: [ view_filter ] --END-- [ RunTime:0.001570s ]

[ 2018-08-13T17:32:07+08:00 ] 192.168.56.2 /bst_admin.php?m=Admin&c=Product&a=cate
INFO: [ app_init ] --START--
INFO: Run Behavior\BuildLiteBehavior [ RunTime:0.000109s ]
INFO: [ app_init ] --END-- [ RunTime:0.000790s ]
INFO: [ app_begin ] --START--
INFO: Run Behavior\ReadHtmlCacheBehavior [ RunTime:0.001640s ]
INFO: [ app_begin ] --END-- [ RunTime:0.002212s ]
SQL: SHOW COLUMNS FROM `dd_config` [ RunTime:0.0012s ]
SQL: SELECT * FROM `dd_config`  [ RunTime:0.0008s ]
SQL: SHOW COLUMNS FROM `dd_product_cate` [ RunTime:0.0015s ]
SQL: SELECT * FROM `dd_product_cate` ORDER BY sort desc  [ RunTime:0.0005s ]
INFO: [ view_parse ] --START--
INFO: [ template_filter ] --START--
INFO: Run Behavior\ContentReplaceBehavior [ RunTime:0.000174s ]
INFO: [ template_filter ] --END-- [ RunTime:0.000559s ]
INFO: Run Behavior\ParseTemplateBehavior [ RunTime:0.056721s ]
INFO: [ view_parse ] --END-- [ RunTime:0.057271s ]
INFO: [ view_filter ] --START--
INFO: Run Behavior\WriteHtmlCacheBehavior [ RunTime:0.001432s ]
INFO: [ view_filter ] --END-- [ RunTime:0.001867s ]
INFO: [ app_end ] --START--
INFO: Run Behavior\ShowPageTraceBehavior [ RunTime:0.002450s ]
INFO: [ app_end ] --END-- [ RunTime:0.002799s ]

[ 2018-08-13T17:32:22+08:00 ] 192.168.56.2 /bst_admin.php?m=Admin&c=Autoreply&a=index
INFO: [ app_init ] --START--
INFO: Run Behavior\BuildLiteBehavior [ RunTime:0.000051s ]
INFO: [ app_init ] --END-- [ RunTime:0.000765s ]
INFO: [ app_begin ] --START--
INFO: Run Behavior\ReadHtmlCacheBehavior [ RunTime:0.000872s ]
INFO: [ app_begin ] --END-- [ RunTime:0.001159s ]
SQL: SHOW COLUMNS FROM `dd_config` [ RunTime:0.0007s ]
SQL: SELECT * FROM `dd_config`  [ RunTime:0.0003s ]
SQL: SHOW COLUMNS FROM `dd_autoreply` [ RunTime:0.0006s ]
SQL: SELECT COUNT(*) AS tp_count FROM `dd_autoreply` LIMIT 1   [ RunTime:0.0002s ]
SQL: SELECT * FROM `dd_autoreply` ORDER BY id desc LIMIT 0,25   [ RunTime:0.0004s ]
INFO: [ view_parse ] --START--
INFO: [ template_filter ] --START--
INFO: Run Behavior\ContentReplaceBehavior [ RunTime:0.000123s ]
INFO: [ template_filter ] --END-- [ RunTime:0.000487s ]
INFO: Run Behavior\ParseTemplateBehavior [ RunTime:0.039411s ]
INFO: [ view_parse ] --END-- [ RunTime:0.039746s ]
INFO: [ view_filter ] --START--
INFO: Run Behavior\WriteHtmlCacheBehavior [ RunTime:0.001878s ]
INFO: [ view_filter ] --END-- [ RunTime:0.002137s ]
INFO: [ app_end ] --START--
INFO: Run Behavior\ShowPageTraceBehavior [ RunTime:0.001483s ]
INFO: [ app_end ] --END-- [ RunTime:0.001798s ]

[ 2018-08-13T17:32:26+08:00 ] 192.168.56.2 /bst_admin.php?m=Admin&c=Sk&a=index
INFO: [ app_init ] --START--
INFO: Run Behavior\BuildLiteBehavior [ RunTime:0.000047s ]
INFO: [ app_init ] --END-- [ RunTime:0.000667s ]
INFO: [ app_begin ] --START--
INFO: Run Behavior\ReadHtmlCacheBehavior [ RunTime:0.000835s ]
INFO: [ app_begin ] --END-- [ RunTime:0.001113s ]
SQL: SHOW COLUMNS FROM `dd_config` [ RunTime:0.0006s ]
SQL: SELECT * FROM `dd_config`  [ RunTime:0.0003s ]
SQL: SHOW COLUMNS FROM `dd_sk` [ RunTime:0.0006s ]
SQL: SELECT COUNT(*) AS tp_count FROM `dd_sk` LIMIT 1   [ RunTime:0.0002s ]
SQL: SELECT * FROM `dd_sk` ORDER BY id desc LIMIT 0,25   [ RunTime:0.0003s ]
INFO: [ view_parse ] --START--
INFO: [ template_filter ] --START--
INFO: Run Behavior\ContentReplaceBehavior [ RunTime:0.000112s ]
INFO: [ template_filter ] --END-- [ RunTime:0.000351s ]
INFO: Run Behavior\ParseTemplateBehavior [ RunTime:0.035535s ]
INFO: [ view_parse ] --END-- [ RunTime:0.035821s ]
INFO: [ view_filter ] --START--
INFO: Run Behavior\WriteHtmlCacheBehavior [ RunTime:0.002014s ]
INFO: [ view_filter ] --END-- [ RunTime:0.002301s ]
INFO: [ app_end ] --START--
INFO: Run Behavior\ShowPageTraceBehavior [ RunTime:0.002067s ]
INFO: [ app_end ] --END-- [ RunTime:0.002306s ]

[ 2018-08-13T17:32:36+08:00 ] 192.168.56.2 /bst_admin.php?m=Admin&c=Sk&a=edit&id=1
INFO: [ app_init ] --START--
INFO: Run Behavior\BuildLiteBehavior [ RunTime:0.000050s ]
INFO: [ app_init ] --END-- [ RunTime:0.000731s ]
INFO: [ app_begin ] --START--
INFO: Run Behavior\ReadHtmlCacheBehavior [ RunTime:0.000897s ]
INFO: [ app_begin ] --END-- [ RunTime:0.001160s ]
SQL: SHOW COLUMNS FROM `dd_config` [ RunTime:0.0005s ]
SQL: SELECT * FROM `dd_config`  [ RunTime:0.0002s ]
SQL: SHOW COLUMNS FROM `dd_sk` [ RunTime:0.0005s ]
SQL: SELECT * FROM `dd_sk` WHERE `id` = 1 LIMIT 1   [ RunTime:0.0002s ]
INFO: [ view_parse ] --START--
INFO: [ template_filter ] --START--
INFO: Run Behavior\ContentReplaceBehavior [ RunTime:0.000120s ]
INFO: [ template_filter ] --END-- [ RunTime:0.000367s ]
INFO: Run Behavior\ParseTemplateBehavior [ RunTime:0.036518s ]
INFO: [ view_parse ] --END-- [ RunTime:0.036819s ]
INFO: [ view_filter ] --START--
INFO: Run Behavior\WriteHtmlCacheBehavior [ RunTime:0.001841s ]
INFO: [ view_filter ] --END-- [ RunTime:0.002081s ]
INFO: [ app_end ] --START--
INFO: Run Behavior\ShowPageTraceBehavior [ RunTime:0.001849s ]
INFO: [ app_end ] --END-- [ RunTime:0.002095s ]

[ 2018-08-13T17:33:04+08:00 ] 192.168.56.2 /bst_admin.php?m=Admin&c=Update&a=index
INFO: [ app_init ] --START--
INFO: Run Behavior\BuildLiteBehavior [ RunTime:0.000072s ]
INFO: [ app_init ] --END-- [ RunTime:0.000861s ]
INFO: [ app_begin ] --START--
INFO: Run Behavior\ReadHtmlCacheBehavior [ RunTime:0.001159s ]
INFO: [ app_begin ] --END-- [ RunTime:0.001412s ]
SQL: SHOW COLUMNS FROM `dd_config` [ RunTime:0.0006s ]
SQL: SELECT * FROM `dd_config`  [ RunTime:0.0003s ]
INFO: [ view_parse ] --START--
INFO: [ template_filter ] --START--
INFO: Run Behavior\ContentReplaceBehavior [ RunTime:0.000127s ]
INFO: [ template_filter ] --END-- [ RunTime:0.000381s ]
INFO: Run Behavior\ParseTemplateBehavior [ RunTime:0.032346s ]
INFO: [ view_parse ] --END-- [ RunTime:0.032612s ]
INFO: [ view_filter ] --START--
INFO: Run Behavior\WriteHtmlCacheBehavior [ RunTime:0.001935s ]
INFO: [ view_filter ] --END-- [ RunTime:0.002214s ]
INFO: [ app_end ] --START--
INFO: Run Behavior\ShowPageTraceBehavior [ RunTime:0.001379s ]
INFO: [ app_end ] --END-- [ RunTime:0.001607s ]

[ 2018-08-13T17:33:12+08:00 ] 192.168.56.2 /bst_admin.php?m=Admin&c=Update&a=check
INFO: [ app_init ] --START--
INFO: Run Behavior\BuildLiteBehavior [ RunTime:0.000051s ]
INFO: [ app_init ] --END-- [ RunTime:0.000824s ]
INFO: [ app_begin ] --START--
INFO: Run Behavior\ReadHtmlCacheBehavior [ RunTime:0.000970s ]
INFO: [ app_begin ] --END-- [ RunTime:0.001235s ]
SQL: SHOW COLUMNS FROM `dd_config` [ RunTime:0.0006s ]
SQL: SELECT * FROM `dd_config`  [ RunTime:0.0004s ]
NOTIC: [2] file_get_contents(): php_network_getaddresses: getaddrinfo failed: Name or service not known /app/wwwroot/mall-sheeu/Application/Admin/Controller/UpdateController.class.php 第 25 行.
NOTIC: [2] file_get_contents(http://up.besttool.cn/?c=Update&amp;ver=151210&amp;domain=mall.sheeu.com&amp;code=system): failed to open stream: php_network_getaddresses: getaddrinfo failed: Name or service not known /app/wwwroot/mall-sheeu/Application/Admin/Controller/UpdateController.class.php 第 25 行.
INFO: [ view_parse ] --START--
INFO: [ template_filter ] --START--
INFO: Run Behavior\ContentReplaceBehavior [ RunTime:0.000344s ]
INFO: [ template_filter ] --END-- [ RunTime:0.001175s ]
INFO: Run Behavior\ParseTemplateBehavior [ RunTime:0.067702s ]
INFO: [ view_parse ] --END-- [ RunTime:0.068236s ]
INFO: [ view_filter ] --START--
INFO: Run Behavior\WriteHtmlCacheBehavior [ RunTime:0.002502s ]
INFO: [ view_filter ] --END-- [ RunTime:0.002873s ]
INFO: [ app_end ] --START--
INFO: Run Behavior\ShowPageTraceBehavior [ RunTime:0.002166s ]
INFO: [ app_end ] --END-- [ RunTime:0.002504s ]

[ 2018-08-13T17:33:18+08:00 ] 192.168.56.2 /bst_admin.php?m=Admin&c=Selfmenu&a=index
INFO: [ app_init ] --START--
INFO: Run Behavior\BuildLiteBehavior [ RunTime:0.000050s ]
INFO: [ app_init ] --END-- [ RunTime:0.001108s ]
INFO: [ app_begin ] --START--
INFO: Run Behavior\ReadHtmlCacheBehavior [ RunTime:0.001383s ]
INFO: [ app_begin ] --END-- [ RunTime:0.001672s ]
SQL: SHOW COLUMNS FROM `dd_config` [ RunTime:0.0006s ]
SQL: SELECT * FROM `dd_config`  [ RunTime:0.0003s ]
SQL: SHOW COLUMNS FROM `dd_selfmenu` [ RunTime:0.0006s ]
SQL: SELECT COUNT(*) AS tp_count FROM `dd_selfmenu` LIMIT 1   [ RunTime:0.0002s ]
SQL: SELECT * FROM `dd_selfmenu` ORDER BY sort desc LIMIT 0,25   [ RunTime:0.0003s ]
INFO: [ view_parse ] --START--
INFO: [ template_filter ] --START--
INFO: Run Behavior\ContentReplaceBehavior [ RunTime:0.000111s ]
INFO: [ template_filter ] --END-- [ RunTime:0.000457s ]
INFO: Run Behavior\ParseTemplateBehavior [ RunTime:0.042113s ]
INFO: [ view_parse ] --END-- [ RunTime:0.042429s ]
INFO: [ view_filter ] --START--
INFO: Run Behavior\WriteHtmlCacheBehavior [ RunTime:0.001926s ]
INFO: [ view_filter ] --END-- [ RunTime:0.002230s ]
INFO: [ app_end ] --START--
INFO: Run Behavior\ShowPageTraceBehavior [ RunTime:0.002037s ]
INFO: [ app_end ] --END-- [ RunTime:0.002287s ]

[ 2018-08-13T17:33:27+08:00 ] 192.168.56.2 /bst_admin.php?m=Admin&c=Selfmenu&a=edit
INFO: [ app_init ] --START--
INFO: Run Behavior\BuildLiteBehavior [ RunTime:0.000050s ]
INFO: [ app_init ] --END-- [ RunTime:0.000733s ]
INFO: [ app_begin ] --START--
INFO: Run Behavior\ReadHtmlCacheBehavior [ RunTime:0.000966s ]
INFO: [ app_begin ] --END-- [ RunTime:0.001256s ]
SQL: SHOW COLUMNS FROM `dd_config` [ RunTime:0.0006s ]
SQL: SELECT * FROM `dd_config`  [ RunTime:0.0003s ]
SQL: SHOW COLUMNS FROM `dd_selfmenu` [ RunTime:0.0005s ]
SQL: SELECT * FROM `dd_selfmenu` WHERE ( pid=0 )  [ RunTime:0.0003s ]
NOTIC: [8] Undefined index: id /app/wwwroot/mall-sheeu/Application/Admin/Controller/AdminController.class.php 第 67 行.
INFO: [ view_parse ] --START--
INFO: [ template_filter ] --START--
INFO: Run Behavior\ContentReplaceBehavior [ RunTime:0.000121s ]
INFO: [ template_filter ] --END-- [ RunTime:0.000385s ]
NOTIC: [8] Undefined variable: info /app/wwwroot/mall-sheeu/Application/Runtime/Cache/Admin/68a67bb14535c6181b0d5a14771b9fff.php 第 158 行.
NOTIC: [8] Undefined variable: info /app/wwwroot/mall-sheeu/Application/Runtime/Cache/Admin/68a67bb14535c6181b0d5a14771b9fff.php 第 162 行.
NOTIC: [8] Undefined variable: info /app/wwwroot/mall-sheeu/Application/Runtime/Cache/Admin/68a67bb14535c6181b0d5a14771b9fff.php 第 167 行.
NOTIC: [8] Undefined index: id /app/wwwroot/mall-sheeu/Application/Runtime/Cache/Admin/68a67bb14535c6181b0d5a14771b9fff.php 第 169 行.
NOTIC: [8] Undefined index: id /app/wwwroot/mall-sheeu/Application/Runtime/Cache/Admin/68a67bb14535c6181b0d5a14771b9fff.php 第 169 行.
NOTIC: [8] Undefined index: id /app/wwwroot/mall-sheeu/Application/Runtime/Cache/Admin/68a67bb14535c6181b0d5a14771b9fff.php 第 169 行.
NOTIC: [8] Undefined variable: info /app/wwwroot/mall-sheeu/Application/Runtime/Cache/Admin/68a67bb14535c6181b0d5a14771b9fff.php 第 176 行.
NOTIC: [8] Undefined variable: info /app/wwwroot/mall-sheeu/Application/Runtime/Cache/Admin/68a67bb14535c6181b0d5a14771b9fff.php 第 220 行.
INFO: Run Behavior\ParseTemplateBehavior [ RunTime:0.049342s ]
INFO: [ view_parse ] --END-- [ RunTime:0.049614s ]
INFO: [ view_filter ] --START--
INFO: Run Behavior\WriteHtmlCacheBehavior [ RunTime:0.002836s ]
INFO: [ view_filter ] --END-- [ RunTime:0.003091s ]
INFO: [ app_end ] --START--
INFO: Run Behavior\ShowPageTraceBehavior [ RunTime:0.001361s ]
INFO: [ app_end ] --END-- [ RunTime:0.001605s ]

[ 2018-08-13T17:34:18+08:00 ] 192.168.56.2 /bst_admin.php?m=Admin&c=Selfmenu&a=index
INFO: [ app_init ] --START--
INFO: Run Behavior\BuildLiteBehavior [ RunTime:0.000050s ]
INFO: [ app_init ] --END-- [ RunTime:0.001088s ]
INFO: [ app_begin ] --START--
INFO: Run Behavior\ReadHtmlCacheBehavior [ RunTime:0.001251s ]
INFO: [ app_begin ] --END-- [ RunTime:0.001499s ]
SQL: SHOW COLUMNS FROM `dd_config` [ RunTime:0.0006s ]
SQL: SELECT * FROM `dd_config`  [ RunTime:0.0003s ]
SQL: SHOW COLUMNS FROM `dd_selfmenu` [ RunTime:0.0005s ]
SQL: SELECT COUNT(*) AS tp_count FROM `dd_selfmenu` LIMIT 1   [ RunTime:0.0002s ]
SQL: SELECT * FROM `dd_selfmenu` ORDER BY sort desc LIMIT 0,25   [ RunTime:0.0003s ]
INFO: [ view_parse ] --START--
INFO: [ template_filter ] --START--
INFO: Run Behavior\ContentReplaceBehavior [ RunTime:0.000115s ]
INFO: [ template_filter ] --END-- [ RunTime:0.000370s ]
INFO: Run Behavior\ParseTemplateBehavior [ RunTime:0.048552s ]
INFO: [ view_parse ] --END-- [ RunTime:0.048819s ]
INFO: [ view_filter ] --START--
INFO: Run Behavior\WriteHtmlCacheBehavior [ RunTime:0.002919s ]
INFO: [ view_filter ] --END-- [ RunTime:0.003168s ]
INFO: [ app_end ] --START--
INFO: Run Behavior\ShowPageTraceBehavior [ RunTime:0.002758s ]
INFO: [ app_end ] --END-- [ RunTime:0.003097s ]

[ 2018-08-13T17:34:34+08:00 ] 192.168.56.2 /bst_admin.php?m=Admin&c=Withdraw&a=index
INFO: [ app_init ] --START--
INFO: Run Behavior\BuildLiteBehavior [ RunTime:0.000074s ]
INFO: [ app_init ] --END-- [ RunTime:0.000946s ]
INFO: [ app_begin ] --START--
INFO: Run Behavior\ReadHtmlCacheBehavior [ RunTime:0.000995s ]
INFO: [ app_begin ] --END-- [ RunTime:0.001398s ]
SQL: SHOW COLUMNS FROM `dd_config` [ RunTime:0.0007s ]
SQL: SELECT * FROM `dd_config`  [ RunTime:0.0003s ]
NOTIC: [8] Undefined variable: where /app/wwwroot/mall-sheeu/Application/Admin/Controller/WithdrawController.class.php 第 25 行.
SQL: SHOW COLUMNS FROM `dd_withdraw` [ RunTime:0.0006s ]
SQL: SELECT COUNT(*) AS tp_count FROM `dd_withdraw` LIMIT 1   [ RunTime:0.0002s ]
SQL: SELECT * FROM `dd_withdraw` ORDER BY id desc LIMIT 0,25   [ RunTime:0.0003s ]
INFO: [ view_parse ] --START--
INFO: [ template_filter ] --START--
INFO: Run Behavior\ContentReplaceBehavior [ RunTime:0.000129s ]
INFO: [ template_filter ] --END-- [ RunTime:0.000365s ]
NOTIC: [8] Undefined index: status /app/wwwroot/mall-sheeu/Application/Runtime/Cache/Admin/74b33de847bcd735284bc178d1224e92.php 第 158 行.
NOTIC: [8] Undefined index: time1 /app/wwwroot/mall-sheeu/Application/Runtime/Cache/Admin/74b33de847bcd735284bc178d1224e92.php 第 166 行.
NOTIC: [8] Undefined index: time2 /app/wwwroot/mall-sheeu/Application/Runtime/Cache/Admin/74b33de847bcd735284bc178d1224e92.php 第 168 行.
INFO: Run Behavior\ParseTemplateBehavior [ RunTime:0.039047s ]
INFO: [ view_parse ] --END-- [ RunTime:0.039287s ]
INFO: [ view_filter ] --START--
INFO: Run Behavior\WriteHtmlCacheBehavior [ RunTime:0.002681s ]
INFO: [ view_filter ] --END-- [ RunTime:0.002987s ]
INFO: [ app_end ] --START--
INFO: Run Behavior\ShowPageTraceBehavior [ RunTime:0.002139s ]
INFO: [ app_end ] --END-- [ RunTime:0.002412s ]

[ 2018-08-13T17:34:38+08:00 ] 192.168.56.2 /bst_admin.php?m=Admin&c=Withdraw&a=audit&id=1
INFO: [ app_init ] --START--
INFO: Run Behavior\BuildLiteBehavior [ RunTime:0.000054s ]
INFO: [ app_init ] --END-- [ RunTime:0.001189s ]
INFO: [ app_begin ] --START--
INFO: Run Behavior\ReadHtmlCacheBehavior [ RunTime:0.001210s ]
INFO: [ app_begin ] --END-- [ RunTime:0.001470s ]
SQL: SHOW COLUMNS FROM `dd_config` [ RunTime:0.0006s ]
SQL: SELECT * FROM `dd_config`  [ RunTime:0.0002s ]
SQL: SHOW COLUMNS FROM `dd_withdraw` [ RunTime:0.0005s ]
SQL: SELECT * FROM `dd_withdraw` WHERE `id` = 1 LIMIT 1   [ RunTime:0.0002s ]
SQL: UPDATE `dd_withdraw` SET `status`='2',`audit_time`='1534152878' WHERE ( id=1 ) [ RunTime:0.0003s ]

[ 2018-08-13T17:34:38+08:00 ] 192.168.56.2 /bst_admin.php?m=Admin&c=Withdraw&a=index
INFO: [ app_init ] --START--
INFO: Run Behavior\BuildLiteBehavior [ RunTime:0.000045s ]
INFO: [ app_init ] --END-- [ RunTime:0.000314s ]
INFO: [ app_begin ] --START--
INFO: Run Behavior\ReadHtmlCacheBehavior [ RunTime:0.000536s ]
INFO: [ app_begin ] --END-- [ RunTime:0.000775s ]
SQL: SHOW COLUMNS FROM `dd_config` [ RunTime:0.0005s ]
SQL: SELECT * FROM `dd_config`  [ RunTime:0.0002s ]
NOTIC: [8] Undefined variable: where /app/wwwroot/mall-sheeu/Application/Admin/Controller/WithdrawController.class.php 第 25 行.
SQL: SHOW COLUMNS FROM `dd_withdraw` [ RunTime:0.0006s ]
SQL: SELECT COUNT(*) AS tp_count FROM `dd_withdraw` LIMIT 1   [ RunTime:0.0002s ]
SQL: SELECT * FROM `dd_withdraw` ORDER BY id desc LIMIT 0,25   [ RunTime:0.0003s ]
INFO: [ view_parse ] --START--
INFO: [ template_filter ] --START--
INFO: Run Behavior\ContentReplaceBehavior [ RunTime:0.000129s ]
INFO: [ template_filter ] --END-- [ RunTime:0.000382s ]
NOTIC: [8] Undefined index: status /app/wwwroot/mall-sheeu/Application/Runtime/Cache/Admin/74b33de847bcd735284bc178d1224e92.php 第 158 行.
NOTIC: [8] Undefined index: time1 /app/wwwroot/mall-sheeu/Application/Runtime/Cache/Admin/74b33de847bcd735284bc178d1224e92.php 第 166 行.
NOTIC: [8] Undefined index: time2 /app/wwwroot/mall-sheeu/Application/Runtime/Cache/Admin/74b33de847bcd735284bc178d1224e92.php 第 168 行.
INFO: Run Behavior\ParseTemplateBehavior [ RunTime:0.033753s ]
INFO: [ view_parse ] --END-- [ RunTime:0.033994s ]
INFO: [ view_filter ] --START--
INFO: Run Behavior\WriteHtmlCacheBehavior [ RunTime:0.002210s ]
INFO: [ view_filter ] --END-- [ RunTime:0.002493s ]
INFO: [ app_end ] --START--
INFO: Run Behavior\ShowPageTraceBehavior [ RunTime:0.001711s ]
INFO: [ app_end ] --END-- [ RunTime:0.001950s ]

[ 2018-08-13T17:34:41+08:00 ] 192.168.56.2 /bst_admin.php?m=Admin&c=Withdraw&a=confirm&id=1
INFO: [ app_init ] --START--
INFO: Run Behavior\BuildLiteBehavior [ RunTime:0.000050s ]
INFO: [ app_init ] --END-- [ RunTime:0.000707s ]
INFO: [ app_begin ] --START--
INFO: Run Behavior\ReadHtmlCacheBehavior [ RunTime:0.001011s ]
INFO: [ app_begin ] --END-- [ RunTime:0.001270s ]
SQL: SHOW COLUMNS FROM `dd_config` [ RunTime:0.0006s ]
SQL: SELECT * FROM `dd_config`  [ RunTime:0.0003s ]
SQL: SHOW COLUMNS FROM `dd_withdraw` [ RunTime:0.0006s ]
SQL: SELECT * FROM `dd_withdraw` WHERE `id` = 1 LIMIT 1   [ RunTime:0.0004s ]
SQL: UPDATE `dd_withdraw` SET `status`='3',`confirm_time`='1534152881' WHERE ( id=1 ) [ RunTime:0.0004s ]

[ 2018-08-13T17:34:41+08:00 ] 192.168.56.2 /bst_admin.php?m=Admin&c=Withdraw&a=index
INFO: [ app_init ] --START--
INFO: Run Behavior\BuildLiteBehavior [ RunTime:0.000046s ]
INFO: [ app_init ] --END-- [ RunTime:0.000331s ]
INFO: [ app_begin ] --START--
INFO: Run Behavior\ReadHtmlCacheBehavior [ RunTime:0.000517s ]
INFO: [ app_begin ] --END-- [ RunTime:0.000754s ]
SQL: SHOW COLUMNS FROM `dd_config` [ RunTime:0.0006s ]
SQL: SELECT * FROM `dd_config`  [ RunTime:0.0002s ]
NOTIC: [8] Undefined variable: where /app/wwwroot/mall-sheeu/Application/Admin/Controller/WithdrawController.class.php 第 25 行.
SQL: SHOW COLUMNS FROM `dd_withdraw` [ RunTime:0.0006s ]
SQL: SELECT COUNT(*) AS tp_count FROM `dd_withdraw` LIMIT 1   [ RunTime:0.0004s ]
SQL: SELECT * FROM `dd_withdraw` ORDER BY id desc LIMIT 0,25   [ RunTime:0.0004s ]
INFO: [ view_parse ] --START--
INFO: [ template_filter ] --START--
INFO: Run Behavior\ContentReplaceBehavior [ RunTime:0.000130s ]
INFO: [ template_filter ] --END-- [ RunTime:0.000416s ]
NOTIC: [8] Undefined index: status /app/wwwroot/mall-sheeu/Application/Runtime/Cache/Admin/74b33de847bcd735284bc178d1224e92.php 第 158 行.
NOTIC: [8] Undefined index: time1 /app/wwwroot/mall-sheeu/Application/Runtime/Cache/Admin/74b33de847bcd735284bc178d1224e92.php 第 166 行.
NOTIC: [8] Undefined index: time2 /app/wwwroot/mall-sheeu/Application/Runtime/Cache/Admin/74b33de847bcd735284bc178d1224e92.php 第 168 行.
INFO: Run Behavior\ParseTemplateBehavior [ RunTime:0.033217s ]
INFO: [ view_parse ] --END-- [ RunTime:0.033449s ]
INFO: [ view_filter ] --START--
INFO: Run Behavior\WriteHtmlCacheBehavior [ RunTime:0.002058s ]
INFO: [ view_filter ] --END-- [ RunTime:0.002287s ]
INFO: [ app_end ] --START--
INFO: Run Behavior\ShowPageTraceBehavior [ RunTime:0.001844s ]
INFO: [ app_end ] --END-- [ RunTime:0.002091s ]

[ 2018-08-13T17:34:49+08:00 ] 192.168.56.2 /bst_admin.php?m=Admin&c=User&a=index
INFO: [ app_init ] --START--
INFO: Run Behavior\BuildLiteBehavior [ RunTime:0.000049s ]
INFO: [ app_init ] --END-- [ RunTime:0.000720s ]
INFO: [ app_begin ] --START--
INFO: Run Behavior\ReadHtmlCacheBehavior [ RunTime:0.001722s ]
INFO: [ app_begin ] --END-- [ RunTime:0.002143s ]
SQL: SHOW COLUMNS FROM `dd_config` [ RunTime:0.0006s ]
SQL: SELECT * FROM `dd_config`  [ RunTime:0.0002s ]
NOTIC: [8] Undefined index: reset /app/wwwroot/mall-sheeu/Application/Admin/Controller/UserController.class.php 第 16 行.
NOTIC: [8] Undefined index: order /app/wwwroot/mall-sheeu/Application/Admin/Controller/UserController.class.php 第 32 行.
NOTIC: [8] Undefined variable: where /app/wwwroot/mall-sheeu/Application/Admin/Controller/UserController.class.php 第 36 行.
NOTIC: [8] Undefined variable: order /app/wwwroot/mall-sheeu/Application/Admin/Controller/UserController.class.php 第 36 行.
SQL: SHOW COLUMNS FROM `dd_user` [ RunTime:0.0006s ]
SQL: SELECT COUNT(*) AS tp_count FROM `dd_user` LIMIT 1   [ RunTime:0.0003s ]
SQL: SELECT * FROM `dd_user` ORDER BY id desc LIMIT 0,25   [ RunTime:0.0005s ]
INFO: [ view_parse ] --START--
INFO: [ template_filter ] --START--
INFO: Run Behavior\ContentReplaceBehavior [ RunTime:0.000123s ]
INFO: [ template_filter ] --END-- [ RunTime:0.000373s ]
NOTIC: [8] Undefined index: level /app/wwwroot/mall-sheeu/Application/Runtime/Cache/Admin/65e605872ed5d34210f5b33beb13f5a3.php 第 158 行.
NOTIC: [8] Undefined index: id /app/wwwroot/mall-sheeu/Application/Runtime/Cache/Admin/65e605872ed5d34210f5b33beb13f5a3.php 第 164 行.
NOTIC: [8] Undefined index: order /app/wwwroot/mall-sheeu/Application/Runtime/Cache/Admin/65e605872ed5d34210f5b33beb13f5a3.php 第 172 行.
NOTIC: [8] Undefined index: order /app/wwwroot/mall-sheeu/Application/Runtime/Cache/Admin/65e605872ed5d34210f5b33beb13f5a3.php 第 174 行.
NOTIC: [8] Undefined index: order /app/wwwroot/mall-sheeu/Application/Runtime/Cache/Admin/65e605872ed5d34210f5b33beb13f5a3.php 第 181 行.
NOTIC: [8] Undefined index: order /app/wwwroot/mall-sheeu/Application/Runtime/Cache/Admin/65e605872ed5d34210f5b33beb13f5a3.php 第 183 行.
NOTIC: [8] Undefined index: order /app/wwwroot/mall-sheeu/Application/Runtime/Cache/Admin/65e605872ed5d34210f5b33beb13f5a3.php 第 187 行.
NOTIC: [8] Undefined index: order /app/wwwroot/mall-sheeu/Application/Runtime/Cache/Admin/65e605872ed5d34210f5b33beb13f5a3.php 第 189 行.
NOTIC: [8] Undefined index: order /app/wwwroot/mall-sheeu/Application/Runtime/Cache/Admin/65e605872ed5d34210f5b33beb13f5a3.php 第 193 行.
NOTIC: [8] Undefined index: order /app/wwwroot/mall-sheeu/Application/Runtime/Cache/Admin/65e605872ed5d34210f5b33beb13f5a3.php 第 195 行.
NOTIC: [8] Undefined index: order /app/wwwroot/mall-sheeu/Application/Runtime/Cache/Admin/65e605872ed5d34210f5b33beb13f5a3.php 第 199 行.
NOTIC: [8] Undefined index: order /app/wwwroot/mall-sheeu/Application/Runtime/Cache/Admin/65e605872ed5d34210f5b33beb13f5a3.php 第 201 行.
INFO: Run Behavior\ParseTemplateBehavior [ RunTime:0.050404s ]
INFO: [ view_parse ] --END-- [ RunTime:0.050662s ]
INFO: [ view_filter ] --START--
INFO: Run Behavior\WriteHtmlCacheBehavior [ RunTime:0.002035s ]
INFO: [ view_filter ] --END-- [ RunTime:0.002326s ]
INFO: [ app_end ] --START--
INFO: Run Behavior\ShowPageTraceBehavior [ RunTime:0.001911s ]
INFO: [ app_end ] --END-- [ RunTime:0.002180s ]

[ 2018-08-13T17:35:17+08:00 ] 192.168.56.2 /bst_admin.php?m=Admin&c=User&a=index&order=agent3&type=desc
INFO: [ app_init ] --START--
INFO: Run Behavior\BuildLiteBehavior [ RunTime:0.000050s ]
INFO: [ app_init ] --END-- [ RunTime:0.000785s ]
INFO: [ app_begin ] --START--
INFO: Run Behavior\ReadHtmlCacheBehavior [ RunTime:0.001027s ]
INFO: [ app_begin ] --END-- [ RunTime:0.001299s ]
SQL: SHOW COLUMNS FROM `dd_config` [ RunTime:0.0006s ]
SQL: SELECT * FROM `dd_config`  [ RunTime:0.0003s ]
NOTIC: [8] Undefined index: reset /app/wwwroot/mall-sheeu/Application/Admin/Controller/UserController.class.php 第 16 行.
NOTIC: [8] Undefined variable: where /app/wwwroot/mall-sheeu/Application/Admin/Controller/UserController.class.php 第 36 行.
SQL: SHOW COLUMNS FROM `dd_user` [ RunTime:0.0006s ]
SQL: SELECT COUNT(*) AS tp_count FROM `dd_user` LIMIT 1   [ RunTime:0.0003s ]
SQL: SELECT * FROM `dd_user` ORDER BY agent3 desc LIMIT 0,25   [ RunTime:0.0005s ]
INFO: [ view_parse ] --START--
INFO: [ template_filter ] --START--
INFO: Run Behavior\ContentReplaceBehavior [ RunTime:0.000121s ]
INFO: [ template_filter ] --END-- [ RunTime:0.000389s ]
NOTIC: [8] Undefined index: level /app/wwwroot/mall-sheeu/Application/Runtime/Cache/Admin/65e605872ed5d34210f5b33beb13f5a3.php 第 158 行.
NOTIC: [8] Undefined index: id /app/wwwroot/mall-sheeu/Application/Runtime/Cache/Admin/65e605872ed5d34210f5b33beb13f5a3.php 第 164 行.
INFO: Run Behavior\ParseTemplateBehavior [ RunTime:0.051565s ]
INFO: [ view_parse ] --END-- [ RunTime:0.051876s ]
INFO: [ view_filter ] --START--
INFO: Run Behavior\WriteHtmlCacheBehavior [ RunTime:0.001851s ]
INFO: [ view_filter ] --END-- [ RunTime:0.002095s ]
INFO: [ app_end ] --START--
INFO: Run Behavior\ShowPageTraceBehavior [ RunTime:0.001789s ]
INFO: [ app_end ] --END-- [ RunTime:0.002118s ]

[ 2018-08-13T17:35:18+08:00 ] 192.168.56.2 /bst_admin.php?m=Admin&c=User&a=index&order=agent3&type=asc
INFO: [ app_init ] --START--
INFO: Run Behavior\BuildLiteBehavior [ RunTime:0.000044s ]
INFO: [ app_init ] --END-- [ RunTime:0.000315s ]
INFO: [ app_begin ] --START--
INFO: Run Behavior\ReadHtmlCacheBehavior [ RunTime:0.000796s ]
INFO: [ app_begin ] --END-- [ RunTime:0.001049s ]
SQL: SHOW COLUMNS FROM `dd_config` [ RunTime:0.0006s ]
SQL: SELECT * FROM `dd_config`  [ RunTime:0.0002s ]
NOTIC: [8] Undefined index: reset /app/wwwroot/mall-sheeu/Application/Admin/Controller/UserController.class.php 第 16 行.
NOTIC: [8] Undefined variable: where /app/wwwroot/mall-sheeu/Application/Admin/Controller/UserController.class.php 第 36 行.
SQL: SHOW COLUMNS FROM `dd_user` [ RunTime:0.0006s ]
SQL: SELECT COUNT(*) AS tp_count FROM `dd_user` LIMIT 1   [ RunTime:0.0002s ]
SQL: SELECT * FROM `dd_user` ORDER BY agent3 asc LIMIT 0,25   [ RunTime:0.0005s ]
INFO: [ view_parse ] --START--
INFO: [ template_filter ] --START--
INFO: Run Behavior\ContentReplaceBehavior [ RunTime:0.000123s ]
INFO: [ template_filter ] --END-- [ RunTime:0.000361s ]
NOTIC: [8] Undefined index: level /app/wwwroot/mall-sheeu/Application/Runtime/Cache/Admin/65e605872ed5d34210f5b33beb13f5a3.php 第 158 行.
NOTIC: [8] Undefined index: id /app/wwwroot/mall-sheeu/Application/Runtime/Cache/Admin/65e605872ed5d34210f5b33beb13f5a3.php 第 164 行.
INFO: Run Behavior\ParseTemplateBehavior [ RunTime:0.047697s ]
INFO: [ view_parse ] --END-- [ RunTime:0.047954s ]
INFO: [ view_filter ] --START--
INFO: Run Behavior\WriteHtmlCacheBehavior [ RunTime:0.001025s ]
INFO: [ view_filter ] --END-- [ RunTime:0.001254s ]
INFO: [ app_end ] --START--
INFO: Run Behavior\ShowPageTraceBehavior [ RunTime:0.000891s ]
INFO: [ app_end ] --END-- [ RunTime:0.001201s ]

[ 2018-08-13T17:35:23+08:00 ] 192.168.56.2 /bst_admin.php?m=Admin&c=Product&a=cate
INFO: [ app_init ] --START--
INFO: Run Behavior\BuildLiteBehavior [ RunTime:0.000054s ]
INFO: [ app_init ] --END-- [ RunTime:0.001084s ]
INFO: [ app_begin ] --START--
INFO: Run Behavior\ReadHtmlCacheBehavior [ RunTime:0.001045s ]
INFO: [ app_begin ] --END-- [ RunTime:0.001360s ]
SQL: SHOW COLUMNS FROM `dd_config` [ RunTime:0.0006s ]
SQL: SELECT * FROM `dd_config`  [ RunTime:0.0003s ]
SQL: SHOW COLUMNS FROM `dd_product_cate` [ RunTime:0.0007s ]
SQL: SELECT * FROM `dd_product_cate` ORDER BY sort desc  [ RunTime:0.0003s ]
INFO: [ view_parse ] --START--
INFO: [ template_filter ] --START--
INFO: Run Behavior\ContentReplaceBehavior [ RunTime:0.000134s ]
INFO: [ template_filter ] --END-- [ RunTime:0.000387s ]
INFO: Run Behavior\ParseTemplateBehavior [ RunTime:0.035799s ]
INFO: [ view_parse ] --END-- [ RunTime:0.036081s ]
INFO: [ view_filter ] --START--
INFO: Run Behavior\WriteHtmlCacheBehavior [ RunTime:0.002207s ]
INFO: [ view_filter ] --END-- [ RunTime:0.002456s ]
INFO: [ app_end ] --START--
INFO: Run Behavior\ShowPageTraceBehavior [ RunTime:0.002082s ]
INFO: [ app_end ] --END-- [ RunTime:0.002329s ]

[ 2018-08-13T17:35:37+08:00 ] 192.168.56.2 /bst_admin.php?m=Admin&c=Config&a=banner
INFO: [ app_init ] --START--
INFO: Run Behavior\BuildLiteBehavior [ RunTime:0.000052s ]
INFO: [ app_init ] --END-- [ RunTime:0.000760s ]
INFO: [ app_begin ] --START--
INFO: Run Behavior\ReadHtmlCacheBehavior [ RunTime:0.000865s ]
INFO: [ app_begin ] --END-- [ RunTime:0.001199s ]
SQL: SHOW COLUMNS FROM `dd_config` [ RunTime:0.0006s ]
SQL: SELECT * FROM `dd_config`  [ RunTime:0.0003s ]
INFO: [ app_end ] --START--
INFO: Run Behavior\ShowPageTraceBehavior [ RunTime:0.001347s ]
INFO: [ app_end ] --END-- [ RunTime:0.001591s ]

[ 2018-08-13T17:35:47+08:00 ] 192.168.56.2 /bst_admin.php?m=Admin&c=Config&a=tpl
INFO: [ app_init ] --START--
INFO: Run Behavior\BuildLiteBehavior [ RunTime:0.000048s ]
INFO: [ app_init ] --END-- [ RunTime:0.000731s ]
INFO: [ app_begin ] --START--
INFO: Run Behavior\ReadHtmlCacheBehavior [ RunTime:0.000933s ]
INFO: [ app_begin ] --END-- [ RunTime:0.001202s ]
SQL: SHOW COLUMNS FROM `dd_config` [ RunTime:0.0006s ]
SQL: SELECT * FROM `dd_config`  [ RunTime:0.0003s ]
INFO: [ view_parse ] --START--
INFO: [ template_filter ] --START--
INFO: Run Behavior\ContentReplaceBehavior [ RunTime:0.000119s ]
INFO: [ template_filter ] --END-- [ RunTime:0.000372s ]
INFO: Run Behavior\ParseTemplateBehavior [ RunTime:0.040992s ]
INFO: [ view_parse ] --END-- [ RunTime:0.041270s ]
INFO: [ view_filter ] --START--
INFO: Run Behavior\WriteHtmlCacheBehavior [ RunTime:0.001901s ]
INFO: [ view_filter ] --END-- [ RunTime:0.002140s ]
INFO: [ app_end ] --START--
INFO: Run Behavior\ShowPageTraceBehavior [ RunTime:0.001665s ]
INFO: [ app_end ] --END-- [ RunTime:0.001959s ]

[ 2018-08-13T17:35:52+08:00 ] 192.168.56.2 /bst_admin.php?m=Admin&c=Config&a=tpl
INFO: [ app_init ] --START--
INFO: Run Behavior\BuildLiteBehavior [ RunTime:0.000049s ]
INFO: [ app_init ] --END-- [ RunTime:0.000917s ]
INFO: [ app_begin ] --START--
INFO: Run Behavior\ReadHtmlCacheBehavior [ RunTime:0.000919s ]
INFO: [ app_begin ] --END-- [ RunTime:0.001165s ]
SQL: SHOW COLUMNS FROM `dd_config` [ RunTime:0.0007s ]
SQL: SELECT * FROM `dd_config`  [ RunTime:0.0003s ]
SQL: UPDATE `dd_config` SET `value`='a:1:{s:5:\"index\";s:12:\"searchbanner\";}' WHERE `name` = 'tpl' [ RunTime:0.0004s ]
INFO: [ view_parse ] --START--
INFO: [ template_filter ] --START--
INFO: Run Behavior\ContentReplaceBehavior [ RunTime:0.000107s ]
INFO: [ template_filter ] --END-- [ RunTime:0.000353s ]
INFO: Run Behavior\ParseTemplateBehavior [ RunTime:0.018626s ]
INFO: [ view_parse ] --END-- [ RunTime:0.018891s ]
INFO: [ view_filter ] --START--
INFO: Run Behavior\WriteHtmlCacheBehavior [ RunTime:0.000981s ]
INFO: [ view_filter ] --END-- [ RunTime:0.001209s ]

[ 2018-08-13T17:35:54+08:00 ] 192.168.56.2 /bst_admin.php?m=Admin&c=Config&a=tpl
INFO: [ app_init ] --START--
INFO: Run Behavior\BuildLiteBehavior [ RunTime:0.000102s ]
INFO: [ app_init ] --END-- [ RunTime:0.000858s ]
INFO: [ app_begin ] --START--
INFO: Run Behavior\ReadHtmlCacheBehavior [ RunTime:0.001677s ]
INFO: [ app_begin ] --END-- [ RunTime:0.002376s ]
SQL: SHOW COLUMNS FROM `dd_config` [ RunTime:0.0012s ]
SQL: SELECT * FROM `dd_config`  [ RunTime:0.0005s ]
INFO: [ view_parse ] --START--
INFO: [ template_filter ] --START--
INFO: Run Behavior\ContentReplaceBehavior [ RunTime:0.000163s ]
INFO: [ template_filter ] --END-- [ RunTime:0.000535s ]
INFO: Run Behavior\ParseTemplateBehavior [ RunTime:0.050025s ]
INFO: [ view_parse ] --END-- [ RunTime:0.050470s ]
INFO: [ view_filter ] --START--
INFO: Run Behavior\WriteHtmlCacheBehavior [ RunTime:0.001126s ]
INFO: [ view_filter ] --END-- [ RunTime:0.001366s ]
INFO: [ app_end ] --START--
INFO: Run Behavior\ShowPageTraceBehavior [ RunTime:0.003262s ]
INFO: [ app_end ] --END-- [ RunTime:0.003515s ]

[ 2018-08-13T17:37:26+08:00 ] 192.168.56.2 /bst_admin.php?m=Admin&c=Config&a=level
INFO: [ app_init ] --START--
INFO: Run Behavior\BuildLiteBehavior [ RunTime:0.000049s ]
INFO: [ app_init ] --END-- [ RunTime:0.000778s ]
INFO: [ app_begin ] --START--
INFO: Run Behavior\ReadHtmlCacheBehavior [ RunTime:0.001278s ]
INFO: [ app_begin ] --END-- [ RunTime:0.001537s ]
SQL: SHOW COLUMNS FROM `dd_config` [ RunTime:0.0007s ]
SQL: SELECT * FROM `dd_config`  [ RunTime:0.0002s ]
INFO: [ view_parse ] --START--
INFO: [ template_filter ] --START--
INFO: Run Behavior\ContentReplaceBehavior [ RunTime:0.000198s ]
INFO: [ template_filter ] --END-- [ RunTime:0.000517s ]
INFO: Run Behavior\ParseTemplateBehavior [ RunTime:0.038302s ]
INFO: [ view_parse ] --END-- [ RunTime:0.038569s ]
INFO: [ view_filter ] --START--
INFO: Run Behavior\WriteHtmlCacheBehavior [ RunTime:0.002259s ]
INFO: [ view_filter ] --END-- [ RunTime:0.002497s ]
INFO: [ app_end ] --START--
INFO: Run Behavior\ShowPageTraceBehavior [ RunTime:0.001666s ]
INFO: [ app_end ] --END-- [ RunTime:0.001918s ]

[ 2018-08-13T17:37:53+08:00 ] 192.168.56.2 /bst_admin.php?m=Admin&c=Config&a=css
INFO: [ app_init ] --START--
INFO: Run Behavior\BuildLiteBehavior [ RunTime:0.000050s ]
INFO: [ app_init ] --END-- [ RunTime:0.001129s ]
INFO: [ app_begin ] --START--
INFO: Run Behavior\ReadHtmlCacheBehavior [ RunTime:0.001207s ]
INFO: [ app_begin ] --END-- [ RunTime:0.001470s ]
SQL: SHOW COLUMNS FROM `dd_config` [ RunTime:0.0006s ]
SQL: SELECT * FROM `dd_config`  [ RunTime:0.0003s ]
INFO: [ view_parse ] --START--
INFO: [ template_filter ] --START--
INFO: Run Behavior\ContentReplaceBehavior [ RunTime:0.000108s ]
INFO: [ template_filter ] --END-- [ RunTime:0.000348s ]
INFO: Run Behavior\ParseTemplateBehavior [ RunTime:0.036369s ]
INFO: [ view_parse ] --END-- [ RunTime:0.036625s ]
INFO: [ view_filter ] --START--
INFO: Run Behavior\WriteHtmlCacheBehavior [ RunTime:0.003213s ]
INFO: [ view_filter ] --END-- [ RunTime:0.003450s ]
INFO: [ app_end ] --START--
INFO: Run Behavior\ShowPageTraceBehavior [ RunTime:0.001854s ]
INFO: [ app_end ] --END-- [ RunTime:0.002133s ]

[ 2018-08-13T17:37:56+08:00 ] 192.168.56.2 /bst_admin.php?m=Admin&c=Config&a=tpl
INFO: [ app_init ] --START--
INFO: Run Behavior\BuildLiteBehavior [ RunTime:0.000052s ]
INFO: [ app_init ] --END-- [ RunTime:0.001241s ]
INFO: [ app_begin ] --START--
INFO: Run Behavior\ReadHtmlCacheBehavior [ RunTime:0.001375s ]
INFO: [ app_begin ] --END-- [ RunTime:0.001642s ]
SQL: SHOW COLUMNS FROM `dd_config` [ RunTime:0.0005s ]
SQL: SELECT * FROM `dd_config`  [ RunTime:0.0003s ]
INFO: [ view_parse ] --START--
INFO: [ template_filter ] --START--
INFO: Run Behavior\ContentReplaceBehavior [ RunTime:0.000197s ]
INFO: [ template_filter ] --END-- [ RunTime:0.000564s ]
INFO: Run Behavior\ParseTemplateBehavior [ RunTime:0.041744s ]
INFO: [ view_parse ] --END-- [ RunTime:0.042008s ]
INFO: [ view_filter ] --START--
INFO: Run Behavior\WriteHtmlCacheBehavior [ RunTime:0.002165s ]
INFO: [ view_filter ] --END-- [ RunTime:0.002543s ]
INFO: [ app_end ] --START--
INFO: Run Behavior\ShowPageTraceBehavior [ RunTime:0.002492s ]
INFO: [ app_end ] --END-- [ RunTime:0.002928s ]

